#
# There is insufficient memory for the Java Runtime Environment to continue.
# Native memory allocation (malloc) failed to allocate 1776496 bytes for Chunk::new
# Possible reasons:
#   The system is out of physical RAM or swap space
#   The process is running with CompressedOops enabled, and the Java Heap may be blocking the growth of the native heap
# Possible solutions:
#   Reduce memory load on the system
#   Increase physical memory or swap space
#   Check if swap backing store is full
#   Decrease Java heap size (-Xmx/-Xms)
#   Decrease number of Java threads
#   Decrease Java thread stack sizes (-Xss)
#   Set larger code cache with -XX:ReservedCodeCacheSize=
#   JVM is running with Unscaled Compressed Oops mode in which the Java heap is
#     placed in the first 4GB address space. The Java Heap base address is the
#     maximum limit for the native heap growth. Please use -XX:HeapBaseMinAddress
#     to set the Java Heap base and to place the Java Heap above 4GB virtual address.
# This output file may be truncated or incomplete.
#
#  Out of Memory Error (./src/hotspot/share/memory/arena.cpp:197), pid=20056, tid=12508
#
# JRE version: OpenJDK Runtime Environment Temurin-11.0.15+10 (11.0.15+10) (build 11.0.15+10)
# Java VM: OpenJDK 64-Bit Server VM Temurin-11.0.15+10 (11.0.15+10, mixed mode, tiered, compressed oops, g1 gc, windows-amd64)
# No core dump will be written. Minidumps are not enabled by default on client versions of Windows
#

---------------  S U M M A R Y ------------

Command Line: --add-opens=java.base/java.util=ALL-UNNAMED --add-opens=java.base/java.lang=ALL-UNNAMED --add-opens=java.base/java.lang.invoke=ALL-UNNAMED --add-opens=java.base/java.util=ALL-UNNAMED --add-opens=java.prefs/java.util.prefs=ALL-UNNAMED --add-opens=java.prefs/java.util.prefs=ALL-UNNAMED --add-opens=java.base/java.nio.charset=ALL-UNNAMED --add-opens=java.base/java.net=ALL-UNNAMED --add-opens=java.base/java.util.concurrent.atomic=ALL-UNNAMED -XX:MaxMetaspaceSize=256m -XX:+HeapDumpOnOutOfMemoryError -Xms256m -Xmx512m -Dfile.encoding=windows-1251 -Duser.country=RU -Duser.language=ru -Duser.variant org.gradle.launcher.daemon.bootstrap.GradleDaemon 7.4

Host: AMD Ryzen 5 3500U with Radeon Vega Mobile Gfx  , 8 cores, 6G,  Windows 11 , 64 bit Build 22000 (10.0.22000.1335)
Time: Thu Mar  2 15:46:35 2023 RTZ 2 (s 11 , 64 bit Build 22000 (10.0.22000.1335) elapsed time: 15.639105 seconds (0d 0h 0m 15s)

---------------  T H R E A D  ---------------

Current thread (0x00000206e8d29800):  JavaThread "C2 CompilerThread1" daemon [_thread_in_native, id=12508, stack(0x000000c9fc600000,0x000000c9fc700000)]


Current CompileTask:
C2:  15639 6084       4       org.gradle.api.internal.tasks.compile.incremental.serialization.HierarchicalNameSerializer::readName (51 bytes)

Stack: [0x000000c9fc600000,0x000000c9fc700000]
Native frames: (J=compiled Java code, j=interpreted, Vv=VM code, C=native code)
V  [jvm.dll+0x61e72a]
V  [jvm.dll+0x7aae49]
V  [jvm.dll+0x7ac538]
V  [jvm.dll+0x7acc13]
V  [jvm.dll+0x24fb28]
V  [jvm.dll+0xc262c]
V  [jvm.dll+0xc2bec]
V  [jvm.dll+0x359b17]
V  [jvm.dll+0x325ca3]
V  [jvm.dll+0x324fda]
V  [jvm.dll+0x208d75]
V  [jvm.dll+0x207f5d]
V  [jvm.dll+0x18a361]
V  [jvm.dll+0x2178a4]
V  [jvm.dll+0x215aeb]
V  [jvm.dll+0x76d950]
V  [jvm.dll+0x7668b4]
V  [jvm.dll+0x61d586]
C  [ucrtbase.dll+0x26c0c]
C  [KERNEL32.DLL+0x155a0]
C  [ntdll.dll+0x485b]


---------------  P R O C E S S  ---------------

Threads class SMR info:
_java_thread_list=0x00000206ea874af0, length=141, elements={
0x00000206cb110000, 0x00000206e68fe800, 0x00000206e6908000, 0x00000206e727a800,
0x00000206e727b800, 0x00000206e727d000, 0x00000206e7281800, 0x00000206e7282800,
0x00000206e7294000, 0x00000206e73f0000, 0x00000206e99ed800, 0x00000206e7565000,
0x00000206ea1c9000, 0x00000206e8c40800, 0x00000206e96cb800, 0x00000206e92a7800,
0x00000206e95fb800, 0x00000206e8cba800, 0x00000206e8cbb800, 0x00000206e9842800,
0x00000206e984b000, 0x00000206e9850000, 0x00000206e984f000, 0x00000206e984e800,
0x00000206e984a800, 0x00000206e9851000, 0x00000206e984c000, 0x00000206e984c800,
0x00000206e984d800, 0x00000206e890c000, 0x00000206e890c800, 0x00000206e890a000,
0x00000206e8d29800, 0x00000206e890e000, 0x00000206e890f000, 0x00000206e8909800,
0x00000206e8910800, 0x00000206e8910000, 0x00000206e890b000, 0x00000206e8915000,
0x00000206e8915800, 0x00000206e8913000, 0x00000206e8916800, 0x00000206e8914000,
0x00000206e8911800, 0x00000206e8917000, 0x00000206e8918000, 0x00000206e8912800,
0x00000206ed0b4000, 0x00000206ed0b0800, 0x00000206ed0b0000, 0x00000206ed0b3000,
0x00000206ed0b1800, 0x00000206ed0b2800, 0x00000206ed0ae000, 0x00000206ed0af000,
0x00000206ed0b5800, 0x00000206ed0b6800, 0x00000206ed0b9800, 0x00000206ed0ba800,
0x00000206ed0b4800, 0x00000206ed0bd000, 0x00000206ed0bb000, 0x00000206ed0b7000,
0x00000206ed0bc000, 0x00000206ed0b8000, 0x00000206ed0b9000, 0x00000206eaac5000,
0x00000206eaac5800, 0x00000206eaac9000, 0x00000206eaac4000, 0x00000206eaac7000,
0x00000206eaac8000, 0x00000206eaac3000, 0x00000206eaacb800, 0x00000206eaac6800,
0x00000206eaacd000, 0x00000206eaac9800, 0x00000206eaacc000, 0x00000206eaacf800,
0x00000206eaaca800, 0x00000206eaacd800, 0x00000206eaad2000, 0x00000206eaace800,
0x00000206eaad0000, 0x00000206eaad1000, 0x00000206ed48b000, 0x00000206ed48b800,
0x00000206ed488800, 0x00000206ed48c800, 0x00000206ed487000, 0x00000206ed489800,
0x00000206ed48a000, 0x00000206ed48d800, 0x00000206ed487800, 0x00000206ed48f000,
0x00000206ed494000, 0x00000206ed48e000, 0x00000206ed492800, 0x00000206ed491800,
0x00000206ed495800, 0x00000206ed493000, 0x00000206ed494800, 0x00000206ed490000,
0x00000206ed490800, 0x00000206eafde800, 0x00000206eafdd800, 0x00000206eafe0000,
0x00000206eafdf800, 0x00000206eafe1000, 0x00000206eafe2000, 0x00000206eafdc000,
0x00000206eafe2800, 0x00000206eafdd000, 0x00000206eafe8800, 0x00000206eafe9000,
0x00000206eafe7800, 0x00000206eafe3800, 0x00000206eafea000, 0x00000206eafe6000,
0x00000206eafe4000, 0x00000206eafea800, 0x00000206eafe5000, 0x00000206eafe6800,
0x00000206eafb8000, 0x00000206eafbd000, 0x00000206eafbc000, 0x00000206eafbb800,
0x00000206eafb7800, 0x00000206eafbe000, 0x00000206eafbe800, 0x00000206eafb9000,
0x00000206eafba800, 0x00000206eafbf800, 0x00000206eafb9800, 0x00000206eafc6000,
0x00000206eafc2000, 0x00000206eafc0800, 0x00000206eafc1000, 0x00000206eafc2800,
0x00000206eafc3800
}

Java Threads: ( => current thread )
  0x00000206cb110000 JavaThread "main" [_thread_blocked, id=13716, stack(0x000000c9f9500000,0x000000c9f9600000)]
  0x00000206e68fe800 JavaThread "Reference Handler" daemon [_thread_blocked, id=18912, stack(0x000000c9f9c00000,0x000000c9f9d00000)]
  0x00000206e6908000 JavaThread "Finalizer" daemon [_thread_blocked, id=15032, stack(0x000000c9f9d00000,0x000000c9f9e00000)]
  0x00000206e727a800 JavaThread "Signal Dispatcher" daemon [_thread_blocked, id=13764, stack(0x000000c9f9e00000,0x000000c9f9f00000)]
  0x00000206e727b800 JavaThread "Attach Listener" daemon [_thread_blocked, id=2064, stack(0x000000c9f9f00000,0x000000c9fa000000)]
  0x00000206e727d000 JavaThread "Service Thread" daemon [_thread_blocked, id=21888, stack(0x000000c9fa000000,0x000000c9fa100000)]
  0x00000206e7281800 JavaThread "C2 CompilerThread0" daemon [_thread_in_native, id=17972, stack(0x000000c9fa100000,0x000000c9fa200000)]
  0x00000206e7282800 JavaThread "C1 CompilerThread0" daemon [_thread_blocked, id=2188, stack(0x000000c9fa200000,0x000000c9fa300000)]
  0x00000206e7294000 JavaThread "Sweeper thread" daemon [_thread_blocked, id=6904, stack(0x000000c9fa300000,0x000000c9fa400000)]
  0x00000206e73f0000 JavaThread "Common-Cleaner" daemon [_thread_blocked, id=2312, stack(0x000000c9fa400000,0x000000c9fa500000)]
  0x00000206e99ed800 JavaThread "Daemon health stats" [_thread_blocked, id=22040, stack(0x000000c9fac00000,0x000000c9fad00000)]
  0x00000206e7565000 JavaThread "Incoming local TCP Connector on port 51025" [_thread_in_native, id=14868, stack(0x000000c9fa600000,0x000000c9fa700000)]
  0x00000206ea1c9000 JavaThread "Daemon periodic checks" [_thread_blocked, id=3884, stack(0x000000c9fad00000,0x000000c9fae00000)]
  0x00000206e8c40800 JavaThread "Daemon" [_thread_blocked, id=20116, stack(0x000000c9fae00000,0x000000c9faf00000)]
  0x00000206e96cb800 JavaThread "Handler for socket connection from /127.0.0.1:51025 to /127.0.0.1:51026" [_thread_in_native, id=21464, stack(0x000000c9faf00000,0x000000c9fb000000)]
  0x00000206e92a7800 JavaThread "Cancel handler" [_thread_blocked, id=13176, stack(0x000000c9fb000000,0x000000c9fb100000)]
  0x00000206e95fb800 JavaThread "Daemon worker" [_thread_blocked, id=22596, stack(0x000000c9fb100000,0x000000c9fb200000)]
  0x00000206e8cba800 JavaThread "Asynchronous log dispatcher for DefaultDaemonConnection: socket connection from /127.0.0.1:51025 to /127.0.0.1:51026" [_thread_blocked, id=13688, stack(0x000000c9fb200000,0x000000c9fb300000)]
  0x00000206e8cbb800 JavaThread "Stdin handler" [_thread_blocked, id=18136, stack(0x000000c9fb300000,0x000000c9fb400000)]
  0x00000206e9842800 JavaThread "Daemon client event forwarder" [_thread_blocked, id=18836, stack(0x000000c9fb400000,0x000000c9fb500000)]
  0x00000206e984b000 JavaThread "Cache worker for journal cache (C:\Users\79818\.gradle\caches\journal-1)" [_thread_blocked, id=7572, stack(0x000000c9fb900000,0x000000c9fba00000)]
  0x00000206e9850000 JavaThread "File lock request listener" [_thread_in_native, id=19940, stack(0x000000c9fba00000,0x000000c9fbb00000)]
  0x00000206e984f000 JavaThread "Cache worker for file hash cache (C:\Users\79818\.gradle\caches\7.4\fileHashes)" [_thread_blocked, id=24568, stack(0x000000c9fbb00000,0x000000c9fbc00000)]
  0x00000206e984e800 JavaThread "File watcher server" daemon [_thread_in_native, id=3936, stack(0x000000c9fbe00000,0x000000c9fbf00000)]
  0x00000206e984a800 JavaThread "File watcher consumer" daemon [_thread_blocked, id=21016, stack(0x000000c9fbf00000,0x000000c9fc000000)]
  0x00000206e9851000 JavaThread "Cache worker for checksums cache (C:\Diploma\.gradle\7.4\checksums)" [_thread_blocked, id=10676, stack(0x000000c9fc000000,0x000000c9fc100000)]
  0x00000206e984c000 JavaThread "Cache worker for cache directory md-rule (C:\Users\79818\.gradle\caches\7.4\md-rule)" [_thread_blocked, id=11032, stack(0x000000c9fc100000,0x000000c9fc200000)]
  0x00000206e984c800 JavaThread "Cache worker for file hash cache (C:\Diploma\.gradle\7.4\fileHashes)" [_thread_blocked, id=18792, stack(0x000000c9fc200000,0x000000c9fc300000)]
  0x00000206e984d800 JavaThread "Cache worker for cache directory md-supplier (C:\Users\79818\.gradle\caches\7.4\md-supplier)" [_thread_blocked, id=15344, stack(0x000000c9fc300000,0x000000c9fc400000)]
  0x00000206e890c000 JavaThread "Cache worker for execution history cache (C:\Users\79818\.gradle\caches\7.4\executionHistory)" [_thread_blocked, id=15648, stack(0x000000c9fc400000,0x000000c9fc500000)]
  0x00000206e890c800 JavaThread "jar transforms" [_thread_blocked, id=3552, stack(0x000000c9fbd00000,0x000000c9fbe00000)]
  0x00000206e890a000 JavaThread "jar transforms Thread 2" [_thread_blocked, id=16652, stack(0x000000c9fc500000,0x000000c9fc600000)]
=>0x00000206e8d29800 JavaThread "C2 CompilerThread1" daemon [_thread_in_native, id=12508, stack(0x000000c9fc600000,0x000000c9fc700000)]
  0x00000206e890e000 JavaThread "Cache worker for file content cache (C:\Users\79818\.gradle\caches\7.4\fileContent)" [_thread_blocked, id=16564, stack(0x000000c9fc700000,0x000000c9fc800000)]
  0x00000206e890f000 JavaThread "jar transforms Thread 3" [_thread_blocked, id=16148, stack(0x000000c9fc800000,0x000000c9fc900000)]
  0x00000206e8909800 JavaThread "jar transforms Thread 4" [_thread_blocked, id=18360, stack(0x000000c9fc900000,0x000000c9fca00000)]
  0x00000206e8910800 JavaThread "jar transforms Thread 5" [_thread_blocked, id=8464, stack(0x000000c9fca00000,0x000000c9fcb00000)]
  0x00000206e8910000 JavaThread "jar transforms Thread 6" [_thread_blocked, id=8720, stack(0x000000c9fcb00000,0x000000c9fcc00000)]
  0x00000206e890b000 JavaThread "jar transforms Thread 7" [_thread_blocked, id=10028, stack(0x000000c9fcc00000,0x000000c9fcd00000)]
  0x00000206e8915000 JavaThread "jar transforms Thread 8" [_thread_blocked, id=8728, stack(0x000000c9fcd00000,0x000000c9fce00000)]
  0x00000206e8915800 JavaThread "Cache worker for dependencies-accessors (C:\Diploma\.gradle\7.4\dependencies-accessors)" [_thread_blocked, id=23728, stack(0x000000c9fce00000,0x000000c9fcf00000)]
  0x00000206e8913000 JavaThread "Cache worker for Build Output Cleanup Cache (C:\Diploma\.gradle\buildOutputCleanup)" [_thread_blocked, id=24428, stack(0x000000c9fcf00000,0x000000c9fd000000)]
  0x00000206e8916800 JavaThread "Unconstrained build operations" [_thread_blocked, id=15184, stack(0x000000c9fd000000,0x000000c9fd100000)]
  0x00000206e8914000 JavaThread "Memory manager" [_thread_blocked, id=9684, stack(0x000000c9fd100000,0x000000c9fd200000)]
  0x00000206e8911800 JavaThread "included builds" [_thread_blocked, id=15812, stack(0x000000c9fd200000,0x000000c9fd300000)]
  0x00000206e8917000 JavaThread "Execution worker for ':'" [_thread_blocked, id=12124, stack(0x000000c9fd300000,0x000000c9fd400000)]
  0x00000206e8918000 JavaThread "Execution worker for ':' Thread 2" [_thread_blocked, id=8384, stack(0x000000c9fd400000,0x000000c9fd500000)]
  0x00000206e8912800 JavaThread "Execution worker for ':' Thread 3" [_thread_in_native, id=8596, stack(0x000000c9fd500000,0x000000c9fd600000)]
  0x00000206ed0b4000 JavaThread "Execution worker for ':' Thread 4" [_thread_blocked, id=4052, stack(0x000000c9fd600000,0x000000c9fd700000)]
  0x00000206ed0b0800 JavaThread "Execution worker for ':' Thread 5" [_thread_blocked, id=22652, stack(0x000000c9fd700000,0x000000c9fd800000)]
  0x00000206ed0b0000 JavaThread "Execution worker for ':' Thread 6" [_thread_blocked, id=22200, stack(0x000000c9fd800000,0x000000c9fd900000)]
  0x00000206ed0b3000 JavaThread "Execution worker for ':' Thread 7" [_thread_blocked, id=16612, stack(0x000000c9fd900000,0x000000c9fda00000)]
  0x00000206ed0b1800 JavaThread "Cache worker for execution history cache (C:\Diploma\.gradle\7.4\executionHistory)" [_thread_blocked, id=9168, stack(0x000000c9fda00000,0x000000c9fdb00000)]
  0x00000206ed0b2800 JavaThread "Unconstrained build operations Thread 2" [_thread_blocked, id=17552, stack(0x000000c9fdb00000,0x000000c9fdc00000)]
  0x00000206ed0ae000 JavaThread "Unconstrained build operations Thread 3" [_thread_blocked, id=24004, stack(0x000000c9fdc00000,0x000000c9fdd00000)]
  0x00000206ed0af000 JavaThread "Unconstrained build operations Thread 4" [_thread_blocked, id=12248, stack(0x000000c9fdd00000,0x000000c9fde00000)]
  0x00000206ed0b5800 JavaThread "Unconstrained build operations Thread 5" [_thread_blocked, id=21276, stack(0x000000c9fde00000,0x000000c9fdf00000)]
  0x00000206ed0b6800 JavaThread "Unconstrained build operations Thread 6" [_thread_blocked, id=18144, stack(0x000000c9fdf00000,0x000000c9fe000000)]
  0x00000206ed0b9800 JavaThread "Unconstrained build operations Thread 7" [_thread_blocked, id=4536, stack(0x000000c9fe000000,0x000000c9fe100000)]
  0x00000206ed0ba800 JavaThread "Unconstrained build operations Thread 8" [_thread_blocked, id=13244, stack(0x000000c9fe100000,0x000000c9fe200000)]
  0x00000206ed0b4800 JavaThread "Unconstrained build operations Thread 9" [_thread_blocked, id=20652, stack(0x000000c9fe200000,0x000000c9fe300000)]
  0x00000206ed0bd000 JavaThread "Unconstrained build operations Thread 10" [_thread_blocked, id=20192, stack(0x000000c9fe300000,0x000000c9fe400000)]
  0x00000206ed0bb000 JavaThread "Unconstrained build operations Thread 11" [_thread_blocked, id=12376, stack(0x000000c9fe400000,0x000000c9fe500000)]
  0x00000206ed0b7000 JavaThread "Unconstrained build operations Thread 12" [_thread_blocked, id=20568, stack(0x000000c9fe500000,0x000000c9fe600000)]
  0x00000206ed0bc000 JavaThread "Unconstrained build operations Thread 13" [_thread_blocked, id=18436, stack(0x000000c9fe600000,0x000000c9fe700000)]
  0x00000206ed0b8000 JavaThread "Unconstrained build operations Thread 14" [_thread_blocked, id=12584, stack(0x000000c9fe700000,0x000000c9fe800000)]
  0x00000206ed0b9000 JavaThread "Unconstrained build operations Thread 15" [_thread_blocked, id=7388, stack(0x000000c9fe800000,0x000000c9fe900000)]
  0x00000206eaac5000 JavaThread "Unconstrained build operations Thread 16" [_thread_blocked, id=4424, stack(0x000000c9fe900000,0x000000c9fea00000)]
  0x00000206eaac5800 JavaThread "Unconstrained build operations Thread 17" [_thread_blocked, id=12300, stack(0x000000c9fea00000,0x000000c9feb00000)]
  0x00000206eaac9000 JavaThread "Unconstrained build operations Thread 18" [_thread_blocked, id=25964, stack(0x000000c9feb00000,0x000000c9fec00000)]
  0x00000206eaac4000 JavaThread "Unconstrained build operations Thread 19" [_thread_blocked, id=13904, stack(0x000000c9fec00000,0x000000c9fed00000)]
  0x00000206eaac7000 JavaThread "Unconstrained build operations Thread 20" [_thread_blocked, id=24424, stack(0x000000c9fed00000,0x000000c9fee00000)]
  0x00000206eaac8000 JavaThread "Unconstrained build operations Thread 21" [_thread_blocked, id=12628, stack(0x000000c9fee00000,0x000000c9fef00000)]
  0x00000206eaac3000 JavaThread "Unconstrained build operations Thread 22" [_thread_blocked, id=20956, stack(0x000000c9fef00000,0x000000c9ff000000)]
  0x00000206eaacb800 JavaThread "Unconstrained build operations Thread 23" [_thread_blocked, id=25084, stack(0x000000c9ff000000,0x000000c9ff100000)]
  0x00000206eaac6800 JavaThread "Unconstrained build operations Thread 24" [_thread_blocked, id=24080, stack(0x000000c9ff100000,0x000000c9ff200000)]
  0x00000206eaacd000 JavaThread "Unconstrained build operations Thread 25" [_thread_blocked, id=25556, stack(0x000000c9ff200000,0x000000c9ff300000)]
  0x00000206eaac9800 JavaThread "Unconstrained build operations Thread 26" [_thread_blocked, id=26048, stack(0x000000c9ff300000,0x000000c9ff400000)]
  0x00000206eaacc000 JavaThread "Unconstrained build operations Thread 27" [_thread_blocked, id=25704, stack(0x000000c9ff400000,0x000000c9ff500000)]
  0x00000206eaacf800 JavaThread "Unconstrained build operations Thread 28" [_thread_blocked, id=15364, stack(0x000000c9ff500000,0x000000c9ff600000)]
  0x00000206eaaca800 JavaThread "Unconstrained build operations Thread 29" [_thread_blocked, id=13540, stack(0x000000c9ff600000,0x000000c9ff700000)]
  0x00000206eaacd800 JavaThread "Unconstrained build operations Thread 30" [_thread_blocked, id=25808, stack(0x000000c9ff700000,0x000000c9ff800000)]
  0x00000206eaad2000 JavaThread "Unconstrained build operations Thread 31" [_thread_blocked, id=7680, stack(0x000000c9ff800000,0x000000c9ff900000)]
  0x00000206eaace800 JavaThread "Unconstrained build operations Thread 32" [_thread_blocked, id=11496, stack(0x000000c9ff900000,0x000000c9ffa00000)]
  0x00000206eaad0000 JavaThread "Unconstrained build operations Thread 33" [_thread_blocked, id=14616, stack(0x000000c9ffa00000,0x000000c9ffb00000)]
  0x00000206eaad1000 JavaThread "Unconstrained build operations Thread 34" [_thread_blocked, id=23272, stack(0x000000c9ffb00000,0x000000c9ffc00000)]
  0x00000206ed48b000 JavaThread "Unconstrained build operations Thread 35" [_thread_blocked, id=17476, stack(0x000000c9ffc00000,0x000000c9ffd00000)]
  0x00000206ed48b800 JavaThread "Unconstrained build operations Thread 36" [_thread_blocked, id=26368, stack(0x000000c9ffd00000,0x000000c9ffe00000)]
  0x00000206ed488800 JavaThread "Unconstrained build operations Thread 37" [_thread_blocked, id=5444, stack(0x000000c9ffe00000,0x000000c9fff00000)]
  0x00000206ed48c800 JavaThread "Unconstrained build operations Thread 38" [_thread_blocked, id=20812, stack(0x000000c9fff00000,0x000000ca00000000)]
  0x00000206ed487000 JavaThread "Unconstrained build operations Thread 39" [_thread_blocked, id=21228, stack(0x000000c980000000,0x000000c980100000)]
  0x00000206ed489800 JavaThread "Unconstrained build operations Thread 40" [_thread_blocked, id=14808, stack(0x000000c980100000,0x000000c980200000)]
  0x00000206ed48a000 JavaThread "Unconstrained build operations Thread 41" [_thread_blocked, id=11944, stack(0x000000c980200000,0x000000c980300000)]
  0x00000206ed48d800 JavaThread "Unconstrained build operations Thread 42" [_thread_blocked, id=10552, stack(0x000000c980300000,0x000000c980400000)]
  0x00000206ed487800 JavaThread "Unconstrained build operations Thread 43" [_thread_blocked, id=13400, stack(0x000000c980400000,0x000000c980500000)]
  0x00000206ed48f000 JavaThread "Unconstrained build operations Thread 44" [_thread_blocked, id=18008, stack(0x000000c980500000,0x000000c980600000)]
  0x00000206ed494000 JavaThread "Unconstrained build operations Thread 45" [_thread_blocked, id=14540, stack(0x000000c980600000,0x000000c980700000)]
  0x00000206ed48e000 JavaThread "Unconstrained build operations Thread 46" [_thread_blocked, id=25800, stack(0x000000c980700000,0x000000c980800000)]
  0x00000206ed492800 JavaThread "Unconstrained build operations Thread 47" [_thread_blocked, id=20308, stack(0x000000c980800000,0x000000c980900000)]
  0x00000206ed491800 JavaThread "Unconstrained build operations Thread 48" [_thread_blocked, id=7192, stack(0x000000c980900000,0x000000c980a00000)]
  0x00000206ed495800 JavaThread "Unconstrained build operations Thread 49" [_thread_blocked, id=1644, stack(0x000000c980a00000,0x000000c980b00000)]
  0x00000206ed493000 JavaThread "Unconstrained build operations Thread 50" [_thread_blocked, id=4172, stack(0x000000c980b00000,0x000000c980c00000)]
  0x00000206ed494800 JavaThread "Unconstrained build operations Thread 51" [_thread_blocked, id=9780, stack(0x000000c980c00000,0x000000c980d00000)]
  0x00000206ed490000 JavaThread "Unconstrained build operations Thread 52" [_thread_blocked, id=6488, stack(0x000000c980d00000,0x000000c980e00000)]
  0x00000206ed490800 JavaThread "Unconstrained build operations Thread 53" [_thread_blocked, id=19856, stack(0x000000c980e00000,0x000000c980f00000)]
  0x00000206eafde800 JavaThread "Unconstrained build operations Thread 54" [_thread_blocked, id=13796, stack(0x000000c980f00000,0x000000c981000000)]
  0x00000206eafdd800 JavaThread "Unconstrained build operations Thread 55" [_thread_blocked, id=14276, stack(0x000000c981000000,0x000000c981100000)]
  0x00000206eafe0000 JavaThread "Unconstrained build operations Thread 56" [_thread_blocked, id=13732, stack(0x000000c981100000,0x000000c981200000)]
  0x00000206eafdf800 JavaThread "Unconstrained build operations Thread 57" [_thread_blocked, id=4824, stack(0x000000c981200000,0x000000c981300000)]
  0x00000206eafe1000 JavaThread "Unconstrained build operations Thread 58" [_thread_blocked, id=26564, stack(0x000000c981300000,0x000000c981400000)]
  0x00000206eafe2000 JavaThread "Unconstrained build operations Thread 59" [_thread_blocked, id=24012, stack(0x000000c981400000,0x000000c981500000)]
  0x00000206eafdc000 JavaThread "Unconstrained build operations Thread 60" [_thread_blocked, id=25344, stack(0x000000c981500000,0x000000c981600000)]
  0x00000206eafe2800 JavaThread "Unconstrained build operations Thread 61" [_thread_blocked, id=7892, stack(0x000000c981600000,0x000000c981700000)]
  0x00000206eafdd000 JavaThread "Unconstrained build operations Thread 62" [_thread_blocked, id=20836, stack(0x000000c981700000,0x000000c981800000)]
  0x00000206eafe8800 JavaThread "Unconstrained build operations Thread 63" [_thread_blocked, id=18088, stack(0x000000c981800000,0x000000c981900000)]
  0x00000206eafe9000 JavaThread "Unconstrained build operations Thread 64" [_thread_blocked, id=24088, stack(0x000000c981900000,0x000000c981a00000)]
  0x00000206eafe7800 JavaThread "Unconstrained build operations Thread 65" [_thread_blocked, id=13636, stack(0x000000c981a00000,0x000000c981b00000)]
  0x00000206eafe3800 JavaThread "Unconstrained build operations Thread 66" [_thread_blocked, id=2328, stack(0x000000c981b00000,0x000000c981c00000)]
  0x00000206eafea000 JavaThread "Unconstrained build operations Thread 67" [_thread_blocked, id=24600, stack(0x000000c981c00000,0x000000c981d00000)]
  0x00000206eafe6000 JavaThread "Unconstrained build operations Thread 68" [_thread_blocked, id=2124, stack(0x000000c981d00000,0x000000c981e00000)]
  0x00000206eafe4000 JavaThread "Unconstrained build operations Thread 69" [_thread_blocked, id=15496, stack(0x000000c981e00000,0x000000c981f00000)]
  0x00000206eafea800 JavaThread "Unconstrained build operations Thread 70" [_thread_blocked, id=24084, stack(0x000000c981f00000,0x000000c982000000)]
  0x00000206eafe5000 JavaThread "Unconstrained build operations Thread 71" [_thread_blocked, id=19164, stack(0x000000c982000000,0x000000c982100000)]
  0x00000206eafe6800 JavaThread "Unconstrained build operations Thread 72" [_thread_blocked, id=8724, stack(0x000000c982100000,0x000000c982200000)]
  0x00000206eafb8000 JavaThread "Unconstrained build operations Thread 73" [_thread_blocked, id=18756, stack(0x000000c982200000,0x000000c982300000)]
  0x00000206eafbd000 JavaThread "Unconstrained build operations Thread 74" [_thread_blocked, id=18828, stack(0x000000c982300000,0x000000c982400000)]
  0x00000206eafbc000 JavaThread "Unconstrained build operations Thread 75" [_thread_blocked, id=21036, stack(0x000000c982400000,0x000000c982500000)]
  0x00000206eafbb800 JavaThread "Unconstrained build operations Thread 76" [_thread_blocked, id=19980, stack(0x000000c982500000,0x000000c982600000)]
  0x00000206eafb7800 JavaThread "Unconstrained build operations Thread 77" [_thread_blocked, id=22788, stack(0x000000c982600000,0x000000c982700000)]
  0x00000206eafbe000 JavaThread "Unconstrained build operations Thread 78" [_thread_blocked, id=7640, stack(0x000000c982700000,0x000000c982800000)]
  0x00000206eafbe800 JavaThread "Unconstrained build operations Thread 79" [_thread_blocked, id=21580, stack(0x000000c982800000,0x000000c982900000)]
  0x00000206eafb9000 JavaThread "Unconstrained build operations Thread 80" [_thread_blocked, id=14788, stack(0x000000c982900000,0x000000c982a00000)]
  0x00000206eafba800 JavaThread "Cache worker for Java compile cache (C:\Users\79818\.gradle\caches\7.4\javaCompile)" [_thread_blocked, id=4040, stack(0x000000c982a00000,0x000000c982b00000)]
  0x00000206eafbf800 JavaThread "Build operations" [_thread_blocked, id=1628, stack(0x000000c982b00000,0x000000c982c00000)]
  0x00000206eafb9800 JavaThread "Build operations Thread 2" [_thread_blocked, id=4868, stack(0x000000c982c00000,0x000000c982d00000)]
  0x00000206eafc6000 JavaThread "Build operations Thread 3" [_thread_blocked, id=21744, stack(0x000000c982d00000,0x000000c982e00000)]
  0x00000206eafc2000 JavaThread "Build operations Thread 4" [_thread_blocked, id=24288, stack(0x000000c982e00000,0x000000c982f00000)]
  0x00000206eafc0800 JavaThread "Build operations Thread 5" [_thread_blocked, id=17072, stack(0x000000c982f00000,0x000000c983000000)]
  0x00000206eafc1000 JavaThread "Build operations Thread 6" [_thread_blocked, id=13516, stack(0x000000c983000000,0x000000c983100000)]
  0x00000206eafc2800 JavaThread "Build operations Thread 7" [_thread_blocked, id=2908, stack(0x000000c983100000,0x000000c983200000)]
  0x00000206eafc3800 JavaThread "Build operations Thread 8" [_thread_blocked, id=11828, stack(0x000000c983200000,0x000000c983300000)]

Other Threads:
  0x00000206e68da800 VMThread "VM Thread" [stack: 0x000000c9f9b00000,0x000000c9f9c00000] [id=23296]
  0x00000206e742f000 WatcherThread [stack: 0x000000c9fa500000,0x000000c9fa600000] [id=24572]
  0x00000206cb12c800 GCTaskThread "GC Thread#0" [stack: 0x000000c9f9600000,0x000000c9f9700000] [id=6164]
  0x00000206e79cc000 GCTaskThread "GC Thread#1" [stack: 0x000000c9fa700000,0x000000c9fa800000] [id=5156]
  0x00000206e8074800 GCTaskThread "GC Thread#2" [stack: 0x000000c9fa800000,0x000000c9fa900000] [id=3152]
  0x00000206e7f1e000 GCTaskThread "GC Thread#3" [stack: 0x000000c9fa900000,0x000000c9faa00000] [id=25888]
  0x00000206e7cc3800 GCTaskThread "GC Thread#4" [stack: 0x000000c9faa00000,0x000000c9fab00000] [id=18252]
  0x00000206e7f60000 GCTaskThread "GC Thread#5" [stack: 0x000000c9fab00000,0x000000c9fac00000] [id=4104]
  0x00000206e96cc800 GCTaskThread "GC Thread#6" [stack: 0x000000c9fb500000,0x000000c9fb600000] [id=3356]
  0x00000206e92a8000 GCTaskThread "GC Thread#7" [stack: 0x000000c9fb600000,0x000000c9fb700000] [id=10428]
  0x00000206cb13f000 ConcurrentGCThread "G1 Main Marker" [stack: 0x000000c9f9700000,0x000000c9f9800000] [id=25848]
  0x00000206cb141000 ConcurrentGCThread "G1 Conc#0" [stack: 0x000000c9f9800000,0x000000c9f9900000] [id=6728]
  0x00000206e9725000 ConcurrentGCThread "G1 Conc#1" [stack: 0x000000c9fbc00000,0x000000c9fbd00000] [id=5384]
  0x00000206cb1ee000 ConcurrentGCThread "G1 Refine#0" [stack: 0x000000c9f9900000,0x000000c9f9a00000] [id=10920]
  0x00000206e7d6f800 ConcurrentGCThread "G1 Refine#1" [stack: 0x000000c9fb700000,0x000000c9fb800000] [id=13632]
  0x00000206e9d43800 ConcurrentGCThread "G1 Refine#2" [stack: 0x000000c9fb800000,0x000000c9fb900000] [id=17156]
  0x00000206e6774800 ConcurrentGCThread "G1 Young RemSet Sampling" [stack: 0x000000c9f9a00000,0x000000c9f9b00000] [id=23872]

Threads with active compile tasks:
C2 CompilerThread0    15693 6105       4       com.google.common.collect.Interners$InternerImpl::intern (50 bytes)
C2 CompilerThread1    15693 6084       4       org.gradle.api.internal.tasks.compile.incremental.serialization.HierarchicalNameSerializer::readName (51 bytes)

VM state:not at safepoint (normal execution)

VM Mutex/Monitor currently owned by a thread: None

Heap address: 0x00000000e0000000, size: 512 MB, Compressed Oops mode: 32-bit
Narrow klass base: 0x0000000000000000, Narrow klass shift: 3
Compressed class space size: 260046848 Address: 0x0000000100000000

Heap:
 garbage-first heap   total 262144K, used 57292K [0x00000000e0000000, 0x0000000100000000)
  region size 1024K, 27 young (27648K), 19 survivors (19456K)
 Metaspace       used 59280K, capacity 61249K, committed 61480K, reserved 307200K
  class space    used 7787K, capacity 8585K, committed 8640K, reserved 253952K
Heap Regions: E=young(eden), S=young(survivor), O=old, HS=humongous(starts), HC=humongous(continues), CS=collection set, F=free, A=archive, TAMS=top-at-mark-start (previous, next)
|   0|0x00000000e0000000, 0x00000000e0100000, 0x00000000e0100000|100%| O|  |TAMS 0x00000000e0100000, 0x00000000e0000000| Untracked 
|   1|0x00000000e0100000, 0x00000000e0200000, 0x00000000e0200000|100%| O|  |TAMS 0x00000000e0200000, 0x00000000e0100000| Untracked 
|   2|0x00000000e0200000, 0x00000000e0300000, 0x00000000e0300000|100%| O|  |TAMS 0x00000000e0300000, 0x00000000e0200000| Untracked 
|   3|0x00000000e0300000, 0x00000000e0400000, 0x00000000e0400000|100%|HS|  |TAMS 0x00000000e0400000, 0x00000000e0300000| Complete 
|   4|0x00000000e0400000, 0x00000000e0500000, 0x00000000e0500000|100%|HC|  |TAMS 0x00000000e0500000, 0x00000000e0400000| Complete 
|   5|0x00000000e0500000, 0x00000000e0600000, 0x00000000e0600000|100%|HC|  |TAMS 0x00000000e0600000, 0x00000000e0500000| Complete 
|   6|0x00000000e0600000, 0x00000000e0700000, 0x00000000e0700000|100%| O|  |TAMS 0x00000000e0700000, 0x00000000e0600000| Untracked 
|   7|0x00000000e0700000, 0x00000000e0800000, 0x00000000e0800000|100%| O|  |TAMS 0x00000000e0800000, 0x00000000e0700000| Untracked 
|   8|0x00000000e0800000, 0x00000000e0900000, 0x00000000e0900000|100%| O|  |TAMS 0x00000000e0900000, 0x00000000e0800000| Untracked 
|   9|0x00000000e0900000, 0x00000000e0a00000, 0x00000000e0a00000|100%| O|  |TAMS 0x00000000e0a00000, 0x00000000e0900000| Untracked 
|  10|0x00000000e0a00000, 0x00000000e0b00000, 0x00000000e0b00000|100%| O|  |TAMS 0x00000000e0b00000, 0x00000000e0a00000| Untracked 
|  11|0x00000000e0b00000, 0x00000000e0c00000, 0x00000000e0c00000|100%| O|  |TAMS 0x00000000e0c00000, 0x00000000e0b00000| Untracked 
|  12|0x00000000e0c00000, 0x00000000e0d00000, 0x00000000e0d00000|100%| O|  |TAMS 0x00000000e0d00000, 0x00000000e0c00000| Untracked 
|  13|0x00000000e0d00000, 0x00000000e0e00000, 0x00000000e0e00000|100%| O|  |TAMS 0x00000000e0e00000, 0x00000000e0d00000| Untracked 
|  14|0x00000000e0e00000, 0x00000000e0f00000, 0x00000000e0f00000|100%| O|  |TAMS 0x00000000e0f00000, 0x00000000e0e00000| Untracked 
|  15|0x00000000e0f00000, 0x00000000e1000000, 0x00000000e1000000|100%| O|  |TAMS 0x00000000e1000000, 0x00000000e0f00000| Untracked 
|  16|0x00000000e1000000, 0x00000000e1100000, 0x00000000e1100000|100%| O|  |TAMS 0x00000000e1100000, 0x00000000e1000000| Untracked 
|  17|0x00000000e1100000, 0x00000000e1200000, 0x00000000e1200000|100%| O|  |TAMS 0x00000000e1200000, 0x00000000e1100000| Untracked 
|  18|0x00000000e1200000, 0x00000000e1300000, 0x00000000e1300000|100%| O|  |TAMS 0x00000000e1300000, 0x00000000e1200000| Untracked 
|  19|0x00000000e1300000, 0x00000000e1400000, 0x00000000e1400000|100%| O|  |TAMS 0x00000000e1400000, 0x00000000e1300000| Untracked 
|  20|0x00000000e1400000, 0x00000000e1500000, 0x00000000e1500000|100%| O|  |TAMS 0x00000000e1500000, 0x00000000e1400000| Untracked 
|  21|0x00000000e1500000, 0x00000000e1600000, 0x00000000e1600000|100%| O|  |TAMS 0x00000000e1600000, 0x00000000e1500000| Untracked 
|  22|0x00000000e1600000, 0x00000000e1700000, 0x00000000e1700000|100%| O|  |TAMS 0x00000000e1700000, 0x00000000e1600000| Untracked 
|  23|0x00000000e1700000, 0x00000000e1800000, 0x00000000e1800000|100%| O|  |TAMS 0x00000000e1800000, 0x00000000e1700000| Untracked 
|  24|0x00000000e1800000, 0x00000000e1900000, 0x00000000e1900000|100%| O|  |TAMS 0x00000000e1900000, 0x00000000e1800000| Untracked 
|  25|0x00000000e1900000, 0x00000000e1a00000, 0x00000000e1a00000|100%| O|  |TAMS 0x00000000e1a00000, 0x00000000e1900000| Untracked 
|  26|0x00000000e1a00000, 0x00000000e1b00000, 0x00000000e1b00000|100%| O|  |TAMS 0x00000000e1b00000, 0x00000000e1a00000| Untracked 
|  27|0x00000000e1b00000, 0x00000000e1c00000, 0x00000000e1c00000|100%| O|  |TAMS 0x00000000e1c00000, 0x00000000e1b00000| Untracked 
|  28|0x00000000e1c00000, 0x00000000e1d00000, 0x00000000e1d00000|100%| O|  |TAMS 0x00000000e1d00000, 0x00000000e1c00000| Untracked 
|  29|0x00000000e1d00000, 0x00000000e1e00000, 0x00000000e1e00000|100%| O|  |TAMS 0x00000000e1e00000, 0x00000000e1d00000| Untracked 
|  30|0x00000000e1e00000, 0x00000000e1ef3200, 0x00000000e1f00000| 94%| O|  |TAMS 0x00000000e1ef3200, 0x00000000e1e00000| Untracked 
|  31|0x00000000e1f00000, 0x00000000e1f00000, 0x00000000e2000000|  0%| F|  |TAMS 0x00000000e1f00000, 0x00000000e1f00000| Untracked 
|  32|0x00000000e2000000, 0x00000000e2000000, 0x00000000e2100000|  0%| F|  |TAMS 0x00000000e2000000, 0x00000000e2000000| Untracked 
|  33|0x00000000e2100000, 0x00000000e2100000, 0x00000000e2200000|  0%| F|  |TAMS 0x00000000e2100000, 0x00000000e2100000| Untracked 
|  34|0x00000000e2200000, 0x00000000e2200000, 0x00000000e2300000|  0%| F|  |TAMS 0x00000000e2200000, 0x00000000e2200000| Untracked 
|  35|0x00000000e2300000, 0x00000000e2300000, 0x00000000e2400000|  0%| F|  |TAMS 0x00000000e2300000, 0x00000000e2300000| Untracked 
|  36|0x00000000e2400000, 0x00000000e2400000, 0x00000000e2500000|  0%| F|  |TAMS 0x00000000e2400000, 0x00000000e2400000| Untracked 
|  37|0x00000000e2500000, 0x00000000e2500000, 0x00000000e2600000|  0%| F|  |TAMS 0x00000000e2500000, 0x00000000e2500000| Untracked 
|  38|0x00000000e2600000, 0x00000000e2600000, 0x00000000e2700000|  0%| F|  |TAMS 0x00000000e2600000, 0x00000000e2600000| Untracked 
|  39|0x00000000e2700000, 0x00000000e2700000, 0x00000000e2800000|  0%| F|  |TAMS 0x00000000e2700000, 0x00000000e2700000| Untracked 
|  40|0x00000000e2800000, 0x00000000e2800000, 0x00000000e2900000|  0%| F|  |TAMS 0x00000000e2800000, 0x00000000e2800000| Untracked 
|  41|0x00000000e2900000, 0x00000000e2900000, 0x00000000e2a00000|  0%| F|  |TAMS 0x00000000e2900000, 0x00000000e2900000| Untracked 
|  42|0x00000000e2a00000, 0x00000000e2a00000, 0x00000000e2b00000|  0%| F|  |TAMS 0x00000000e2a00000, 0x00000000e2a00000| Untracked 
|  43|0x00000000e2b00000, 0x00000000e2b00000, 0x00000000e2c00000|  0%| F|  |TAMS 0x00000000e2b00000, 0x00000000e2b00000| Untracked 
|  44|0x00000000e2c00000, 0x00000000e2c00000, 0x00000000e2d00000|  0%| F|  |TAMS 0x00000000e2c00000, 0x00000000e2c00000| Untracked 
|  45|0x00000000e2d00000, 0x00000000e2d00000, 0x00000000e2e00000|  0%| F|  |TAMS 0x00000000e2d00000, 0x00000000e2d00000| Untracked 
|  46|0x00000000e2e00000, 0x00000000e2e00000, 0x00000000e2f00000|  0%| F|  |TAMS 0x00000000e2e00000, 0x00000000e2e00000| Untracked 
|  47|0x00000000e2f00000, 0x00000000e2f00000, 0x00000000e3000000|  0%| F|  |TAMS 0x00000000e2f00000, 0x00000000e2f00000| Untracked 
|  48|0x00000000e3000000, 0x00000000e3000000, 0x00000000e3100000|  0%| F|  |TAMS 0x00000000e3000000, 0x00000000e3000000| Untracked 
|  49|0x00000000e3100000, 0x00000000e3100000, 0x00000000e3200000|  0%| F|  |TAMS 0x00000000e3100000, 0x00000000e3100000| Untracked 
|  50|0x00000000e3200000, 0x00000000e3200000, 0x00000000e3300000|  0%| F|  |TAMS 0x00000000e3200000, 0x00000000e3200000| Untracked 
|  51|0x00000000e3300000, 0x00000000e3300000, 0x00000000e3400000|  0%| F|  |TAMS 0x00000000e3300000, 0x00000000e3300000| Untracked 
|  52|0x00000000e3400000, 0x00000000e3400000, 0x00000000e3500000|  0%| F|  |TAMS 0x00000000e3400000, 0x00000000e3400000| Untracked 
|  53|0x00000000e3500000, 0x00000000e3500000, 0x00000000e3600000|  0%| F|  |TAMS 0x00000000e3500000, 0x00000000e3500000| Untracked 
|  54|0x00000000e3600000, 0x00000000e3600000, 0x00000000e3700000|  0%| F|  |TAMS 0x00000000e3600000, 0x00000000e3600000| Untracked 
|  55|0x00000000e3700000, 0x00000000e3700000, 0x00000000e3800000|  0%| F|  |TAMS 0x00000000e3700000, 0x00000000e3700000| Untracked 
|  56|0x00000000e3800000, 0x00000000e3800000, 0x00000000e3900000|  0%| F|  |TAMS 0x00000000e3800000, 0x00000000e3800000| Untracked 
|  57|0x00000000e3900000, 0x00000000e3900000, 0x00000000e3a00000|  0%| F|  |TAMS 0x00000000e3900000, 0x00000000e3900000| Untracked 
|  58|0x00000000e3a00000, 0x00000000e3a00000, 0x00000000e3b00000|  0%| F|  |TAMS 0x00000000e3a00000, 0x00000000e3a00000| Untracked 
|  59|0x00000000e3b00000, 0x00000000e3b00000, 0x00000000e3c00000|  0%| F|  |TAMS 0x00000000e3b00000, 0x00000000e3b00000| Untracked 
|  60|0x00000000e3c00000, 0x00000000e3c00000, 0x00000000e3d00000|  0%| F|  |TAMS 0x00000000e3c00000, 0x00000000e3c00000| Untracked 
|  61|0x00000000e3d00000, 0x00000000e3d00000, 0x00000000e3e00000|  0%| F|  |TAMS 0x00000000e3d00000, 0x00000000e3d00000| Untracked 
|  62|0x00000000e3e00000, 0x00000000e3e00000, 0x00000000e3f00000|  0%| F|  |TAMS 0x00000000e3e00000, 0x00000000e3e00000| Untracked 
|  63|0x00000000e3f00000, 0x00000000e3f00000, 0x00000000e4000000|  0%| F|  |TAMS 0x00000000e3f00000, 0x00000000e3f00000| Untracked 
|  64|0x00000000e4000000, 0x00000000e4000000, 0x00000000e4100000|  0%| F|  |TAMS 0x00000000e4000000, 0x00000000e4000000| Untracked 
|  65|0x00000000e4100000, 0x00000000e4100000, 0x00000000e4200000|  0%| F|  |TAMS 0x00000000e4100000, 0x00000000e4100000| Untracked 
|  66|0x00000000e4200000, 0x00000000e4200000, 0x00000000e4300000|  0%| F|  |TAMS 0x00000000e4200000, 0x00000000e4200000| Untracked 
|  67|0x00000000e4300000, 0x00000000e4300000, 0x00000000e4400000|  0%| F|  |TAMS 0x00000000e4300000, 0x00000000e4300000| Untracked 
|  68|0x00000000e4400000, 0x00000000e4400000, 0x00000000e4500000|  0%| F|  |TAMS 0x00000000e4400000, 0x00000000e4400000| Untracked 
|  69|0x00000000e4500000, 0x00000000e4500000, 0x00000000e4600000|  0%| F|  |TAMS 0x00000000e4500000, 0x00000000e4500000| Untracked 
|  70|0x00000000e4600000, 0x00000000e4600000, 0x00000000e4700000|  0%| F|  |TAMS 0x00000000e4600000, 0x00000000e4600000| Untracked 
|  71|0x00000000e4700000, 0x00000000e4700000, 0x00000000e4800000|  0%| F|  |TAMS 0x00000000e4700000, 0x00000000e4700000| Untracked 
|  72|0x00000000e4800000, 0x00000000e4800000, 0x00000000e4900000|  0%| F|  |TAMS 0x00000000e4800000, 0x00000000e4800000| Untracked 
|  73|0x00000000e4900000, 0x00000000e4900000, 0x00000000e4a00000|  0%| F|  |TAMS 0x00000000e4900000, 0x00000000e4900000| Untracked 
|  74|0x00000000e4a00000, 0x00000000e4a00000, 0x00000000e4b00000|  0%| F|  |TAMS 0x00000000e4a00000, 0x00000000e4a00000| Untracked 
|  75|0x00000000e4b00000, 0x00000000e4b00000, 0x00000000e4c00000|  0%| F|  |TAMS 0x00000000e4b00000, 0x00000000e4b00000| Untracked 
|  76|0x00000000e4c00000, 0x00000000e4c00000, 0x00000000e4d00000|  0%| F|  |TAMS 0x00000000e4c00000, 0x00000000e4c00000| Untracked 
|  77|0x00000000e4d00000, 0x00000000e4d00000, 0x00000000e4e00000|  0%| F|  |TAMS 0x00000000e4d00000, 0x00000000e4d00000| Untracked 
|  78|0x00000000e4e00000, 0x00000000e4e00000, 0x00000000e4f00000|  0%| F|  |TAMS 0x00000000e4e00000, 0x00000000e4e00000| Untracked 
|  79|0x00000000e4f00000, 0x00000000e4f00000, 0x00000000e5000000|  0%| F|  |TAMS 0x00000000e4f00000, 0x00000000e4f00000| Untracked 
|  80|0x00000000e5000000, 0x00000000e5000000, 0x00000000e5100000|  0%| F|  |TAMS 0x00000000e5000000, 0x00000000e5000000| Untracked 
|  81|0x00000000e5100000, 0x00000000e5100000, 0x00000000e5200000|  0%| F|  |TAMS 0x00000000e5100000, 0x00000000e5100000| Untracked 
|  82|0x00000000e5200000, 0x00000000e5200000, 0x00000000e5300000|  0%| F|  |TAMS 0x00000000e5200000, 0x00000000e5200000| Untracked 
|  83|0x00000000e5300000, 0x00000000e5300000, 0x00000000e5400000|  0%| F|  |TAMS 0x00000000e5300000, 0x00000000e5300000| Untracked 
|  84|0x00000000e5400000, 0x00000000e5400000, 0x00000000e5500000|  0%| F|  |TAMS 0x00000000e5400000, 0x00000000e5400000| Untracked 
|  85|0x00000000e5500000, 0x00000000e5500000, 0x00000000e5600000|  0%| F|  |TAMS 0x00000000e5500000, 0x00000000e5500000| Untracked 
|  86|0x00000000e5600000, 0x00000000e5600000, 0x00000000e5700000|  0%| F|  |TAMS 0x00000000e5600000, 0x00000000e5600000| Untracked 
|  87|0x00000000e5700000, 0x00000000e5700000, 0x00000000e5800000|  0%| F|  |TAMS 0x00000000e5700000, 0x00000000e5700000| Untracked 
|  88|0x00000000e5800000, 0x00000000e5800000, 0x00000000e5900000|  0%| F|  |TAMS 0x00000000e5800000, 0x00000000e5800000| Untracked 
|  89|0x00000000e5900000, 0x00000000e5900000, 0x00000000e5a00000|  0%| F|  |TAMS 0x00000000e5900000, 0x00000000e5900000| Untracked 
|  90|0x00000000e5a00000, 0x00000000e5a00000, 0x00000000e5b00000|  0%| F|  |TAMS 0x00000000e5a00000, 0x00000000e5a00000| Untracked 
|  91|0x00000000e5b00000, 0x00000000e5b00000, 0x00000000e5c00000|  0%| F|  |TAMS 0x00000000e5b00000, 0x00000000e5b00000| Untracked 
|  92|0x00000000e5c00000, 0x00000000e5c00000, 0x00000000e5d00000|  0%| F|  |TAMS 0x00000000e5c00000, 0x00000000e5c00000| Untracked 
|  93|0x00000000e5d00000, 0x00000000e5d00000, 0x00000000e5e00000|  0%| F|  |TAMS 0x00000000e5d00000, 0x00000000e5d00000| Untracked 
|  94|0x00000000e5e00000, 0x00000000e5e00000, 0x00000000e5f00000|  0%| F|  |TAMS 0x00000000e5e00000, 0x00000000e5e00000| Untracked 
|  95|0x00000000e5f00000, 0x00000000e6000000, 0x00000000e6000000|100%| S|CS|TAMS 0x00000000e5f00000, 0x00000000e5f00000| Complete 
|  96|0x00000000e6000000, 0x00000000e6100000, 0x00000000e6100000|100%| S|CS|TAMS 0x00000000e6000000, 0x00000000e6000000| Complete 
|  97|0x00000000e6100000, 0x00000000e6200000, 0x00000000e6200000|100%| S|CS|TAMS 0x00000000e6100000, 0x00000000e6100000| Complete 
|  98|0x00000000e6200000, 0x00000000e6300000, 0x00000000e6300000|100%| S|CS|TAMS 0x00000000e6200000, 0x00000000e6200000| Complete 
|  99|0x00000000e6300000, 0x00000000e6400000, 0x00000000e6400000|100%| S|CS|TAMS 0x00000000e6300000, 0x00000000e6300000| Complete 
| 100|0x00000000e6400000, 0x00000000e6500000, 0x00000000e6500000|100%| S|CS|TAMS 0x00000000e6400000, 0x00000000e6400000| Complete 
| 101|0x00000000e6500000, 0x00000000e6600000, 0x00000000e6600000|100%| S|CS|TAMS 0x00000000e6500000, 0x00000000e6500000| Complete 
| 102|0x00000000e6600000, 0x00000000e6700000, 0x00000000e6700000|100%| S|CS|TAMS 0x00000000e6600000, 0x00000000e6600000| Complete 
| 103|0x00000000e6700000, 0x00000000e6800000, 0x00000000e6800000|100%| S|CS|TAMS 0x00000000e6700000, 0x00000000e6700000| Complete 
| 104|0x00000000e6800000, 0x00000000e6900000, 0x00000000e6900000|100%| S|CS|TAMS 0x00000000e6800000, 0x00000000e6800000| Complete 
| 105|0x00000000e6900000, 0x00000000e6900000, 0x00000000e6a00000|  0%| F|  |TAMS 0x00000000e6900000, 0x00000000e6900000| Untracked 
| 106|0x00000000e6a00000, 0x00000000e6a00000, 0x00000000e6b00000|  0%| F|  |TAMS 0x00000000e6a00000, 0x00000000e6a00000| Untracked 
| 107|0x00000000e6b00000, 0x00000000e6b00000, 0x00000000e6c00000|  0%| F|  |TAMS 0x00000000e6b00000, 0x00000000e6b00000| Untracked 
| 108|0x00000000e6c00000, 0x00000000e6c00000, 0x00000000e6d00000|  0%| F|  |TAMS 0x00000000e6c00000, 0x00000000e6c00000| Untracked 
| 109|0x00000000e6d00000, 0x00000000e6d00000, 0x00000000e6e00000|  0%| F|  |TAMS 0x00000000e6d00000, 0x00000000e6d00000| Untracked 
| 110|0x00000000e6e00000, 0x00000000e6e00000, 0x00000000e6f00000|  0%| F|  |TAMS 0x00000000e6e00000, 0x00000000e6e00000| Untracked 
| 111|0x00000000e6f00000, 0x00000000e6f00000, 0x00000000e7000000|  0%| F|  |TAMS 0x00000000e6f00000, 0x00000000e6f00000| Untracked 
| 112|0x00000000e7000000, 0x00000000e7000000, 0x00000000e7100000|  0%| F|  |TAMS 0x00000000e7000000, 0x00000000e7000000| Untracked 
| 113|0x00000000e7100000, 0x00000000e7100000, 0x00000000e7200000|  0%| F|  |TAMS 0x00000000e7100000, 0x00000000e7100000| Untracked 
| 114|0x00000000e7200000, 0x00000000e7200000, 0x00000000e7300000|  0%| F|  |TAMS 0x00000000e7200000, 0x00000000e7200000| Untracked 
| 115|0x00000000e7300000, 0x00000000e7300000, 0x00000000e7400000|  0%| F|  |TAMS 0x00000000e7300000, 0x00000000e7300000| Untracked 
| 116|0x00000000e7400000, 0x00000000e7400000, 0x00000000e7500000|  0%| F|  |TAMS 0x00000000e7400000, 0x00000000e7400000| Untracked 
| 117|0x00000000e7500000, 0x00000000e7500000, 0x00000000e7600000|  0%| F|  |TAMS 0x00000000e7500000, 0x00000000e7500000| Untracked 
| 118|0x00000000e7600000, 0x00000000e7600000, 0x00000000e7700000|  0%| F|  |TAMS 0x00000000e7600000, 0x00000000e7600000| Untracked 
| 119|0x00000000e7700000, 0x00000000e7700000, 0x00000000e7800000|  0%| F|  |TAMS 0x00000000e7700000, 0x00000000e7700000| Untracked 
| 120|0x00000000e7800000, 0x00000000e7900000, 0x00000000e7900000|100%| S|CS|TAMS 0x00000000e7800000, 0x00000000e7800000| Complete 
| 121|0x00000000e7900000, 0x00000000e7a00000, 0x00000000e7a00000|100%| S|CS|TAMS 0x00000000e7900000, 0x00000000e7900000| Complete 
| 122|0x00000000e7a00000, 0x00000000e7b00000, 0x00000000e7b00000|100%| S|CS|TAMS 0x00000000e7a00000, 0x00000000e7a00000| Complete 
| 123|0x00000000e7b00000, 0x00000000e7c00000, 0x00000000e7c00000|100%| S|CS|TAMS 0x00000000e7b00000, 0x00000000e7b00000| Complete 
| 124|0x00000000e7c00000, 0x00000000e7d00000, 0x00000000e7d00000|100%| S|CS|TAMS 0x00000000e7c00000, 0x00000000e7c00000| Complete 
| 125|0x00000000e7d00000, 0x00000000e7e00000, 0x00000000e7e00000|100%| S|CS|TAMS 0x00000000e7d00000, 0x00000000e7d00000| Complete 
| 126|0x00000000e7e00000, 0x00000000e7f00000, 0x00000000e7f00000|100%| S|CS|TAMS 0x00000000e7e00000, 0x00000000e7e00000| Complete 
| 127|0x00000000e7f00000, 0x00000000e8000000, 0x00000000e8000000|100%| S|CS|TAMS 0x00000000e7f00000, 0x00000000e7f00000| Complete 
| 128|0x00000000e8000000, 0x00000000e8100000, 0x00000000e8100000|100%| S|CS|TAMS 0x00000000e8000000, 0x00000000e8000000| Complete 
| 129|0x00000000e8100000, 0x00000000e8100000, 0x00000000e8200000|  0%| F|  |TAMS 0x00000000e8100000, 0x00000000e8100000| Untracked 
| 130|0x00000000e8200000, 0x00000000e8200000, 0x00000000e8300000|  0%| F|  |TAMS 0x00000000e8200000, 0x00000000e8200000| Untracked 
| 131|0x00000000e8300000, 0x00000000e8300000, 0x00000000e8400000|  0%| F|  |TAMS 0x00000000e8300000, 0x00000000e8300000| Untracked 
| 132|0x00000000e8400000, 0x00000000e8400000, 0x00000000e8500000|  0%| F|  |TAMS 0x00000000e8400000, 0x00000000e8400000| Untracked 
| 133|0x00000000e8500000, 0x00000000e8500000, 0x00000000e8600000|  0%| F|  |TAMS 0x00000000e8500000, 0x00000000e8500000| Untracked 
| 134|0x00000000e8600000, 0x00000000e8600000, 0x00000000e8700000|  0%| F|  |TAMS 0x00000000e8600000, 0x00000000e8600000| Untracked 
| 135|0x00000000e8700000, 0x00000000e8700000, 0x00000000e8800000|  0%| F|  |TAMS 0x00000000e8700000, 0x00000000e8700000| Untracked 
| 136|0x00000000e8800000, 0x00000000e8800000, 0x00000000e8900000|  0%| F|  |TAMS 0x00000000e8800000, 0x00000000e8800000| Untracked 
| 137|0x00000000e8900000, 0x00000000e8900000, 0x00000000e8a00000|  0%| F|  |TAMS 0x00000000e8900000, 0x00000000e8900000| Untracked 
| 138|0x00000000e8a00000, 0x00000000e8a00000, 0x00000000e8b00000|  0%| F|  |TAMS 0x00000000e8a00000, 0x00000000e8a00000| Untracked 
| 139|0x00000000e8b00000, 0x00000000e8b00000, 0x00000000e8c00000|  0%| F|  |TAMS 0x00000000e8b00000, 0x00000000e8b00000| Untracked 
| 140|0x00000000e8c00000, 0x00000000e8c00000, 0x00000000e8d00000|  0%| F|  |TAMS 0x00000000e8c00000, 0x00000000e8c00000| Untracked 
| 141|0x00000000e8d00000, 0x00000000e8d00000, 0x00000000e8e00000|  0%| F|  |TAMS 0x00000000e8d00000, 0x00000000e8d00000| Untracked 
| 142|0x00000000e8e00000, 0x00000000e8e00000, 0x00000000e8f00000|  0%| F|  |TAMS 0x00000000e8e00000, 0x00000000e8e00000| Untracked 
| 143|0x00000000e8f00000, 0x00000000e8f00000, 0x00000000e9000000|  0%| F|  |TAMS 0x00000000e8f00000, 0x00000000e8f00000| Untracked 
| 144|0x00000000e9000000, 0x00000000e9000000, 0x00000000e9100000|  0%| F|  |TAMS 0x00000000e9000000, 0x00000000e9000000| Untracked 
| 145|0x00000000e9100000, 0x00000000e9100000, 0x00000000e9200000|  0%| F|  |TAMS 0x00000000e9100000, 0x00000000e9100000| Untracked 
| 146|0x00000000e9200000, 0x00000000e9200000, 0x00000000e9300000|  0%| F|  |TAMS 0x00000000e9200000, 0x00000000e9200000| Untracked 
| 147|0x00000000e9300000, 0x00000000e9300000, 0x00000000e9400000|  0%| F|  |TAMS 0x00000000e9300000, 0x00000000e9300000| Untracked 
| 148|0x00000000e9400000, 0x00000000e9400000, 0x00000000e9500000|  0%| F|  |TAMS 0x00000000e9400000, 0x00000000e9400000| Untracked 
| 149|0x00000000e9500000, 0x00000000e9500000, 0x00000000e9600000|  0%| F|  |TAMS 0x00000000e9500000, 0x00000000e9500000| Untracked 
| 150|0x00000000e9600000, 0x00000000e9600000, 0x00000000e9700000|  0%| F|  |TAMS 0x00000000e9600000, 0x00000000e9600000| Untracked 
| 151|0x00000000e9700000, 0x00000000e9700000, 0x00000000e9800000|  0%| F|  |TAMS 0x00000000e9700000, 0x00000000e9700000| Untracked 
| 152|0x00000000e9800000, 0x00000000e9800000, 0x00000000e9900000|  0%| F|  |TAMS 0x00000000e9800000, 0x00000000e9800000| Untracked 
| 153|0x00000000e9900000, 0x00000000e9900000, 0x00000000e9a00000|  0%| F|  |TAMS 0x00000000e9900000, 0x00000000e9900000| Untracked 
| 154|0x00000000e9a00000, 0x00000000e9a00000, 0x00000000e9b00000|  0%| F|  |TAMS 0x00000000e9a00000, 0x00000000e9a00000| Untracked 
| 155|0x00000000e9b00000, 0x00000000e9b00000, 0x00000000e9c00000|  0%| F|  |TAMS 0x00000000e9b00000, 0x00000000e9b00000| Untracked 
| 156|0x00000000e9c00000, 0x00000000e9c00000, 0x00000000e9d00000|  0%| F|  |TAMS 0x00000000e9c00000, 0x00000000e9c00000| Untracked 
| 157|0x00000000e9d00000, 0x00000000e9d00000, 0x00000000e9e00000|  0%| F|  |TAMS 0x00000000e9d00000, 0x00000000e9d00000| Untracked 
| 158|0x00000000e9e00000, 0x00000000e9e00000, 0x00000000e9f00000|  0%| F|  |TAMS 0x00000000e9e00000, 0x00000000e9e00000| Untracked 
| 159|0x00000000e9f00000, 0x00000000e9f00000, 0x00000000ea000000|  0%| F|  |TAMS 0x00000000e9f00000, 0x00000000e9f00000| Untracked 
| 160|0x00000000ea000000, 0x00000000ea000000, 0x00000000ea100000|  0%| F|  |TAMS 0x00000000ea000000, 0x00000000ea000000| Untracked 
| 161|0x00000000ea100000, 0x00000000ea100000, 0x00000000ea200000|  0%| F|  |TAMS 0x00000000ea100000, 0x00000000ea100000| Untracked 
| 162|0x00000000ea200000, 0x00000000ea200000, 0x00000000ea300000|  0%| F|  |TAMS 0x00000000ea200000, 0x00000000ea200000| Untracked 
| 163|0x00000000ea300000, 0x00000000ea300000, 0x00000000ea400000|  0%| F|  |TAMS 0x00000000ea300000, 0x00000000ea300000| Untracked 
| 164|0x00000000ea400000, 0x00000000ea400000, 0x00000000ea500000|  0%| F|  |TAMS 0x00000000ea400000, 0x00000000ea400000| Untracked 
| 165|0x00000000ea500000, 0x00000000ea500000, 0x00000000ea600000|  0%| F|  |TAMS 0x00000000ea500000, 0x00000000ea500000| Untracked 
| 166|0x00000000ea600000, 0x00000000ea600000, 0x00000000ea700000|  0%| F|  |TAMS 0x00000000ea600000, 0x00000000ea600000| Untracked 
| 167|0x00000000ea700000, 0x00000000ea700000, 0x00000000ea800000|  0%| F|  |TAMS 0x00000000ea700000, 0x00000000ea700000| Untracked 
| 168|0x00000000ea800000, 0x00000000ea800000, 0x00000000ea900000|  0%| F|  |TAMS 0x00000000ea800000, 0x00000000ea800000| Untracked 
| 169|0x00000000ea900000, 0x00000000ea900000, 0x00000000eaa00000|  0%| F|  |TAMS 0x00000000ea900000, 0x00000000ea900000| Untracked 
| 170|0x00000000eaa00000, 0x00000000eaa00000, 0x00000000eab00000|  0%| F|  |TAMS 0x00000000eaa00000, 0x00000000eaa00000| Untracked 
| 171|0x00000000eab00000, 0x00000000eab00000, 0x00000000eac00000|  0%| F|  |TAMS 0x00000000eab00000, 0x00000000eab00000| Untracked 
| 172|0x00000000eac00000, 0x00000000eac00000, 0x00000000ead00000|  0%| F|  |TAMS 0x00000000eac00000, 0x00000000eac00000| Untracked 
| 173|0x00000000ead00000, 0x00000000ead00000, 0x00000000eae00000|  0%| F|  |TAMS 0x00000000ead00000, 0x00000000ead00000| Untracked 
| 174|0x00000000eae00000, 0x00000000eae00000, 0x00000000eaf00000|  0%| F|  |TAMS 0x00000000eae00000, 0x00000000eae00000| Untracked 
| 175|0x00000000eaf00000, 0x00000000eaf00000, 0x00000000eb000000|  0%| F|  |TAMS 0x00000000eaf00000, 0x00000000eaf00000| Untracked 
| 176|0x00000000eb000000, 0x00000000eb000000, 0x00000000eb100000|  0%| F|  |TAMS 0x00000000eb000000, 0x00000000eb000000| Untracked 
| 177|0x00000000eb100000, 0x00000000eb100000, 0x00000000eb200000|  0%| F|  |TAMS 0x00000000eb100000, 0x00000000eb100000| Untracked 
| 178|0x00000000eb200000, 0x00000000eb200000, 0x00000000eb300000|  0%| F|  |TAMS 0x00000000eb200000, 0x00000000eb200000| Untracked 
| 179|0x00000000eb300000, 0x00000000eb300000, 0x00000000eb400000|  0%| F|  |TAMS 0x00000000eb300000, 0x00000000eb300000| Untracked 
| 180|0x00000000eb400000, 0x00000000eb400000, 0x00000000eb500000|  0%| F|  |TAMS 0x00000000eb400000, 0x00000000eb400000| Untracked 
| 181|0x00000000eb500000, 0x00000000eb500000, 0x00000000eb600000|  0%| F|  |TAMS 0x00000000eb500000, 0x00000000eb500000| Untracked 
| 182|0x00000000eb600000, 0x00000000eb600000, 0x00000000eb700000|  0%| F|  |TAMS 0x00000000eb600000, 0x00000000eb600000| Untracked 
| 183|0x00000000eb700000, 0x00000000eb700000, 0x00000000eb800000|  0%| F|  |TAMS 0x00000000eb700000, 0x00000000eb700000| Untracked 
| 184|0x00000000eb800000, 0x00000000eb800000, 0x00000000eb900000|  0%| F|  |TAMS 0x00000000eb800000, 0x00000000eb800000| Untracked 
| 185|0x00000000eb900000, 0x00000000eb900000, 0x00000000eba00000|  0%| F|  |TAMS 0x00000000eb900000, 0x00000000eb900000| Untracked 
| 186|0x00000000eba00000, 0x00000000eba00000, 0x00000000ebb00000|  0%| F|  |TAMS 0x00000000eba00000, 0x00000000eba00000| Untracked 
| 187|0x00000000ebb00000, 0x00000000ebb00000, 0x00000000ebc00000|  0%| F|  |TAMS 0x00000000ebb00000, 0x00000000ebb00000| Untracked 
| 188|0x00000000ebc00000, 0x00000000ebc00000, 0x00000000ebd00000|  0%| F|  |TAMS 0x00000000ebc00000, 0x00000000ebc00000| Untracked 
| 189|0x00000000ebd00000, 0x00000000ebd00000, 0x00000000ebe00000|  0%| F|  |TAMS 0x00000000ebd00000, 0x00000000ebd00000| Untracked 
| 190|0x00000000ebe00000, 0x00000000ebe00000, 0x00000000ebf00000|  0%| F|  |TAMS 0x00000000ebe00000, 0x00000000ebe00000| Untracked 
| 191|0x00000000ebf00000, 0x00000000ebf00000, 0x00000000ec000000|  0%| F|  |TAMS 0x00000000ebf00000, 0x00000000ebf00000| Untracked 
| 192|0x00000000ec000000, 0x00000000ec000000, 0x00000000ec100000|  0%| F|  |TAMS 0x00000000ec000000, 0x00000000ec000000| Untracked 
| 193|0x00000000ec100000, 0x00000000ec100000, 0x00000000ec200000|  0%| F|  |TAMS 0x00000000ec100000, 0x00000000ec100000| Untracked 
| 194|0x00000000ec200000, 0x00000000ec200000, 0x00000000ec300000|  0%| F|  |TAMS 0x00000000ec200000, 0x00000000ec200000| Untracked 
| 195|0x00000000ec300000, 0x00000000ec300000, 0x00000000ec400000|  0%| F|  |TAMS 0x00000000ec300000, 0x00000000ec300000| Untracked 
| 196|0x00000000ec400000, 0x00000000ec400000, 0x00000000ec500000|  0%| F|  |TAMS 0x00000000ec400000, 0x00000000ec400000| Untracked 
| 197|0x00000000ec500000, 0x00000000ec500000, 0x00000000ec600000|  0%| F|  |TAMS 0x00000000ec500000, 0x00000000ec500000| Untracked 
| 198|0x00000000ec600000, 0x00000000ec600000, 0x00000000ec700000|  0%| F|  |TAMS 0x00000000ec600000, 0x00000000ec600000| Untracked 
| 199|0x00000000ec700000, 0x00000000ec700000, 0x00000000ec800000|  0%| F|  |TAMS 0x00000000ec700000, 0x00000000ec700000| Untracked 
| 200|0x00000000ec800000, 0x00000000ec800000, 0x00000000ec900000|  0%| F|  |TAMS 0x00000000ec800000, 0x00000000ec800000| Untracked 
| 201|0x00000000ec900000, 0x00000000ec900000, 0x00000000eca00000|  0%| F|  |TAMS 0x00000000ec900000, 0x00000000ec900000| Untracked 
| 202|0x00000000eca00000, 0x00000000eca00000, 0x00000000ecb00000|  0%| F|  |TAMS 0x00000000eca00000, 0x00000000eca00000| Untracked 
| 203|0x00000000ecb00000, 0x00000000ecb00000, 0x00000000ecc00000|  0%| F|  |TAMS 0x00000000ecb00000, 0x00000000ecb00000| Untracked 
| 204|0x00000000ecc00000, 0x00000000ecc00000, 0x00000000ecd00000|  0%| F|  |TAMS 0x00000000ecc00000, 0x00000000ecc00000| Untracked 
| 205|0x00000000ecd00000, 0x00000000ecd00000, 0x00000000ece00000|  0%| F|  |TAMS 0x00000000ecd00000, 0x00000000ecd00000| Untracked 
| 206|0x00000000ece00000, 0x00000000ece00000, 0x00000000ecf00000|  0%| F|  |TAMS 0x00000000ece00000, 0x00000000ece00000| Untracked 
| 207|0x00000000ecf00000, 0x00000000ecf00000, 0x00000000ed000000|  0%| F|  |TAMS 0x00000000ecf00000, 0x00000000ecf00000| Untracked 
| 208|0x00000000ed000000, 0x00000000ed000000, 0x00000000ed100000|  0%| F|  |TAMS 0x00000000ed000000, 0x00000000ed000000| Untracked 
| 209|0x00000000ed100000, 0x00000000ed100000, 0x00000000ed200000|  0%| F|  |TAMS 0x00000000ed100000, 0x00000000ed100000| Untracked 
| 210|0x00000000ed200000, 0x00000000ed200000, 0x00000000ed300000|  0%| F|  |TAMS 0x00000000ed200000, 0x00000000ed200000| Untracked 
| 211|0x00000000ed300000, 0x00000000ed300000, 0x00000000ed400000|  0%| F|  |TAMS 0x00000000ed300000, 0x00000000ed300000| Untracked 
| 212|0x00000000ed400000, 0x00000000ed400000, 0x00000000ed500000|  0%| F|  |TAMS 0x00000000ed400000, 0x00000000ed400000| Untracked 
| 213|0x00000000ed500000, 0x00000000ed500000, 0x00000000ed600000|  0%| F|  |TAMS 0x00000000ed500000, 0x00000000ed500000| Untracked 
| 214|0x00000000ed600000, 0x00000000ed600000, 0x00000000ed700000|  0%| F|  |TAMS 0x00000000ed600000, 0x00000000ed600000| Untracked 
| 215|0x00000000ed700000, 0x00000000ed700000, 0x00000000ed800000|  0%| F|  |TAMS 0x00000000ed700000, 0x00000000ed700000| Untracked 
| 216|0x00000000ed800000, 0x00000000ed800000, 0x00000000ed900000|  0%| F|  |TAMS 0x00000000ed800000, 0x00000000ed800000| Untracked 
| 217|0x00000000ed900000, 0x00000000ed900000, 0x00000000eda00000|  0%| F|  |TAMS 0x00000000ed900000, 0x00000000ed900000| Untracked 
| 218|0x00000000eda00000, 0x00000000eda00000, 0x00000000edb00000|  0%| F|  |TAMS 0x00000000eda00000, 0x00000000eda00000| Untracked 
| 219|0x00000000edb00000, 0x00000000edb00000, 0x00000000edc00000|  0%| F|  |TAMS 0x00000000edb00000, 0x00000000edb00000| Untracked 
| 220|0x00000000edc00000, 0x00000000edc00000, 0x00000000edd00000|  0%| F|  |TAMS 0x00000000edc00000, 0x00000000edc00000| Untracked 
| 221|0x00000000edd00000, 0x00000000edd00000, 0x00000000ede00000|  0%| F|  |TAMS 0x00000000edd00000, 0x00000000edd00000| Untracked 
| 222|0x00000000ede00000, 0x00000000ede00000, 0x00000000edf00000|  0%| F|  |TAMS 0x00000000ede00000, 0x00000000ede00000| Untracked 
| 223|0x00000000edf00000, 0x00000000edf00000, 0x00000000ee000000|  0%| F|  |TAMS 0x00000000edf00000, 0x00000000edf00000| Untracked 
| 224|0x00000000ee000000, 0x00000000ee000000, 0x00000000ee100000|  0%| F|  |TAMS 0x00000000ee000000, 0x00000000ee000000| Untracked 
| 225|0x00000000ee100000, 0x00000000ee100000, 0x00000000ee200000|  0%| F|  |TAMS 0x00000000ee100000, 0x00000000ee100000| Untracked 
| 226|0x00000000ee200000, 0x00000000ee200000, 0x00000000ee300000|  0%| F|  |TAMS 0x00000000ee200000, 0x00000000ee200000| Untracked 
| 227|0x00000000ee300000, 0x00000000ee300000, 0x00000000ee400000|  0%| F|  |TAMS 0x00000000ee300000, 0x00000000ee300000| Untracked 
| 228|0x00000000ee400000, 0x00000000ee400000, 0x00000000ee500000|  0%| F|  |TAMS 0x00000000ee400000, 0x00000000ee400000| Untracked 
| 229|0x00000000ee500000, 0x00000000ee500000, 0x00000000ee600000|  0%| F|  |TAMS 0x00000000ee500000, 0x00000000ee500000| Untracked 
| 230|0x00000000ee600000, 0x00000000ee600000, 0x00000000ee700000|  0%| F|  |TAMS 0x00000000ee600000, 0x00000000ee600000| Untracked 
| 231|0x00000000ee700000, 0x00000000ee700000, 0x00000000ee800000|  0%| F|  |TAMS 0x00000000ee700000, 0x00000000ee700000| Untracked 
| 232|0x00000000ee800000, 0x00000000ee800000, 0x00000000ee900000|  0%| F|  |TAMS 0x00000000ee800000, 0x00000000ee800000| Untracked 
| 233|0x00000000ee900000, 0x00000000ee900000, 0x00000000eea00000|  0%| F|  |TAMS 0x00000000ee900000, 0x00000000ee900000| Untracked 
| 234|0x00000000eea00000, 0x00000000eea00000, 0x00000000eeb00000|  0%| F|  |TAMS 0x00000000eea00000, 0x00000000eea00000| Untracked 
| 235|0x00000000eeb00000, 0x00000000eeb00000, 0x00000000eec00000|  0%| F|  |TAMS 0x00000000eeb00000, 0x00000000eeb00000| Untracked 
| 236|0x00000000eec00000, 0x00000000eec00000, 0x00000000eed00000|  0%| F|  |TAMS 0x00000000eec00000, 0x00000000eec00000| Untracked 
| 237|0x00000000eed00000, 0x00000000eed00000, 0x00000000eee00000|  0%| F|  |TAMS 0x00000000eed00000, 0x00000000eed00000| Untracked 
| 238|0x00000000eee00000, 0x00000000eee00000, 0x00000000eef00000|  0%| F|  |TAMS 0x00000000eee00000, 0x00000000eee00000| Untracked 
| 239|0x00000000eef00000, 0x00000000eef00000, 0x00000000ef000000|  0%| F|  |TAMS 0x00000000eef00000, 0x00000000eef00000| Untracked 
| 240|0x00000000ef000000, 0x00000000ef000000, 0x00000000ef100000|  0%| F|  |TAMS 0x00000000ef000000, 0x00000000ef000000| Untracked 
| 241|0x00000000ef100000, 0x00000000ef100000, 0x00000000ef200000|  0%| F|  |TAMS 0x00000000ef100000, 0x00000000ef100000| Untracked 
| 242|0x00000000ef200000, 0x00000000ef200000, 0x00000000ef300000|  0%| F|  |TAMS 0x00000000ef200000, 0x00000000ef200000| Untracked 
| 243|0x00000000ef300000, 0x00000000ef300000, 0x00000000ef400000|  0%| F|  |TAMS 0x00000000ef300000, 0x00000000ef300000| Untracked 
| 244|0x00000000ef400000, 0x00000000ef400000, 0x00000000ef500000|  0%| F|  |TAMS 0x00000000ef400000, 0x00000000ef400000| Untracked 
| 245|0x00000000ef500000, 0x00000000ef500000, 0x00000000ef600000|  0%| F|  |TAMS 0x00000000ef500000, 0x00000000ef500000| Untracked 
| 246|0x00000000ef600000, 0x00000000ef600000, 0x00000000ef700000|  0%| F|  |TAMS 0x00000000ef600000, 0x00000000ef600000| Untracked 
| 247|0x00000000ef700000, 0x00000000ef700000, 0x00000000ef800000|  0%| F|  |TAMS 0x00000000ef700000, 0x00000000ef700000| Untracked 
| 248|0x00000000ef800000, 0x00000000ef865fe8, 0x00000000ef900000| 39%| E|  |TAMS 0x00000000ef800000, 0x00000000ef800000| Complete 
| 249|0x00000000ef900000, 0x00000000efa00000, 0x00000000efa00000|100%| E|CS|TAMS 0x00000000ef900000, 0x00000000ef900000| Complete 
| 250|0x00000000efa00000, 0x00000000efb00000, 0x00000000efb00000|100%| E|CS|TAMS 0x00000000efa00000, 0x00000000efa00000| Complete 
| 251|0x00000000efb00000, 0x00000000efc00000, 0x00000000efc00000|100%| E|  |TAMS 0x00000000efb00000, 0x00000000efb00000| Complete 
| 252|0x00000000efc00000, 0x00000000efd00000, 0x00000000efd00000|100%| E|CS|TAMS 0x00000000efc00000, 0x00000000efc00000| Complete 
| 253|0x00000000efd00000, 0x00000000efe00000, 0x00000000efe00000|100%| E|CS|TAMS 0x00000000efd00000, 0x00000000efd00000| Complete 
| 254|0x00000000efe00000, 0x00000000eff00000, 0x00000000eff00000|100%| E|CS|TAMS 0x00000000efe00000, 0x00000000efe00000| Complete 
| 255|0x00000000eff00000, 0x00000000f0000000, 0x00000000f0000000|100%| E|CS|TAMS 0x00000000eff00000, 0x00000000eff00000| Complete 

Card table byte_map: [0x00000206e2ca0000,0x00000206e2da0000] _byte_map_base: 0x00000206e25a0000

Marking Bits (Prev, Next): (CMBitMap*) 0x00000206cb13b360, (CMBitMap*) 0x00000206cb13b328
 Prev Bits: [0x00000206e36a0000, 0x00000206e3ea0000)
 Next Bits: [0x00000206e2ea0000, 0x00000206e36a0000)

Polling page: 0x00000206c9110000

Metaspace:

Usage:
  Non-class:     51.43 MB capacity,    50.29 MB ( 98%) used,   965.52 KB (  2%) free+waste,   204.88 KB ( <1%) overhead. 
      Class:      8.38 MB capacity,     7.60 MB ( 91%) used,   697.62 KB (  8%) free+waste,   100.00 KB (  1%) overhead. 
       Both:     59.81 MB capacity,    57.89 MB ( 97%) used,     1.62 MB (  3%) free+waste,   304.88 KB ( <1%) overhead. 

Virtual space:
  Non-class space:       52.00 MB reserved,      51.60 MB (>99%) committed 
      Class space:      248.00 MB reserved,       8.44 MB (  3%) committed 
             Both:      300.00 MB reserved,      60.04 MB ( 20%) committed 

Chunk freelists:
   Non-Class:  36.00 KB
       Class:  23.00 KB
        Both:  59.00 KB

MaxMetaspaceSize: 256.00 MB
CompressedClassSpaceSize: 248.00 MB
Initial GC threshold: 20.80 MB
Current GC threshold: 99.65 MB
CDS: off

CodeHeap 'non-profiled nmethods': size=120000Kb used=3541Kb max_used=3541Kb free=116459Kb
 bounds [0x00000206db340000, 0x00000206db6c0000, 0x00000206e2870000]
CodeHeap 'profiled nmethods': size=120000Kb used=12957Kb max_used=12957Kb free=107042Kb
 bounds [0x00000206d3e10000, 0x00000206d4ac0000, 0x00000206db340000]
CodeHeap 'non-nmethods': size=5760Kb used=2316Kb max_used=2366Kb free=3443Kb
 bounds [0x00000206d3870000, 0x00000206d3ae0000, 0x00000206d3e10000]
 total_blobs=7064 nmethods=6240 adapters=736
 compilation: enabled
              stopped_count=0, restarted_count=0
 full_count=0

Compilation events (20 events):
Event: 15.504 Thread 0x00000206e7281800 nmethod 6089 0x00000206db6b2d10 code [0x00000206db6b2ea0, 0x00000206db6b2f58]
Event: 15.504 Thread 0x00000206e7281800 6065       4       java.util.concurrent.atomic.AtomicReferenceArray::get (12 bytes)
Event: 15.506 Thread 0x00000206e7281800 nmethod 6065 0x00000206db6b3010 code [0x00000206db6b31a0, 0x00000206db6b3238]
Event: 15.506 Thread 0x00000206e7281800 6075       4       com.google.common.collect.HashBiMap::insert (188 bytes)
Event: 15.535 Thread 0x00000206e7281800 nmethod 6075 0x00000206db6b3390 code [0x00000206db6b3540, 0x00000206db6b42f8]
Event: 15.535 Thread 0x00000206e7281800 6090       4       com.google.common.base.Equivalence$Equals::doHash (5 bytes)
Event: 15.536 Thread 0x00000206e7282800 6335       2       sun.nio.fs.WindowsFileAttributes::isDirectory (25 bytes)
Event: 15.537 Thread 0x00000206e7282800 nmethod 6335 0x00000206d4ab5010 code [0x00000206d4ab51c0, 0x00000206d4ab5318]
Event: 15.541 Thread 0x00000206e7282800 6336       2       com.sun.tools.javac.file.CacheFSInfo::getEntry (76 bytes)
Event: 15.542 Thread 0x00000206e7282800 nmethod 6336 0x00000206d4ab5390 code [0x00000206d4ab55c0, 0x00000206d4ab5bb8]
Event: 15.542 Thread 0x00000206e7281800 nmethod 6090 0x00000206db6b4490 code [0x00000206db6b4640, 0x00000206db6b4858]
Event: 15.542 Thread 0x00000206e7281800 6104       4       java.lang.Integer::equals (29 bytes)
Event: 15.544 Thread 0x00000206e7281800 nmethod 6104 0x00000206db6b4a10 code [0x00000206db6b4ba0, 0x00000206db6b4c58]
Event: 15.544 Thread 0x00000206e7281800 6105       4       com.google.common.collect.Interners$InternerImpl::intern (50 bytes)
Event: 15.553 Thread 0x00000206e7282800 6337       2       java.nio.file.Path::toFile (36 bytes)
Event: 15.553 Thread 0x00000206e7282800 nmethod 6337 0x00000206d4ab5e90 code [0x00000206d4ab6080, 0x00000206d4ab6378]
Event: 15.573 Thread 0x00000206e7282800 6338 %     3       sun.nio.fs.WindowsPath::hashCode @ 11 (52 bytes)
Event: 15.574 Thread 0x00000206e7282800 nmethod 6338% 0x00000206d4ab6510 code [0x00000206d4ab6780, 0x00000206d4ab71d8]
Event: 15.634 Thread 0x00000206e7282800 6341       1       javax.management.ObjectName::getCanonicalName (5 bytes)
Event: 15.634 Thread 0x00000206e7282800 nmethod 6341 0x00000206db6b5110 code [0x00000206db6b52c0, 0x00000206db6b5378]

GC Heap History (18 events):
Event: 1.270 GC heap before
{Heap before GC invocations=0 (full 0):
 garbage-first heap   total 262144K, used 29696K [0x00000000e0000000, 0x0000000100000000)
  region size 1024K, 24 young (24576K), 0 survivors (0K)
 Metaspace       used 10129K, capacity 10400K, committed 10624K, reserved 264192K
  class space    used 1036K, capacity 1105K, committed 1152K, reserved 253952K
}
Event: 1.275 GC heap after
{Heap after GC invocations=1 (full 0):
 garbage-first heap   total 262144K, used 9527K [0x00000000e0000000, 0x0000000100000000)
  region size 1024K, 3 young (3072K), 3 survivors (3072K)
 Metaspace       used 10129K, capacity 10400K, committed 10624K, reserved 264192K
  class space    used 1036K, capacity 1105K, committed 1152K, reserved 253952K
}
Event: 4.123 GC heap before
{Heap before GC invocations=1 (full 0):
 garbage-first heap   total 262144K, used 73015K [0x00000000e0000000, 0x0000000100000000)
  region size 1024K, 64 young (65536K), 3 survivors (3072K)
 Metaspace       used 17077K, capacity 17434K, committed 17792K, reserved 270336K
  class space    used 1948K, capacity 2068K, committed 2176K, reserved 253952K
}
Event: 4.130 GC heap after
{Heap after GC invocations=2 (full 0):
 garbage-first heap   total 262144K, used 15954K [0x00000000e0000000, 0x0000000100000000)
  region size 1024K, 8 young (8192K), 8 survivors (8192K)
 Metaspace       used 17077K, capacity 17434K, committed 17792K, reserved 270336K
  class space    used 1948K, capacity 2068K, committed 2176K, reserved 253952K
}
Event: 4.779 GC heap before
{Heap before GC invocations=2 (full 0):
 garbage-first heap   total 262144K, used 49746K [0x00000000e0000000, 0x0000000100000000)
  region size 1024K, 41 young (41984K), 8 survivors (8192K)
 Metaspace       used 20676K, capacity 21117K, committed 21296K, reserved 274432K
  class space    used 2512K, capacity 2680K, committed 2688K, reserved 253952K
}
Event: 4.785 GC heap after
{Heap after GC invocations=3 (full 0):
 garbage-first heap   total 262144K, used 16902K [0x00000000e0000000, 0x0000000100000000)
  region size 1024K, 2 young (2048K), 2 survivors (2048K)
 Metaspace       used 20676K, capacity 21117K, committed 21296K, reserved 274432K
  class space    used 2512K, capacity 2680K, committed 2688K, reserved 253952K
}
Event: 4.801 GC heap before
{Heap before GC invocations=3 (full 0):
 garbage-first heap   total 262144K, used 17926K [0x00000000e0000000, 0x0000000100000000)
  region size 1024K, 4 young (4096K), 2 survivors (2048K)
 Metaspace       used 20800K, capacity 21198K, committed 21296K, reserved 274432K
  class space    used 2524K, capacity 2687K, committed 2688K, reserved 253952K
}
Event: 4.805 GC heap after
{Heap after GC invocations=4 (full 0):
 garbage-first heap   total 262144K, used 16864K [0x00000000e0000000, 0x0000000100000000)
  region size 1024K, 2 young (2048K), 2 survivors (2048K)
 Metaspace       used 20800K, capacity 21198K, committed 21296K, reserved 274432K
  class space    used 2524K, capacity 2687K, committed 2688K, reserved 253952K
}
Event: 6.414 GC heap before
{Heap before GC invocations=5 (full 0):
 garbage-first heap   total 262144K, used 95712K [0x00000000e0000000, 0x0000000100000000)
  region size 1024K, 79 young (80896K), 2 survivors (2048K)
 Metaspace       used 28359K, capacity 29100K, committed 29312K, reserved 280576K
  class space    used 3705K, capacity 3949K, committed 3968K, reserved 253952K
}
Event: 6.420 GC heap after
{Heap after GC invocations=6 (full 0):
 garbage-first heap   total 262144K, used 19377K [0x00000000e0000000, 0x0000000100000000)
  region size 1024K, 4 young (4096K), 4 survivors (4096K)
 Metaspace       used 28359K, capacity 29100K, committed 29312K, reserved 280576K
  class space    used 3705K, capacity 3949K, committed 3968K, reserved 253952K
}
Event: 7.475 GC heap before
{Heap before GC invocations=6 (full 0):
 garbage-first heap   total 262144K, used 61361K [0x00000000e0000000, 0x0000000100000000)
  region size 1024K, 46 young (47104K), 4 survivors (4096K)
 Metaspace       used 34963K, capacity 35814K, committed 35968K, reserved 286720K
  class space    used 4520K, capacity 4868K, committed 4992K, reserved 253952K
}
Event: 7.490 GC heap after
{Heap after GC invocations=7 (full 0):
 garbage-first heap   total 262144K, used 22005K [0x00000000e0000000, 0x0000000100000000)
  region size 1024K, 7 young (7168K), 7 survivors (7168K)
 Metaspace       used 34963K, capacity 35814K, committed 35968K, reserved 286720K
  class space    used 4520K, capacity 4868K, committed 4992K, reserved 253952K
}
Event: 10.048 GC heap before
{Heap before GC invocations=8 (full 0):
 garbage-first heap   total 262144K, used 134645K [0x00000000e0000000, 0x0000000100000000)
  region size 1024K, 114 young (116736K), 7 survivors (7168K)
 Metaspace       used 45076K, capacity 46189K, committed 46236K, reserved 294912K
  class space    used 5707K, capacity 6099K, committed 6144K, reserved 253952K
}
Event: 10.065 GC heap after
{Heap after GC invocations=9 (full 0):
 garbage-first heap   total 262144K, used 28732K [0x00000000e0000000, 0x0000000100000000)
  region size 1024K, 13 young (13312K), 13 survivors (13312K)
 Metaspace       used 45076K, capacity 46189K, committed 46236K, reserved 294912K
  class space    used 5707K, capacity 6099K, committed 6144K, reserved 253952K
}
Event: 12.772 GC heap before
{Heap before GC invocations=9 (full 0):
 garbage-first heap   total 262144K, used 154684K [0x00000000e0000000, 0x0000000100000000)
  region size 1024K, 136 young (139264K), 13 survivors (13312K)
 Metaspace       used 54059K, capacity 55689K, committed 55708K, reserved 303104K
  class space    used 7047K, capacity 7662K, committed 7680K, reserved 253952K
}
Event: 12.798 GC heap after
{Heap after GC invocations=10 (full 0):
 garbage-first heap   total 262144K, used 36703K [0x00000000e0000000, 0x0000000100000000)
  region size 1024K, 15 young (15360K), 15 survivors (15360K)
 Metaspace       used 54059K, capacity 55689K, committed 55708K, reserved 303104K
  class space    used 7047K, capacity 7662K, committed 7680K, reserved 253952K
}
Event: 15.177 GC heap before
{Heap before GC invocations=10 (full 0):
 garbage-first heap   total 262144K, used 164703K [0x00000000e0000000, 0x0000000100000000)
  region size 1024K, 142 young (145408K), 15 survivors (15360K)
 Metaspace       used 58560K, capacity 60520K, committed 60636K, reserved 307200K
  class space    used 7695K, capacity 8512K, committed 8512K, reserved 253952K
}
Event: 15.244 GC heap after
{Heap after GC invocations=11 (full 0):
 garbage-first heap   total 262144K, used 51148K [0x00000000e0000000, 0x0000000100000000)
  region size 1024K, 19 young (19456K), 19 survivors (19456K)
 Metaspace       used 58560K, capacity 60520K, committed 60636K, reserved 307200K
  class space    used 7695K, capacity 8512K, committed 8512K, reserved 253952K
}

Deoptimization events (20 events):
Event: 15.358 Thread 0x00000206e8912800 DEOPT PACKING pc=0x00000206d44d4c74 sp=0x000000c9fd5f8c10
Event: 15.358 Thread 0x00000206e8912800 DEOPT UNPACKING pc=0x00000206d38ba95e sp=0x000000c9fd5f81b0 mode 0
Event: 15.405 Thread 0x00000206e8912800 DEOPT PACKING pc=0x00000206d44d4c74 sp=0x000000c9fd5f8610
Event: 15.406 Thread 0x00000206e8912800 DEOPT UNPACKING pc=0x00000206d38ba95e sp=0x000000c9fd5f7bb0 mode 0
Event: 15.415 Thread 0x00000206e8912800 DEOPT PACKING pc=0x00000206d4aae504 sp=0x000000c9fd5f8770
Event: 15.415 Thread 0x00000206e8912800 DEOPT UNPACKING pc=0x00000206d38ba95e sp=0x000000c9fd5f7d48 mode 0
Event: 15.445 Thread 0x00000206e8912800 DEOPT PACKING pc=0x00000206d3ede5da sp=0x000000c9fd5f8730
Event: 15.445 Thread 0x00000206e8912800 DEOPT UNPACKING pc=0x00000206d38ba95e sp=0x000000c9fd5f7bb8 mode 0
Event: 15.472 Thread 0x00000206e8912800 DEOPT PACKING pc=0x00000206d3fd6f83 sp=0x000000c9fd5f8c20
Event: 15.472 Thread 0x00000206e8912800 DEOPT UNPACKING pc=0x00000206d38ba95e sp=0x000000c9fd5f81c0 mode 0
Event: 15.489 Thread 0x00000206e8912800 DEOPT PACKING pc=0x00000206d4aae504 sp=0x000000c9fd5f8770
Event: 15.489 Thread 0x00000206e8912800 DEOPT UNPACKING pc=0x00000206d38ba95e sp=0x000000c9fd5f7d48 mode 0
Event: 15.592 Thread 0x00000206e8912800 DEOPT PACKING pc=0x00000206d4aae504 sp=0x000000c9fd5f8770
Event: 15.592 Thread 0x00000206e8912800 DEOPT UNPACKING pc=0x00000206d38ba95e sp=0x000000c9fd5f7d48 mode 0
Event: 15.608 Thread 0x00000206e8912800 DEOPT PACKING pc=0x00000206d44d4c74 sp=0x000000c9fd5f8610
Event: 15.608 Thread 0x00000206e8912800 DEOPT UNPACKING pc=0x00000206d38ba95e sp=0x000000c9fd5f7bb0 mode 0
Event: 15.613 Thread 0x00000206e8912800 DEOPT PACKING pc=0x00000206d3ede5da sp=0x000000c9fd5f8730
Event: 15.613 Thread 0x00000206e8912800 DEOPT UNPACKING pc=0x00000206d38ba95e sp=0x000000c9fd5f7bb8 mode 0
Event: 15.632 Thread 0x00000206e8912800 DEOPT PACKING pc=0x00000206d3fd6f83 sp=0x000000c9fd5f8c20
Event: 15.632 Thread 0x00000206e8912800 DEOPT UNPACKING pc=0x00000206d38ba95e sp=0x000000c9fd5f81c0 mode 0

Classes redefined (0 events):
No events

Internal exceptions (20 events):
Event: 13.321 Thread 0x00000206e9842800 Exception <a 'java/lang/NoSuchMethodError'{0x00000000ee6907c8}: <clinit>> (0x00000000ee6907c8) thrown at [./src/hotspot/share/prims/jni.cpp, line 1367]
Event: 13.363 Thread 0x00000206e9842800 Exception <a 'java/lang/NoSuchMethodError'{0x00000000ee6a0f28}: <clinit>> (0x00000000ee6a0f28) thrown at [./src/hotspot/share/prims/jni.cpp, line 1367]
Event: 14.191 Thread 0x00000206e8912800 Exception <a 'java/lang/NoSuchMethodError'{0x00000000ec4773e0}: 'void java.lang.invoke.DirectMethodHandle$Holder.invokeInterface(java.lang.Object, java.lang.Object, java.lang.Object, java.lang.Object)'> (0x00000000ec4773e0) thrown at [./src/hotspot/share/interpreter/linkResolver.cpp, line 773]
Event: 14.248 Thread 0x00000206e8912800 Exception <a 'java/lang/NoSuchMethodError'{0x00000000ec3c1d68}: 'void java.lang.invoke.DirectMethodHandle$Holder.invokeVirtual(java.lang.Object, java.lang.Object)'> (0x00000000ec3c1d68) thrown at [./src/hotspot/share/interpreter/linkResolver.cpp, line 773]
Event: 15.078 Thread 0x00000206e8912800 Exception <a 'java/lang/NoSuchMethodError'{0x00000000e82390c0}: 'java.lang.Object java.lang.invoke.DirectMethodHandle$Holder.invokeStatic(java.lang.Object, java.lang.Object, int, java.lang.Object, java.lang.Object, java.lang.Object, java.lang.Object)'> (0x00000000e82390c0) thrown at [./src/hotspot/share/interpreter/linkResolver.cpp, line 773]
Event: 15.360 Thread 0x00000206e8912800 Exception <a 'sun/nio/fs/WindowsException'{0x00000000effc7d28}> (0x00000000effc7d28) thrown at [./src/hotspot/share/prims/jni.cpp, line 617]
Event: 15.361 Thread 0x00000206e8912800 Exception <a 'sun/nio/fs/WindowsException'{0x00000000effc8fa8}> (0x00000000effc8fa8) thrown at [./src/hotspot/share/prims/jni.cpp, line 617]
Event: 15.361 Thread 0x00000206e8912800 Exception <a 'sun/nio/fs/WindowsException'{0x00000000effc91a8}> (0x00000000effc91a8) thrown at [./src/hotspot/share/prims/jni.cpp, line 617]
Event: 15.361 Thread 0x00000206e8912800 Exception <a 'sun/nio/fs/WindowsException'{0x00000000effcb2a8}> (0x00000000effcb2a8) thrown at [./src/hotspot/share/prims/jni.cpp, line 617]
Event: 15.361 Thread 0x00000206e8912800 Exception <a 'sun/nio/fs/WindowsException'{0x00000000effcc388}> (0x00000000effcc388) thrown at [./src/hotspot/share/prims/jni.cpp, line 617]
Event: 15.362 Thread 0x00000206e8912800 Exception <a 'sun/nio/fs/WindowsException'{0x00000000effcd918}> (0x00000000effcd918) thrown at [./src/hotspot/share/prims/jni.cpp, line 617]
Event: 15.362 Thread 0x00000206e8912800 Exception <a 'sun/nio/fs/WindowsException'{0x00000000effceb48}> (0x00000000effceb48) thrown at [./src/hotspot/share/prims/jni.cpp, line 617]
Event: 15.362 Thread 0x00000206e8912800 Exception <a 'sun/nio/fs/WindowsException'{0x00000000effcecf0}> (0x00000000effcecf0) thrown at [./src/hotspot/share/prims/jni.cpp, line 617]
Event: 15.362 Thread 0x00000206e8912800 Exception <a 'sun/nio/fs/WindowsException'{0x00000000effd0de8}> (0x00000000effd0de8) thrown at [./src/hotspot/share/prims/jni.cpp, line 617]
Event: 15.362 Thread 0x00000206e8912800 Exception <a 'sun/nio/fs/WindowsException'{0x00000000effd1ec0}> (0x00000000effd1ec0) thrown at [./src/hotspot/share/prims/jni.cpp, line 617]
Event: 15.597 Thread 0x00000206e8912800 Exception <a 'sun/nio/fs/WindowsException'{0x00000000efa4d318}> (0x00000000efa4d318) thrown at [./src/hotspot/share/prims/jni.cpp, line 617]
Event: 15.597 Thread 0x00000206e8912800 Exception <a 'sun/nio/fs/WindowsException'{0x00000000efa4e828}> (0x00000000efa4e828) thrown at [./src/hotspot/share/prims/jni.cpp, line 617]
Event: 15.597 Thread 0x00000206e8912800 Exception <a 'sun/nio/fs/WindowsException'{0x00000000efa4ec98}> (0x00000000efa4ec98) thrown at [./src/hotspot/share/prims/jni.cpp, line 617]
Event: 15.597 Thread 0x00000206e8912800 Exception <a 'sun/nio/fs/WindowsException'{0x00000000efa50e68}> (0x00000000efa50e68) thrown at [./src/hotspot/share/prims/jni.cpp, line 617]
Event: 15.598 Thread 0x00000206e8912800 Exception <a 'sun/nio/fs/WindowsException'{0x00000000efa52018}> (0x00000000efa52018) thrown at [./src/hotspot/share/prims/jni.cpp, line 617]

Events (20 events):
Event: 15.283 Executing VM operation: CollectForMetadataAllocation done
Event: 15.306 loading class com/sun/tools/javac/util/Options
Event: 15.306 loading class com/sun/tools/javac/util/Options done
Event: 15.306 loading class com/sun/tools/javac/util/JCDiagnostic$Factory
Event: 15.306 loading class com/sun/tools/javac/util/JCDiagnostic$Factory done
Event: 15.307 loading class com/sun/tools/javac/util/Options
Event: 15.307 loading class com/sun/tools/javac/util/Options done
Event: 15.307 loading class com/sun/tools/javac/util/Log
Event: 15.307 loading class com/sun/tools/javac/util/Log done
Event: 15.314 loading class org/gradle/api/internal/tasks/compile/reflect/GradleStandardJavaFileManager
Event: 15.314 loading class org/gradle/api/internal/tasks/compile/reflect/GradleStandardJavaFileManager done
Event: 15.315 Executing VM operation: CGC_Operation
Event: 15.325 Executing VM operation: CGC_Operation done
Event: 15.349 Executing VM operation: Deoptimize
Event: 15.351 Executing VM operation: Deoptimize done
Event: 15.355 Executing VM operation: CGC_Operation
Event: 15.356 Executing VM operation: CGC_Operation done
Event: 15.360 loading class sun/nio/fs/WindowsException
Event: 15.360 loading class sun/nio/fs/WindowsException done
Event: 15.430 Loaded shared library C:\Program Files\Eclipse Adoptium\jdk-11.0.15.10-hotspot\bin\nio.dll


Dynamic libraries:
0x00007ff61ecd0000 - 0x00007ff61ecdd000 	C:\Program Files\Eclipse Adoptium\jdk-11.0.15.10-hotspot\bin\java.exe
0x00007ffd0d2c0000 - 0x00007ffd0d4c9000 	C:\WINDOWS\SYSTEM32\ntdll.dll
0x00007ffd0c4f0000 - 0x00007ffd0c5ae000 	C:\WINDOWS\System32\KERNEL32.DLL
0x00007ffd0a810000 - 0x00007ffd0ab8b000 	C:\WINDOWS\System32\KERNELBASE.dll
0x00007ffd0ad00000 - 0x00007ffd0ae11000 	C:\WINDOWS\System32\ucrtbase.dll
0x00007ffcf3f50000 - 0x00007ffcf3f67000 	C:\Program Files\Eclipse Adoptium\jdk-11.0.15.10-hotspot\bin\jli.dll
0x00007ffcf4130000 - 0x00007ffcf4145000 	C:\Program Files\Eclipse Adoptium\jdk-11.0.15.10-hotspot\bin\VCRUNTIME140.dll
0x00007ffd0ce80000 - 0x00007ffd0d02d000 	C:\WINDOWS\System32\USER32.dll
0x00007ffd0b110000 - 0x00007ffd0b136000 	C:\WINDOWS\System32\win32u.dll
0x00007ffceab00000 - 0x00007ffceada5000 	C:\WINDOWS\WinSxS\amd64_microsoft.windows.common-controls_6595b64144ccf1df_6.0.22000.120_none_9d947278b86cc467\COMCTL32.dll
0x00007ffd0d250000 - 0x00007ffd0d279000 	C:\WINDOWS\System32\GDI32.dll
0x00007ffd0af30000 - 0x00007ffd0b048000 	C:\WINDOWS\System32\gdi32full.dll
0x00007ffd0c5c0000 - 0x00007ffd0c663000 	C:\WINDOWS\System32\msvcrt.dll
0x00007ffd0ae90000 - 0x00007ffd0af2d000 	C:\WINDOWS\System32\msvcp_win.dll
0x00007ffd0bbd0000 - 0x00007ffd0bc02000 	C:\WINDOWS\System32\IMM32.DLL
0x00007ffceba30000 - 0x00007ffcebacb000 	C:\Program Files\Eclipse Adoptium\jdk-11.0.15.10-hotspot\bin\msvcp140.dll
0x00007ffc997b0000 - 0x00007ffc9a331000 	C:\Program Files\Eclipse Adoptium\jdk-11.0.15.10-hotspot\bin\server\jvm.dll
0x00007ffd0d030000 - 0x00007ffd0d0de000 	C:\WINDOWS\System32\ADVAPI32.dll
0x00007ffd0bc10000 - 0x00007ffd0bcae000 	C:\WINDOWS\System32\sechost.dll
0x00007ffd0b300000 - 0x00007ffd0b420000 	C:\WINDOWS\System32\RPCRT4.dll
0x00007ffd0ce70000 - 0x00007ffd0ce78000 	C:\WINDOWS\System32\PSAPI.DLL
0x00007ffd07540000 - 0x00007ffd07573000 	C:\WINDOWS\SYSTEM32\WINMM.dll
0x00007ffd04e10000 - 0x00007ffd04e19000 	C:\WINDOWS\SYSTEM32\WSOCK32.dll
0x00007ffd01ff0000 - 0x00007ffd01ffa000 	C:\WINDOWS\SYSTEM32\VERSION.dll
0x00007ffd0ccd0000 - 0x00007ffd0cd3f000 	C:\WINDOWS\System32\WS2_32.dll
0x00007ffd097e0000 - 0x00007ffd097f8000 	C:\WINDOWS\SYSTEM32\kernel.appcore.dll
0x00007ffd00ec0000 - 0x00007ffd00ed0000 	C:\Program Files\Eclipse Adoptium\jdk-11.0.15.10-hotspot\bin\verify.dll
0x00007ffd07ef0000 - 0x00007ffd08111000 	C:\WINDOWS\SYSTEM32\DBGHELP.DLL
0x00007ffd012a0000 - 0x00007ffd012d1000 	C:\WINDOWS\SYSTEM32\dbgcore.DLL
0x00007ffd0a790000 - 0x00007ffd0a80f000 	C:\WINDOWS\System32\bcryptPrimitives.dll
0x00007ffcec1a0000 - 0x00007ffcec1c8000 	C:\Program Files\Eclipse Adoptium\jdk-11.0.15.10-hotspot\bin\java.dll
0x00007ffcf87b0000 - 0x00007ffcf87ba000 	C:\Program Files\Eclipse Adoptium\jdk-11.0.15.10-hotspot\bin\jimage.dll
0x00007ffceba10000 - 0x00007ffceba28000 	C:\Program Files\Eclipse Adoptium\jdk-11.0.15.10-hotspot\bin\zip.dll
0x00007ffd0bd30000 - 0x00007ffd0c4e7000 	C:\WINDOWS\System32\SHELL32.dll
0x00007ffd08840000 - 0x00007ffd090a5000 	C:\WINDOWS\SYSTEM32\windows.storage.dll
0x00007ffd0c760000 - 0x00007ffd0cad8000 	C:\WINDOWS\System32\combase.dll
0x00007ffd086d0000 - 0x00007ffd08836000 	C:\WINDOWS\SYSTEM32\wintypes.dll
0x00007ffd0b490000 - 0x00007ffd0b57a000 	C:\WINDOWS\System32\SHCORE.dll
0x00007ffd0caf0000 - 0x00007ffd0cb4d000 	C:\WINDOWS\System32\shlwapi.dll
0x00007ffd0a6c0000 - 0x00007ffd0a6e1000 	C:\WINDOWS\SYSTEM32\profapi.dll
0x00007ffceb9f0000 - 0x00007ffceba09000 	C:\Program Files\Eclipse Adoptium\jdk-11.0.15.10-hotspot\bin\net.dll
0x00007ffd03f10000 - 0x00007ffd04024000 	C:\WINDOWS\SYSTEM32\WINHTTP.dll
0x00007ffd09cb0000 - 0x00007ffd09d17000 	C:\WINDOWS\system32\mswsock.dll
0x00007ffce9e00000 - 0x00007ffce9e13000 	C:\Program Files\Eclipse Adoptium\jdk-11.0.15.10-hotspot\bin\nio.dll
0x00007ffcec080000 - 0x00007ffcec0a7000 	C:\Users\79818\.gradle\native\e1d6ef7f7dcc3fd88c89a11ec53ec762bb8ba0a96d01ffa2cd45eb1d1d8dd5c5\windows-amd64\native-platform.dll
0x00007ffcd0340000 - 0x00007ffcd0484000 	C:\Users\79818\.gradle\native\0d407fdbe67a94daf76414ababcb853783967236a71b16ec16e742cd7a986fd3\windows-amd64\native-platform-file-events.dll
0x00007ffcf6570000 - 0x00007ffcf6579000 	C:\Program Files\Eclipse Adoptium\jdk-11.0.15.10-hotspot\bin\management.dll
0x00007ffcf4300000 - 0x00007ffcf430b000 	C:\Program Files\Eclipse Adoptium\jdk-11.0.15.10-hotspot\bin\management_ext.dll
0x00007ffd09f00000 - 0x00007ffd09f18000 	C:\WINDOWS\SYSTEM32\CRYPTSP.dll
0x00007ffd09740000 - 0x00007ffd09775000 	C:\WINDOWS\system32\rsaenh.dll
0x00007ffd09da0000 - 0x00007ffd09dc9000 	C:\WINDOWS\SYSTEM32\USERENV.dll
0x00007ffd0a080000 - 0x00007ffd0a0a7000 	C:\WINDOWS\SYSTEM32\bcrypt.dll
0x00007ffd09ef0000 - 0x00007ffd09efc000 	C:\WINDOWS\SYSTEM32\CRYPTBASE.dll
0x00007ffd09300000 - 0x00007ffd0932d000 	C:\WINDOWS\SYSTEM32\IPHLPAPI.DLL
0x00007ffd0cae0000 - 0x00007ffd0cae9000 	C:\WINDOWS\System32\NSI.dll
0x00007ffd04200000 - 0x00007ffd04219000 	C:\WINDOWS\SYSTEM32\dhcpcsvc6.DLL
0x00007ffd04410000 - 0x00007ffd0442e000 	C:\WINDOWS\SYSTEM32\dhcpcsvc.DLL
0x00007ffd09330000 - 0x00007ffd09418000 	C:\WINDOWS\SYSTEM32\DNSAPI.dll

dbghelp: loaded successfully - version: 4.0.5 - missing functions: none
symbol engine: initialized successfully - sym options: 0x614 - pdb path: .;C:\Program Files\Eclipse Adoptium\jdk-11.0.15.10-hotspot\bin;C:\WINDOWS\SYSTEM32;C:\WINDOWS\WinSxS\amd64_microsoft.windows.common-controls_6595b64144ccf1df_6.0.22000.120_none_9d947278b86cc467;C:\Program Files\Eclipse Adoptium\jdk-11.0.15.10-hotspot\bin\server;C:\Users\79818\.gradle\native\e1d6ef7f7dcc3fd88c89a11ec53ec762bb8ba0a96d01ffa2cd45eb1d1d8dd5c5\windows-amd64;C:\Users\79818\.gradle\native\0d407fdbe67a94daf76414ababcb853783967236a71b16ec16e742cd7a986fd3\windows-amd64

VM Arguments:
jvm_args: --add-opens=java.base/java.util=ALL-UNNAMED --add-opens=java.base/java.lang=ALL-UNNAMED --add-opens=java.base/java.lang.invoke=ALL-UNNAMED --add-opens=java.base/java.util=ALL-UNNAMED --add-opens=java.prefs/java.util.prefs=ALL-UNNAMED --add-opens=java.prefs/java.util.prefs=ALL-UNNAMED --add-opens=java.base/java.nio.charset=ALL-UNNAMED --add-opens=java.base/java.net=ALL-UNNAMED --add-opens=java.base/java.util.concurrent.atomic=ALL-UNNAMED -XX:MaxMetaspaceSize=256m -XX:+HeapDumpOnOutOfMemoryError -Xms256m -Xmx512m -Dfile.encoding=windows-1251 -Duser.country=RU -Duser.language=ru -Duser.variant 
java_command: org.gradle.launcher.daemon.bootstrap.GradleDaemon 7.4
java_class_path (initial): C:\Users\79818\.gradle\wrapper\dists\gradle-7.4-bin\c0gwcg53nkjbqw7r0h0umtfvt\gradle-7.4\lib\gradle-launcher-7.4.jar
Launcher Type: SUN_STANDARD

[Global flags]
     intx CICompilerCount                          = 4                                         {product} {ergonomic}
   size_t CompressedClassSpaceSize                 = 260046848                                 {product} {ergonomic}
     uint ConcGCThreads                            = 2                                         {product} {ergonomic}
     uint G1ConcRefinementThreads                  = 8                                         {product} {ergonomic}
   size_t G1HeapRegionSize                         = 1048576                                   {product} {ergonomic}
    uintx GCDrainStackTargetSize                   = 64                                        {product} {ergonomic}
     bool HeapDumpOnOutOfMemoryError               = true                                   {manageable} {command line}
   size_t InitialHeapSize                          = 268435456                                 {product} {command line}
   size_t MarkStackSize                            = 4194304                                   {product} {ergonomic}
   size_t MaxHeapSize                              = 536870912                                 {product} {command line}
   size_t MaxMetaspaceSize                         = 268435456                                 {product} {command line}
   size_t MaxNewSize                               = 321912832                                 {product} {ergonomic}
   size_t MinHeapDeltaBytes                        = 1048576                                   {product} {ergonomic}
    uintx NonNMethodCodeHeapSize                   = 5836300                                {pd product} {ergonomic}
    uintx NonProfiledCodeHeapSize                  = 122910970                              {pd product} {ergonomic}
    uintx ProfiledCodeHeapSize                     = 122910970                              {pd product} {ergonomic}
    uintx ReservedCodeCacheSize                    = 251658240                              {pd product} {ergonomic}
     bool SegmentedCodeCache                       = true                                      {product} {ergonomic}
     bool UseCompressedClassPointers               = true                                 {lp64_product} {ergonomic}
     bool UseCompressedOops                        = true                                 {lp64_product} {ergonomic}
     bool UseG1GC                                  = true                                      {product} {ergonomic}
     bool UseLargePagesIndividualAllocation        = false                                  {pd product} {ergonomic}

Logging:
Log output configuration:
 #0: stdout all=warning uptime,level,tags
 #1: stderr all=off uptime,level,tags

Environment Variables:
PATH=C:\Program Files (x86)\Eclipse Adoptium\jdk-11.0.15.10-hotspot\bin;C:\Program Files\Common Files\Oracle\Java\javapath;C:\Program Files (x86)\Common Files\Oracle\Java\javapath;C:\Program Files\Eclipse Adoptium\jdk-11.0.15.10-hotspot\bin;C:\WINDOWS\system32;C:\WINDOWS;C:\WINDOWS\System32\Wbem;C:\WINDOWS\System32\WindowsPowerShell\v1.0\;C:\WINDOWS\System32\OpenSSH\;C:\Program Files\Git\cmd;C:\Program Files\Docker\Docker\resources\bin;C:\Program Files\nodejs\;C:\Users\79818\AppData\Local\Microsoft\WindowsApps;;C:\Users\79818\AppData\Local\Programs\Microsoft VS Code\bin;C:\Users\79818\AppData\Roaming\npm
USERNAME=79818
OS=Windows_NT
PROCESSOR_IDENTIFIER=AMD64 Family 23 Model 24 Stepping 1, AuthenticAMD



---------------  S Y S T E M  ---------------

OS: Windows 11 , 64 bit Build 22000 (10.0.22000.1335)
OS uptime: 9 days 21:09 hours
Hyper-V role detected

CPU:total 8 (initial active 8) (8 cores per cpu, 2 threads per core) family 23 model 24 stepping 1 microcode 0x0, cmov, cx8, fxsr, mmx, sse, sse2, sse3, ssse3, sse4.1, sse4.2, popcnt, avx, avx2, aes, clmul, mmxext, 3dnowpref, lzcnt, sse4a, ht, tsc, tscinvbit, tscinv, bmi1, bmi2, adx, sha, fma

Memory: 4k page, system-wide physical 7103M (378M free)
TotalPageFile size 25389M (AvailPageFile size 5M)
current process WorkingSet (physical memory assigned to process): 386M, peak: 387M
current process commit charge ("private bytes"): 495M, peak: 497M

vm_info: OpenJDK 64-Bit Server VM (11.0.15+10) for windows-amd64 JRE (11.0.15+10), built on Apr 19 2022 22:29:44 by "" with unknown MS VC++:1916

END.
