#
# There is insufficient memory for the Java Runtime Environment to continue.
# Native memory allocation (malloc) failed to allocate 1048576 bytes for AllocateHeap
# Possible reasons:
#   The system is out of physical RAM or swap space
#   The process is running with CompressedOops enabled, and the Java Heap may be blocking the growth of the native heap
# Possible solutions:
#   Reduce memory load on the system
#   Increase physical memory or swap space
#   Check if swap backing store is full
#   Decrease Java heap size (-Xmx/-Xms)
#   Decrease number of Java threads
#   Decrease Java thread stack sizes (-Xss)
#   Set larger code cache with -XX:ReservedCodeCacheSize=
#   JVM is running with Unscaled Compressed Oops mode in which the Java heap is
#     placed in the first 4GB address space. The Java Heap base address is the
#     maximum limit for the native heap growth. Please use -XX:HeapBaseMinAddress
#     to set the Java Heap base and to place the Java Heap above 4GB virtual address.
# This output file may be truncated or incomplete.
#
#  Out of Memory Error (./src/hotspot/share/memory/allocation.cpp:46), pid=2548, tid=2384
#
# JRE version:  (11.0.15+10) (build )
# Java VM: OpenJDK 64-Bit Server VM (11.0.15+10, mixed mode, sharing, tiered, compressed oops, g1 gc, windows-amd64)
# No core dump will be written. Minidumps are not enabled by default on client versions of Windows
#

---------------  S U M M A R Y ------------

Command Line: -Ddb.password=pass -Ddb.url -Ddb.user=app -Dorg.gradle.internal.worker.tmpdir=C:\Diploma\build\tmp\test\work -Dorg.gradle.native=false -Dselenide.headless -Dsut.url=http://localhost:8080 --add-opens=java.base/java.util=ALL-UNNAMED --add-opens=java.base/java.lang=ALL-UNNAMED -Xmx512m -Dfile.encoding=windows-1251 -Duser.country=RU -Duser.language=ru -Duser.variant -ea worker.org.gradle.process.internal.worker.GradleWorkerMain 'Gradle Test Executor 1'

Host: AMD Ryzen 5 3500U with Radeon Vega Mobile Gfx  , 8 cores, 6G,  Windows 11 , 64 bit Build 22000 (10.0.22000.1335)
Time: Thu Mar  2 15:48:40 2023 RTZ 2 (s 11 , 64 bit Build 22000 (10.0.22000.1335) elapsed time: 0.016378 seconds (0d 0h 0m 0s)

---------------  T H R E A D  ---------------

Current thread (0x000001d2fe64a000):  JavaThread "Unknown thread" [_thread_in_vm, id=2384, stack(0x0000007e63300000,0x0000007e63400000)]

Stack: [0x0000007e63300000,0x0000007e63400000]
Native frames: (J=compiled Java code, j=interpreted, Vv=VM code, C=native code)
V  [jvm.dll+0x61e72a]
V  [jvm.dll+0x7aae49]
V  [jvm.dll+0x7ac538]
V  [jvm.dll+0x7acc13]
V  [jvm.dll+0x24fb28]
V  [jvm.dll+0xb95f4]
V  [jvm.dll+0x2e0638]
V  [jvm.dll+0x784c87]
V  [jvm.dll+0x78641f]
V  [jvm.dll+0x35f589]
V  [jvm.dll+0x767c30]
V  [jvm.dll+0x3cd07f]
V  [jvm.dll+0x3cf411]
C  [jli.dll+0x5207]
C  [ucrtbase.dll+0x26c0c]
C  [KERNEL32.DLL+0x155a0]
C  [ntdll.dll+0x485b]


---------------  P R O C E S S  ---------------

Threads class SMR info:
_java_thread_list=0x000001d2fc589290, length=0, elements={
}

Java Threads: ( => current thread )

Other Threads:

=>0x000001d2fe64a000 (exited) JavaThread "Unknown thread" [_thread_in_vm, id=2384, stack(0x0000007e63300000,0x0000007e63400000)]

Threads with active compile tasks:

VM state:not at safepoint (not fully initialized)

VM Mutex/Monitor currently owned by a thread: None


[error occurred during error reporting (printing compressed oops mode), id 0xc0000005, EXCEPTION_ACCESS_VIOLATION (0xc0000005) at pc=0x00007ffc99f35a67]

GC Heap History (0 events):
No events

Deoptimization events (0 events):
No events

Classes redefined (0 events):
No events

Internal exceptions (0 events):
No events

Events (1 events):
Event: 0.011 Loaded shared library C:\Program Files\Eclipse Adoptium\jdk-11.0.15.10-hotspot\bin\zip.dll


Dynamic libraries:
0x00007ff61ecd0000 - 0x00007ff61ecdd000 	C:\Program Files\Eclipse Adoptium\jdk-11.0.15.10-hotspot\bin\java.exe
0x00007ffd0d2c0000 - 0x00007ffd0d4c9000 	C:\WINDOWS\SYSTEM32\ntdll.dll
0x00007ffd0c4f0000 - 0x00007ffd0c5ae000 	C:\WINDOWS\System32\KERNEL32.DLL
0x00007ffd0a810000 - 0x00007ffd0ab8b000 	C:\WINDOWS\System32\KERNELBASE.dll
0x00007ffd0ad00000 - 0x00007ffd0ae11000 	C:\WINDOWS\System32\ucrtbase.dll
0x00007ffcf4130000 - 0x00007ffcf4145000 	C:\Program Files\Eclipse Adoptium\jdk-11.0.15.10-hotspot\bin\VCRUNTIME140.dll
0x00007ffcf3f50000 - 0x00007ffcf3f67000 	C:\Program Files\Eclipse Adoptium\jdk-11.0.15.10-hotspot\bin\jli.dll
0x00007ffd0ce80000 - 0x00007ffd0d02d000 	C:\WINDOWS\System32\USER32.dll
0x00007ffceab00000 - 0x00007ffceada5000 	C:\WINDOWS\WinSxS\amd64_microsoft.windows.common-controls_6595b64144ccf1df_6.0.22000.120_none_9d947278b86cc467\COMCTL32.dll
0x00007ffd0b110000 - 0x00007ffd0b136000 	C:\WINDOWS\System32\win32u.dll
0x00007ffd0c5c0000 - 0x00007ffd0c663000 	C:\WINDOWS\System32\msvcrt.dll
0x00007ffd0d250000 - 0x00007ffd0d279000 	C:\WINDOWS\System32\GDI32.dll
0x00007ffd0af30000 - 0x00007ffd0b048000 	C:\WINDOWS\System32\gdi32full.dll
0x00007ffd0ae90000 - 0x00007ffd0af2d000 	C:\WINDOWS\System32\msvcp_win.dll
0x00007ffd0bbd0000 - 0x00007ffd0bc02000 	C:\WINDOWS\System32\IMM32.DLL
0x00007ffceba30000 - 0x00007ffcebacb000 	C:\Program Files\Eclipse Adoptium\jdk-11.0.15.10-hotspot\bin\msvcp140.dll
0x00007ffc997b0000 - 0x00007ffc9a331000 	C:\Program Files\Eclipse Adoptium\jdk-11.0.15.10-hotspot\bin\server\jvm.dll
0x00007ffd0d030000 - 0x00007ffd0d0de000 	C:\WINDOWS\System32\ADVAPI32.dll
0x00007ffd0bc10000 - 0x00007ffd0bcae000 	C:\WINDOWS\System32\sechost.dll
0x00007ffd0b300000 - 0x00007ffd0b420000 	C:\WINDOWS\System32\RPCRT4.dll
0x00007ffd0ce70000 - 0x00007ffd0ce78000 	C:\WINDOWS\System32\PSAPI.DLL
0x00007ffd04e10000 - 0x00007ffd04e19000 	C:\WINDOWS\SYSTEM32\WSOCK32.dll
0x00007ffd07540000 - 0x00007ffd07573000 	C:\WINDOWS\SYSTEM32\WINMM.dll
0x00007ffd0ccd0000 - 0x00007ffd0cd3f000 	C:\WINDOWS\System32\WS2_32.dll
0x00007ffd01ff0000 - 0x00007ffd01ffa000 	C:\WINDOWS\SYSTEM32\VERSION.dll
0x00007ffd097e0000 - 0x00007ffd097f8000 	C:\WINDOWS\SYSTEM32\kernel.appcore.dll
0x00007ffd00ec0000 - 0x00007ffd00ed0000 	C:\Program Files\Eclipse Adoptium\jdk-11.0.15.10-hotspot\bin\verify.dll
0x00007ffd07ef0000 - 0x00007ffd08111000 	C:\WINDOWS\SYSTEM32\DBGHELP.DLL
0x00007ffd012a0000 - 0x00007ffd012d1000 	C:\WINDOWS\SYSTEM32\dbgcore.DLL
0x00007ffd0a790000 - 0x00007ffd0a80f000 	C:\WINDOWS\System32\bcryptPrimitives.dll
0x00007ffcec1a0000 - 0x00007ffcec1c8000 	C:\Program Files\Eclipse Adoptium\jdk-11.0.15.10-hotspot\bin\java.dll
0x00007ffcf87b0000 - 0x00007ffcf87ba000 	C:\Program Files\Eclipse Adoptium\jdk-11.0.15.10-hotspot\bin\jimage.dll
0x00007ffceba10000 - 0x00007ffceba28000 	C:\Program Files\Eclipse Adoptium\jdk-11.0.15.10-hotspot\bin\zip.dll

dbghelp: loaded successfully - version: 4.0.5 - missing functions: none
symbol engine: initialized successfully - sym options: 0x614 - pdb path: .;C:\Program Files\Eclipse Adoptium\jdk-11.0.15.10-hotspot\bin;C:\WINDOWS\SYSTEM32;C:\WINDOWS\WinSxS\amd64_microsoft.windows.common-controls_6595b64144ccf1df_6.0.22000.120_none_9d947278b86cc467;C:\Program Files\Eclipse Adoptium\jdk-11.0.15.10-hotspot\bin\server

VM Arguments:
jvm_args: -Ddb.password=pass -Ddb.url -Ddb.user=app -Dorg.gradle.internal.worker.tmpdir=C:\Diploma\build\tmp\test\work -Dorg.gradle.native=false -Dselenide.headless -Dsut.url=http://localhost:8080 --add-opens=java.base/java.util=ALL-UNNAMED --add-opens=java.base/java.lang=ALL-UNNAMED -Xmx512m -Dfile.encoding=windows-1251 -Duser.country=RU -Duser.language=ru -Duser.variant -ea 
java_command: worker.org.gradle.process.internal.worker.GradleWorkerMain 'Gradle Test Executor 1'
java_class_path (initial): C:\\Users\\79818\\.gradle\\caches\\7.4\\workerMain\\gradle-worker.jar;C:\\Diploma\\build\\classes\\java\\test;C:\\Users\\79818\\.gradle\\caches\\modules-2\\files-2.1\\org.junit.jupiter\\junit-jupiter-params\\5.9.0\\d6b6ccd3585351f617b06f066675271afebe9b28\\junit-jupiter-params-5.9.0.jar;C:\\Users\\79818\\.gradle\\caches\\modules-2\\files-2.1\\org.junit.jupiter\\junit-jupiter-engine\\5.9.0\\cc1cb5efae97493dcffb687253a0964ad2e7b99\\junit-jupiter-engine-5.9.0.jar;C:\\Users\\79818\\.gradle\\caches\\modules-2\\files-2.1\\org.junit.jupiter\\junit-jupiter-api\\5.9.0\\a44f7eba3ea214f6ec87ad9fccd3b2ac4681a4\\junit-jupiter-api-5.9.0.jar;C:\\Users\\79818\\.gradle\\caches\\modules-2\\files-2.1\\org.junit.platform\\junit-platform-engine\\1.9.0\\bd46891f01817b5ffdd368cb0482a34746610acb\\junit-platform-engine-1.9.0.jar;C:\\Users\\79818\\.gradle\\caches\\modules-2\\files-2.1\\org.junit.platform\\junit-platform-commons\\1.9.0\\b727889107fc28c7460b21d1083212f8ce7602c6\\junit-platform-commons-1.9.0.jar;C:\\Users\\79818\\.gradle\\caches\\modules-2\\files-2.1\\org.junit.jupiter\\junit-jupiter\\5.9.0\\db1cd1cd9e3138cf9e5ecb12a2ccc9cfbdf6a1d\\junit-jupiter-5.9.0.jar;C:\\Users\\79818\\.gradle\\caches\\modules-2\\files-2.1\\com.codeborne\\selenide\\6.7.3\\82edcd510e4d456ff32fcd705fe7e3f84c1b98b4\\selenide-6.7.3.jar;C:\\Users\\79818\\.gradle\\caches\\modules-2\\files-2.1\\mysql\\mysql-connector-java\\8.0.30\\b26dd6e4e917d3d4726c34d09d2fd67df7c1dd37\\mysql-connector-java-8.0.30.jar;C:\\Users\\79818\\.gradle\\caches\\modules-2\\files-2.1\\commons-dbutils\\commons-dbutils\\1.7\\a2d6e515aa87e5d38f6b3003e70b13c1b1f19ca0\\commons-dbutils-1.7.jar;C:\\Users\\79818\\.gradle\\caches\\modules-2\\files-2.1\\org.postgresql\\postgresql\\42.5.0\\43751d7ec562aeabcb025844345e39c340d732ba\\postgresql-42.5.0.jar;C:\\Users\\79818\\.gradle\\caches\\modules-2\\files-2.1\\io.rest-assured\\rest-assured\\4.3.0\\c85756689126b10001aab7ff9e9d8851e3313b2d\\rest-assured-4.3.0.jar;C:\\Users\\7
Launcher Type: SUN_STANDARD

[Global flags]
     intx CICompilerCount                          = 4                                         {product} {ergonomic}
     uint G1ConcRefinementThreads                  = 8                                         {product} {ergonomic}
   size_t G1HeapRegionSize                         = 1048576                                   {product} {ergonomic}
    uintx GCDrainStackTargetSize                   = 64                                        {product} {ergonomic}
   size_t InitialHeapSize                          = 117440512                                 {product} {ergonomic}
   size_t MaxHeapSize                              = 536870912                                 {product} {command line}
   size_t MinHeapDeltaBytes                        = 1048576                                   {product} {ergonomic}
    uintx NonNMethodCodeHeapSize                   = 5836300                                {pd product} {ergonomic}
    uintx NonProfiledCodeHeapSize                  = 122910970                              {pd product} {ergonomic}
    uintx ProfiledCodeHeapSize                     = 122910970                              {pd product} {ergonomic}
    uintx ReservedCodeCacheSize                    = 251658240                              {pd product} {ergonomic}
     bool SegmentedCodeCache                       = true                                      {product} {ergonomic}
     bool UseCompressedClassPointers               = true                                 {lp64_product} {ergonomic}
     bool UseCompressedOops                        = true                                 {lp64_product} {ergonomic}
     bool UseG1GC                                  = true                                      {product} {ergonomic}
     bool UseLargePagesIndividualAllocation        = false                                  {pd product} {ergonomic}

Logging:
Log output configuration:
 #0: stdout all=warning uptime,level,tags
 #1: stderr all=off uptime,level,tags

Environment Variables:
PATH=C:\Program Files (x86)\Eclipse Adoptium\jdk-11.0.15.10-hotspot\bin;C:\Program Files\Common Files\Oracle\Java\javapath;C:\Program Files (x86)\Common Files\Oracle\Java\javapath;C:\Program Files\Eclipse Adoptium\jdk-11.0.15.10-hotspot\bin;C:\WINDOWS\system32;C:\WINDOWS;C:\WINDOWS\System32\Wbem;C:\WINDOWS\System32\WindowsPowerShell\v1.0\;C:\WINDOWS\System32\OpenSSH\;C:\Program Files\Git\cmd;C:\Program Files\Docker\Docker\resources\bin;C:\Program Files\nodejs\;C:\Users\79818\AppData\Local\Microsoft\WindowsApps;;C:\Users\79818\AppData\Local\Programs\Microsoft VS Code\bin;C:\Users\79818\AppData\Roaming\npm
USERNAME=79818
OS=Windows_NT
PROCESSOR_IDENTIFIER=AMD64 Family 23 Model 24 Stepping 1, AuthenticAMD



---------------  S Y S T E M  ---------------

OS: Windows 11 , 64 bit Build 22000 (10.0.22000.1335)
OS uptime: 9 days 21:11 hours
Hyper-V role detected

CPU:total 8 (initial active 8) (8 cores per cpu, 2 threads per core) family 23 model 24 stepping 1 microcode 0x0, cmov, cx8, fxsr, mmx, sse, sse2, sse3, ssse3, sse4.1, sse4.2, popcnt, avx, avx2, aes, clmul, mmxext, 3dnowpref, lzcnt, sse4a, ht, tsc, tscinvbit, tscinv, bmi1, bmi2, adx, sha, fma

Memory: 4k page, system-wide physical 7103M (297M free)
TotalPageFile size 25389M (AvailPageFile size 5M)
current process WorkingSet (physical memory assigned to process): 9M, peak: 9M
current process commit charge ("private bytes"): 11M, peak: 12M

vm_info: OpenJDK 64-Bit Server VM (11.0.15+10) for windows-amd64 JRE (11.0.15+10), built on Apr 19 2022 22:29:44 by "" with unknown MS VC++:1916

END.
