#
# There is insufficient memory for the Java Runtime Environment to continue.
# Native memory allocation (malloc) failed to allocate 447536 bytes for Chunk::new
# Possible reasons:
#   The system is out of physical RAM or swap space
#   The process is running with CompressedOops enabled, and the Java Heap may be blocking the growth of the native heap
# Possible solutions:
#   Reduce memory load on the system
#   Increase physical memory or swap space
#   Check if swap backing store is full
#   Decrease Java heap size (-Xmx/-Xms)
#   Decrease number of Java threads
#   Decrease Java thread stack sizes (-Xss)
#   Set larger code cache with -XX:ReservedCodeCacheSize=
#   JVM is running with Unscaled Compressed Oops mode in which the Java heap is
#     placed in the first 4GB address space. The Java Heap base address is the
#     maximum limit for the native heap growth. Please use -XX:HeapBaseMinAddress
#     to set the Java Heap base and to place the Java Heap above 4GB virtual address.
# This output file may be truncated or incomplete.
#
#  Out of Memory Error (./src/hotspot/share/memory/arena.cpp:197), pid=20512, tid=2644
#
# JRE version: OpenJDK Runtime Environment Temurin-11.0.15+10 (11.0.15+10) (build 11.0.15+10)
# Java VM: OpenJDK 64-Bit Server VM Temurin-11.0.15+10 (11.0.15+10, mixed mode, tiered, compressed oops, g1 gc, windows-amd64)
# No core dump will be written. Minidumps are not enabled by default on client versions of Windows
#

---------------  S U M M A R Y ------------

Command Line: --add-opens=java.base/java.util=ALL-UNNAMED --add-opens=java.base/java.lang=ALL-UNNAMED --add-opens=java.base/java.lang.invoke=ALL-UNNAMED --add-opens=java.base/java.util=ALL-UNNAMED --add-opens=java.prefs/java.util.prefs=ALL-UNNAMED --add-opens=java.prefs/java.util.prefs=ALL-UNNAMED --add-opens=java.base/java.nio.charset=ALL-UNNAMED --add-opens=java.base/java.net=ALL-UNNAMED --add-opens=java.base/java.util.concurrent.atomic=ALL-UNNAMED -XX:MaxMetaspaceSize=256m -XX:+HeapDumpOnOutOfMemoryError -Xms256m -Xmx512m -Dfile.encoding=windows-1251 -Duser.country=RU -Duser.language=ru -Duser.variant org.gradle.launcher.daemon.bootstrap.GradleDaemon 7.4

Host: AMD Ryzen 5 3500U with Radeon Vega Mobile Gfx  , 8 cores, 6G,  Windows 11 , 64 bit Build 22000 (10.0.22000.1335)
Time: Thu Mar  2 15:45:10 2023 RTZ 2 (s 11 , 64 bit Build 22000 (10.0.22000.1335) elapsed time: 138.106877 seconds (0d 0h 2m 18s)

---------------  T H R E A D  ---------------

Current thread (0x000001edcc00f000):  JavaThread "C2 CompilerThread0" daemon [_thread_in_native, id=2644, stack(0x0000004f73500000,0x0000004f73600000)]


Current CompileTask:
C2: 138106 10704       4       org.codehaus.groovy.reflection.ParameterTypes::correctArguments (79 bytes)

Stack: [0x0000004f73500000,0x0000004f73600000]
Native frames: (J=compiled Java code, j=interpreted, Vv=VM code, C=native code)
V  [jvm.dll+0x61e72a]
V  [jvm.dll+0x7aae49]
V  [jvm.dll+0x7ac538]
V  [jvm.dll+0x7acc13]
V  [jvm.dll+0x24fb28]
V  [jvm.dll+0xc262c]
V  [jvm.dll+0xc2bec]
V  [jvm.dll+0x359ad2]
V  [jvm.dll+0x325ca3]
V  [jvm.dll+0x324fda]
V  [jvm.dll+0x208d75]
V  [jvm.dll+0x207f5d]
V  [jvm.dll+0x18a361]
V  [jvm.dll+0x2178a4]
V  [jvm.dll+0x215aeb]
V  [jvm.dll+0x76d950]
V  [jvm.dll+0x7668b4]
V  [jvm.dll+0x61d586]
C  [ucrtbase.dll+0x26c0c]
C  [KERNEL32.DLL+0x155a0]
C  [ntdll.dll+0x485b]


---------------  P R O C E S S  ---------------

Threads class SMR info:
_java_thread_list=0x000001edcc9478e0, length=144, elements={
0x000001edafe6f800, 0x000001edcb68c800, 0x000001edcb696800, 0x000001edcc00c000,
0x000001edcc00d000, 0x000001edcc00e000, 0x000001edcc00f000, 0x000001edcc018000,
0x000001edcb6ab800, 0x000001edcc181800, 0x000001edcdad6800, 0x000001edcd51b800,
0x000001edcdad5800, 0x000001edcdaec000, 0x000001edccb2e000, 0x000001edccb30800,
0x000001edccb2c000, 0x000001edccb2b800, 0x000001edccb31000, 0x000001edd029c000,
0x000001edd029c800, 0x000001edd0298800, 0x000001edd029a000, 0x000001edd029d800,
0x000001edd029e800, 0x000001edd02a0800, 0x000001edd029f000, 0x000001edd02a0000,
0x000001edd029b000, 0x000001edd02a5800, 0x000001edd1f4c800, 0x000001edd294b000,
0x000001edd294b800, 0x000001edd294a000, 0x000001edd2946000, 0x000001edd1f41000,
0x000001edd1f4a000, 0x000001edd1f44800, 0x000001edd1f45000, 0x000001edd1f46000,
0x000001edd1f47000, 0x000001edd1f47800, 0x000001edd1f43800, 0x000001edd1f42000,
0x000001edd1f48800, 0x000001edd1f42800, 0x000001edd1f4d800, 0x000001edd1f4b000,
0x000001edd1f4b800, 0x000001edd1f4e000, 0x000001edd1f49800, 0x000001edd1f4f000,
0x000001edd1f50000, 0x000001edd2947800, 0x000001edd2944800, 0x000001edd2946800,
0x000001edd2948800, 0x000001edd2945000, 0x000001edd294c800, 0x000001edd294d800,
0x000001edd294e000, 0x000001edd2949000, 0x000001edd2951800, 0x000001edd2952000,
0x000001edd2950800, 0x000001edd2953000, 0x000001edd294f000, 0x000001edd294f800,
0x000001edd02a5000, 0x000001edd02a1800, 0x000001edd02a2800, 0x000001edd02a4000,
0x000001edd02a3000, 0x000001edccb32000, 0x000001edccb2e800, 0x000001edccb2f800,
0x000001edccb2d000, 0x000001edd207a000, 0x000001edd207d800, 0x000001edd207b000,
0x000001edd207b800, 0x000001edd207e000, 0x000001edd2079800, 0x000001edd207c800,
0x000001edd2078800, 0x000001edd2084000, 0x000001edd2081800, 0x000001edd2083000,
0x000001edd2080800, 0x000001edd207f000, 0x000001edd2082800, 0x000001edd2084800,
0x000001edd2085800, 0x000001edd2080000, 0x000001edd2086800, 0x000001edd2087000,
0x000001edce5ca000, 0x000001edce5cd000, 0x000001edce5cc000, 0x000001edce5ce000,
0x000001edce5ca800, 0x000001edce5c8000, 0x000001edce5cb800, 0x000001edce5ce800,
0x000001edce5c9000, 0x000001edce5d3000, 0x000001edce5d3800, 0x000001edce5d2000,
0x000001edce5d4800, 0x000001edce5d5000, 0x000001edce5cf800, 0x000001edce5d6000,
0x000001edce5d0800, 0x000001edce5d7000, 0x000001edce5d1000, 0x000001edd2e5a000,
0x000001edd2e5a800, 0x000001edd2e5b800, 0x000001edd2e5e000, 0x000001edd2e5d000,
0x000001edd2e58800, 0x000001edd2e5c800, 0x000001edd2e5f000, 0x000001edd2e59000,
0x000001edd2e64800, 0x000001edd2e65800, 0x000001edd2e60800, 0x000001edd2e62000,
0x000001edd2e5f800, 0x000001edd2e66000, 0x000001edd2e67000, 0x000001edd2e63000,
0x000001edd2e63800, 0x000001edd2e61800, 0x000001edd0909000, 0x000001edd090d000,
0x000001edd090a000, 0x000001edd090a800, 0x000001edd090b800, 0x000001edd090c800,
0x000001edd090e000, 0x000001edd0908800, 0x000001edd0913000, 0x000001edd0914800
}

Java Threads: ( => current thread )
  0x000001edafe6f800 JavaThread "main" [_thread_blocked, id=13480, stack(0x0000004f72900000,0x0000004f72a00000)]
  0x000001edcb68c800 JavaThread "Reference Handler" daemon [_thread_blocked, id=5688, stack(0x0000004f73000000,0x0000004f73100000)]
  0x000001edcb696800 JavaThread "Finalizer" daemon [_thread_blocked, id=9648, stack(0x0000004f73100000,0x0000004f73200000)]
  0x000001edcc00c000 JavaThread "Signal Dispatcher" daemon [_thread_blocked, id=10416, stack(0x0000004f73200000,0x0000004f73300000)]
  0x000001edcc00d000 JavaThread "Attach Listener" daemon [_thread_blocked, id=10988, stack(0x0000004f73300000,0x0000004f73400000)]
  0x000001edcc00e000 JavaThread "Service Thread" daemon [_thread_blocked, id=23448, stack(0x0000004f73400000,0x0000004f73500000)]
=>0x000001edcc00f000 JavaThread "C2 CompilerThread0" daemon [_thread_in_native, id=2644, stack(0x0000004f73500000,0x0000004f73600000)]
  0x000001edcc018000 JavaThread "C1 CompilerThread0" daemon [_thread_blocked, id=8012, stack(0x0000004f73600000,0x0000004f73700000)]
  0x000001edcb6ab800 JavaThread "Sweeper thread" daemon [_thread_blocked, id=11376, stack(0x0000004f73700000,0x0000004f73800000)]
  0x000001edcc181800 JavaThread "Common-Cleaner" daemon [_thread_blocked, id=25588, stack(0x0000004f73800000,0x0000004f73900000)]
  0x000001edcdad6800 JavaThread "Daemon health stats" [_thread_blocked, id=25920, stack(0x0000004f73f00000,0x0000004f74000000)]
  0x000001edcd51b800 JavaThread "Incoming local TCP Connector on port 50237" [_thread_in_native, id=24772, stack(0x0000004f74000000,0x0000004f74100000)]
  0x000001edcdad5800 JavaThread "Daemon periodic checks" [_thread_blocked, id=2496, stack(0x0000004f74100000,0x0000004f74200000)]
  0x000001edcdaec000 JavaThread "Daemon worker" [_thread_blocked, id=26324, stack(0x0000004f74500000,0x0000004f74600000)]
  0x000001edccb2e000 JavaThread "Cache worker for journal cache (C:\Users\79818\.gradle\caches\journal-1)" [_thread_blocked, id=25516, stack(0x0000004f74900000,0x0000004f74a00000)]
  0x000001edccb30800 JavaThread "File lock request listener" [_thread_in_native, id=21748, stack(0x0000004f74a00000,0x0000004f74b00000)]
  0x000001edccb2c000 JavaThread "Cache worker for file hash cache (C:\Users\79818\.gradle\caches\7.4\fileHashes)" [_thread_blocked, id=19272, stack(0x0000004f74b00000,0x0000004f74c00000)]
  0x000001edccb2b800 JavaThread "File watcher server" daemon [_thread_in_native, id=6300, stack(0x0000004f74f00000,0x0000004f75000000)]
  0x000001edccb31000 JavaThread "File watcher consumer" daemon [_thread_blocked, id=19460, stack(0x0000004f75000000,0x0000004f75100000)]
  0x000001edd029c000 JavaThread "Cache worker for execution history cache (C:\Users\79818\.gradle\caches\7.4\executionHistory)" [_thread_blocked, id=8480, stack(0x0000004f75500000,0x0000004f75600000)]
  0x000001edd029c800 JavaThread "jar transforms" [_thread_blocked, id=11360, stack(0x0000004f75600000,0x0000004f75700000)]
  0x000001edd0298800 JavaThread "jar transforms Thread 2" [_thread_blocked, id=17452, stack(0x0000004f75700000,0x0000004f75800000)]
  0x000001edd029a000 JavaThread "Cache worker for file content cache (C:\Users\79818\.gradle\caches\7.4\fileContent)" [_thread_blocked, id=11916, stack(0x0000004f75800000,0x0000004f75900000)]
  0x000001edd029d800 JavaThread "jar transforms Thread 3" [_thread_blocked, id=25144, stack(0x0000004f75900000,0x0000004f75a00000)]
  0x000001edd029e800 JavaThread "jar transforms Thread 4" [_thread_blocked, id=15768, stack(0x0000004f75a00000,0x0000004f75b00000)]
  0x000001edd02a0800 JavaThread "jar transforms Thread 5" [_thread_blocked, id=25916, stack(0x0000004f75b00000,0x0000004f75c00000)]
  0x000001edd029f000 JavaThread "jar transforms Thread 6" [_thread_blocked, id=23528, stack(0x0000004f75c00000,0x0000004f75d00000)]
  0x000001edd02a0000 JavaThread "jar transforms Thread 7" [_thread_blocked, id=7500, stack(0x0000004f75d00000,0x0000004f75e00000)]
  0x000001edd029b000 JavaThread "jar transforms Thread 8" [_thread_blocked, id=22976, stack(0x0000004f75e00000,0x0000004f75f00000)]
  0x000001edd02a5800 JavaThread "Memory manager" [_thread_blocked, id=13352, stack(0x0000004f76200000,0x0000004f76300000)]
  0x000001edd1f4c800 JavaThread "Cache worker for Java compile cache (C:\Users\79818\.gradle\caches\7.4\javaCompile)" [_thread_blocked, id=22424, stack(0x0000004f7bb00000,0x0000004f7bc00000)]
  0x000001edd294b000 JavaThread "Exec process" [_thread_in_native, id=18336, stack(0x0000004f7c900000,0x0000004f7ca00000)]
  0x000001edd294b800 JavaThread "Exec process Thread 2" [_thread_in_native, id=22372, stack(0x0000004f7cb00000,0x0000004f7cc00000)]
  0x000001edd294a000 JavaThread "Exec process Thread 3" [_thread_in_native, id=17936, stack(0x0000004f7cc00000,0x0000004f7cd00000)]
  0x000001edd2946000 JavaThread "Exec process Thread 4" [_thread_blocked, id=25196, stack(0x0000004f7cd00000,0x0000004f7ce00000)]
  0x000001edd1f41000 JavaThread "Daemon Thread 2" [_thread_blocked, id=16208, stack(0x0000004f72700000,0x0000004f72800000)]
  0x000001edd1f4a000 JavaThread "included builds" [_thread_blocked, id=3388, stack(0x0000004f76500000,0x0000004f76600000)]
  0x000001edd1f44800 JavaThread "Handler for socket connection from /127.0.0.1:50237 to /127.0.0.1:50716" [_thread_in_native, id=15688, stack(0x0000004f72600000,0x0000004f72700000)]
  0x000001edd1f45000 JavaThread "Cancel handler" [_thread_blocked, id=1040, stack(0x0000004f72800000,0x0000004f72900000)]
  0x000001edd1f46000 JavaThread "Asynchronous log dispatcher for DefaultDaemonConnection: socket connection from /127.0.0.1:50237 to /127.0.0.1:50716" [_thread_blocked, id=4248, stack(0x0000004f74600000,0x0000004f74700000)]
  0x000001edd1f47000 JavaThread "Stdin handler" [_thread_blocked, id=16552, stack(0x0000004f74700000,0x0000004f74800000)]
  0x000001edd1f47800 JavaThread "Daemon client event forwarder" [_thread_blocked, id=10404, stack(0x0000004f74800000,0x0000004f74900000)]
  0x000001edd1f43800 JavaThread "Cache worker for checksums cache (C:\Diploma\.gradle\7.4\checksums)" [_thread_blocked, id=8064, stack(0x0000004f75100000,0x0000004f75200000)]
  0x000001edd1f42000 JavaThread "Cache worker for cache directory md-rule (C:\Users\79818\.gradle\caches\7.4\md-rule)" [_thread_blocked, id=2220, stack(0x0000004f75200000,0x0000004f75300000)]
  0x000001edd1f48800 JavaThread "Cache worker for file hash cache (C:\Diploma\.gradle\7.4\fileHashes)" [_thread_blocked, id=15080, stack(0x0000004f75300000,0x0000004f75400000)]
  0x000001edd1f42800 JavaThread "Cache worker for cache directory md-supplier (C:\Users\79818\.gradle\caches\7.4\md-supplier)" [_thread_blocked, id=4048, stack(0x0000004f75400000,0x0000004f75500000)]
  0x000001edd1f4d800 JavaThread "Cache worker for dependencies-accessors (C:\Diploma\.gradle\7.4\dependencies-accessors)" [_thread_blocked, id=22452, stack(0x0000004f75f00000,0x0000004f76000000)]
  0x000001edd1f4b000 JavaThread "Cache worker for Build Output Cleanup Cache (C:\Diploma\.gradle\buildOutputCleanup)" [_thread_blocked, id=16224, stack(0x0000004f76000000,0x0000004f76100000)]
  0x000001edd1f4b800 JavaThread "Unconstrained build operations" [_thread_blocked, id=10308, stack(0x0000004f76100000,0x0000004f76200000)]
  0x000001edd1f4e000 JavaThread "included builds" [_thread_blocked, id=16464, stack(0x0000004f76300000,0x0000004f76400000)]
  0x000001edd1f49800 JavaThread "Execution worker for ':'" [_thread_blocked, id=10260, stack(0x0000004f76400000,0x0000004f76500000)]
  0x000001edd1f4f000 JavaThread "Execution worker for ':' Thread 2" [_thread_blocked, id=17976, stack(0x0000004f76600000,0x0000004f76700000)]
  0x000001edd1f50000 JavaThread "Execution worker for ':' Thread 3" [_thread_blocked, id=8396, stack(0x0000004f76700000,0x0000004f76800000)]
  0x000001edd2947800 JavaThread "Execution worker for ':' Thread 4" [_thread_blocked, id=7728, stack(0x0000004f76800000,0x0000004f76900000)]
  0x000001edd2944800 JavaThread "Execution worker for ':' Thread 5" [_thread_blocked, id=3564, stack(0x0000004f76900000,0x0000004f76a00000)]
  0x000001edd2946800 JavaThread "Execution worker for ':' Thread 6" [_thread_blocked, id=23240, stack(0x0000004f76a00000,0x0000004f76b00000)]
  0x000001edd2948800 JavaThread "Execution worker for ':' Thread 7" [_thread_blocked, id=16776, stack(0x0000004f76b00000,0x0000004f76c00000)]
  0x000001edd2945000 JavaThread "Cache worker for execution history cache (C:\Diploma\.gradle\7.4\executionHistory)" [_thread_blocked, id=26020, stack(0x0000004f76c00000,0x0000004f76d00000)]
  0x000001edd294c800 JavaThread "Unconstrained build operations Thread 2" [_thread_blocked, id=20620, stack(0x0000004f76d00000,0x0000004f76e00000)]
  0x000001edd294d800 JavaThread "Unconstrained build operations Thread 3" [_thread_blocked, id=9576, stack(0x0000004f76e00000,0x0000004f76f00000)]
  0x000001edd294e000 JavaThread "Unconstrained build operations Thread 4" [_thread_blocked, id=5036, stack(0x0000004f76f00000,0x0000004f77000000)]
  0x000001edd2949000 JavaThread "Unconstrained build operations Thread 5" [_thread_blocked, id=24064, stack(0x0000004f77000000,0x0000004f77100000)]
  0x000001edd2951800 JavaThread "Unconstrained build operations Thread 6" [_thread_blocked, id=15940, stack(0x0000004f77100000,0x0000004f77200000)]
  0x000001edd2952000 JavaThread "Unconstrained build operations Thread 7" [_thread_blocked, id=10648, stack(0x0000004f77200000,0x0000004f77300000)]
  0x000001edd2950800 JavaThread "Unconstrained build operations Thread 8" [_thread_blocked, id=12908, stack(0x0000004f77300000,0x0000004f77400000)]
  0x000001edd2953000 JavaThread "Unconstrained build operations Thread 9" [_thread_blocked, id=16316, stack(0x0000004f77400000,0x0000004f77500000)]
  0x000001edd294f000 JavaThread "Unconstrained build operations Thread 10" [_thread_blocked, id=20904, stack(0x0000004f77500000,0x0000004f77600000)]
  0x000001edd294f800 JavaThread "Unconstrained build operations Thread 11" [_thread_blocked, id=13432, stack(0x0000004f77600000,0x0000004f77700000)]
  0x000001edd02a5000 JavaThread "Unconstrained build operations Thread 12" [_thread_blocked, id=9324, stack(0x0000004f77700000,0x0000004f77800000)]
  0x000001edd02a1800 JavaThread "Unconstrained build operations Thread 13" [_thread_blocked, id=11216, stack(0x0000004f77800000,0x0000004f77900000)]
  0x000001edd02a2800 JavaThread "Unconstrained build operations Thread 14" [_thread_blocked, id=17120, stack(0x0000004f77900000,0x0000004f77a00000)]
  0x000001edd02a4000 JavaThread "Unconstrained build operations Thread 15" [_thread_blocked, id=23084, stack(0x0000004f77a00000,0x0000004f77b00000)]
  0x000001edd02a3000 JavaThread "Unconstrained build operations Thread 16" [_thread_blocked, id=9360, stack(0x0000004f77b00000,0x0000004f77c00000)]
  0x000001edccb32000 JavaThread "Unconstrained build operations Thread 17" [_thread_blocked, id=17472, stack(0x0000004f77c00000,0x0000004f77d00000)]
  0x000001edccb2e800 JavaThread "Unconstrained build operations Thread 18" [_thread_blocked, id=6060, stack(0x0000004f77d00000,0x0000004f77e00000)]
  0x000001edccb2f800 JavaThread "Unconstrained build operations Thread 19" [_thread_blocked, id=12576, stack(0x0000004f77e00000,0x0000004f77f00000)]
  0x000001edccb2d000 JavaThread "Unconstrained build operations Thread 20" [_thread_blocked, id=22792, stack(0x0000004f77f00000,0x0000004f78000000)]
  0x000001edd207a000 JavaThread "Unconstrained build operations Thread 21" [_thread_blocked, id=14524, stack(0x0000004f78000000,0x0000004f78100000)]
  0x000001edd207d800 JavaThread "Unconstrained build operations Thread 22" [_thread_blocked, id=23972, stack(0x0000004f78100000,0x0000004f78200000)]
  0x000001edd207b000 JavaThread "Unconstrained build operations Thread 23" [_thread_blocked, id=10728, stack(0x0000004f78200000,0x0000004f78300000)]
  0x000001edd207b800 JavaThread "Unconstrained build operations Thread 24" [_thread_blocked, id=15924, stack(0x0000004f78300000,0x0000004f78400000)]
  0x000001edd207e000 JavaThread "Unconstrained build operations Thread 25" [_thread_blocked, id=21164, stack(0x0000004f78400000,0x0000004f78500000)]
  0x000001edd2079800 JavaThread "Unconstrained build operations Thread 26" [_thread_blocked, id=21156, stack(0x0000004f78500000,0x0000004f78600000)]
  0x000001edd207c800 JavaThread "Unconstrained build operations Thread 27" [_thread_blocked, id=4896, stack(0x0000004f78600000,0x0000004f78700000)]
  0x000001edd2078800 JavaThread "Unconstrained build operations Thread 28" [_thread_blocked, id=26200, stack(0x0000004f78700000,0x0000004f78800000)]
  0x000001edd2084000 JavaThread "Unconstrained build operations Thread 29" [_thread_blocked, id=11476, stack(0x0000004f78800000,0x0000004f78900000)]
  0x000001edd2081800 JavaThread "Unconstrained build operations Thread 30" [_thread_blocked, id=10436, stack(0x0000004f78900000,0x0000004f78a00000)]
  0x000001edd2083000 JavaThread "Unconstrained build operations Thread 31" [_thread_blocked, id=13460, stack(0x0000004f78a00000,0x0000004f78b00000)]
  0x000001edd2080800 JavaThread "Unconstrained build operations Thread 32" [_thread_blocked, id=13920, stack(0x0000004f78b00000,0x0000004f78c00000)]
  0x000001edd207f000 JavaThread "Unconstrained build operations Thread 33" [_thread_blocked, id=8928, stack(0x0000004f78c00000,0x0000004f78d00000)]
  0x000001edd2082800 JavaThread "Unconstrained build operations Thread 34" [_thread_blocked, id=25412, stack(0x0000004f78d00000,0x0000004f78e00000)]
  0x000001edd2084800 JavaThread "Unconstrained build operations Thread 35" [_thread_blocked, id=21728, stack(0x0000004f78e00000,0x0000004f78f00000)]
  0x000001edd2085800 JavaThread "Unconstrained build operations Thread 36" [_thread_blocked, id=21372, stack(0x0000004f78f00000,0x0000004f79000000)]
  0x000001edd2080000 JavaThread "Unconstrained build operations Thread 37" [_thread_blocked, id=22704, stack(0x0000004f79000000,0x0000004f79100000)]
  0x000001edd2086800 JavaThread "Unconstrained build operations Thread 38" [_thread_blocked, id=15532, stack(0x0000004f79100000,0x0000004f79200000)]
  0x000001edd2087000 JavaThread "Unconstrained build operations Thread 39" [_thread_blocked, id=9080, stack(0x0000004f79200000,0x0000004f79300000)]
  0x000001edce5ca000 JavaThread "Unconstrained build operations Thread 40" [_thread_blocked, id=22180, stack(0x0000004f79300000,0x0000004f79400000)]
  0x000001edce5cd000 JavaThread "Unconstrained build operations Thread 41" [_thread_blocked, id=25252, stack(0x0000004f79400000,0x0000004f79500000)]
  0x000001edce5cc000 JavaThread "Unconstrained build operations Thread 42" [_thread_blocked, id=25288, stack(0x0000004f79500000,0x0000004f79600000)]
  0x000001edce5ce000 JavaThread "Unconstrained build operations Thread 43" [_thread_blocked, id=16996, stack(0x0000004f79600000,0x0000004f79700000)]
  0x000001edce5ca800 JavaThread "Unconstrained build operations Thread 44" [_thread_blocked, id=17196, stack(0x0000004f79700000,0x0000004f79800000)]
  0x000001edce5c8000 JavaThread "Unconstrained build operations Thread 45" [_thread_blocked, id=23572, stack(0x0000004f79800000,0x0000004f79900000)]
  0x000001edce5cb800 JavaThread "Unconstrained build operations Thread 46" [_thread_blocked, id=21552, stack(0x0000004f79900000,0x0000004f79a00000)]
  0x000001edce5ce800 JavaThread "Unconstrained build operations Thread 47" [_thread_blocked, id=15840, stack(0x0000004f79a00000,0x0000004f79b00000)]
  0x000001edce5c9000 JavaThread "Unconstrained build operations Thread 48" [_thread_blocked, id=7344, stack(0x0000004f79b00000,0x0000004f79c00000)]
  0x000001edce5d3000 JavaThread "Unconstrained build operations Thread 49" [_thread_blocked, id=5888, stack(0x0000004f79c00000,0x0000004f79d00000)]
  0x000001edce5d3800 JavaThread "Unconstrained build operations Thread 50" [_thread_blocked, id=14200, stack(0x0000004f79d00000,0x0000004f79e00000)]
  0x000001edce5d2000 JavaThread "Unconstrained build operations Thread 51" [_thread_blocked, id=2548, stack(0x0000004f79e00000,0x0000004f79f00000)]
  0x000001edce5d4800 JavaThread "Unconstrained build operations Thread 52" [_thread_blocked, id=2324, stack(0x0000004f79f00000,0x0000004f7a000000)]
  0x000001edce5d5000 JavaThread "Unconstrained build operations Thread 53" [_thread_blocked, id=14960, stack(0x0000004f7a000000,0x0000004f7a100000)]
  0x000001edce5cf800 JavaThread "Unconstrained build operations Thread 54" [_thread_blocked, id=9880, stack(0x0000004f7a100000,0x0000004f7a200000)]
  0x000001edce5d6000 JavaThread "Unconstrained build operations Thread 55" [_thread_blocked, id=21724, stack(0x0000004f7a200000,0x0000004f7a300000)]
  0x000001edce5d0800 JavaThread "Unconstrained build operations Thread 56" [_thread_blocked, id=21860, stack(0x0000004f7a300000,0x0000004f7a400000)]
  0x000001edce5d7000 JavaThread "Unconstrained build operations Thread 57" [_thread_blocked, id=26328, stack(0x0000004f7a400000,0x0000004f7a500000)]
  0x000001edce5d1000 JavaThread "Unconstrained build operations Thread 58" [_thread_blocked, id=23948, stack(0x0000004f7a500000,0x0000004f7a600000)]
  0x000001edd2e5a000 JavaThread "Unconstrained build operations Thread 59" [_thread_blocked, id=23748, stack(0x0000004f7a600000,0x0000004f7a700000)]
  0x000001edd2e5a800 JavaThread "Unconstrained build operations Thread 60" [_thread_blocked, id=17832, stack(0x0000004f7a700000,0x0000004f7a800000)]
  0x000001edd2e5b800 JavaThread "Unconstrained build operations Thread 61" [_thread_blocked, id=5248, stack(0x0000004f7a800000,0x0000004f7a900000)]
  0x000001edd2e5e000 JavaThread "Unconstrained build operations Thread 62" [_thread_blocked, id=2384, stack(0x0000004f7a900000,0x0000004f7aa00000)]
  0x000001edd2e5d000 JavaThread "Unconstrained build operations Thread 63" [_thread_blocked, id=18960, stack(0x0000004f7aa00000,0x0000004f7ab00000)]
  0x000001edd2e58800 JavaThread "Unconstrained build operations Thread 64" [_thread_blocked, id=15724, stack(0x0000004f7ab00000,0x0000004f7ac00000)]
  0x000001edd2e5c800 JavaThread "Unconstrained build operations Thread 65" [_thread_blocked, id=23860, stack(0x0000004f7ac00000,0x0000004f7ad00000)]
  0x000001edd2e5f000 JavaThread "Unconstrained build operations Thread 66" [_thread_blocked, id=26552, stack(0x0000004f7ad00000,0x0000004f7ae00000)]
  0x000001edd2e59000 JavaThread "Unconstrained build operations Thread 67" [_thread_blocked, id=2168, stack(0x0000004f7ae00000,0x0000004f7af00000)]
  0x000001edd2e64800 JavaThread "Unconstrained build operations Thread 68" [_thread_blocked, id=1704, stack(0x0000004f7af00000,0x0000004f7b000000)]
  0x000001edd2e65800 JavaThread "Unconstrained build operations Thread 69" [_thread_blocked, id=132, stack(0x0000004f7b000000,0x0000004f7b100000)]
  0x000001edd2e60800 JavaThread "Unconstrained build operations Thread 70" [_thread_blocked, id=25116, stack(0x0000004f7b100000,0x0000004f7b200000)]
  0x000001edd2e62000 JavaThread "Unconstrained build operations Thread 71" [_thread_blocked, id=8996, stack(0x0000004f7b200000,0x0000004f7b300000)]
  0x000001edd2e5f800 JavaThread "Unconstrained build operations Thread 72" [_thread_blocked, id=1924, stack(0x0000004f7b300000,0x0000004f7b400000)]
  0x000001edd2e66000 JavaThread "Unconstrained build operations Thread 73" [_thread_blocked, id=16204, stack(0x0000004f7b400000,0x0000004f7b500000)]
  0x000001edd2e67000 JavaThread "Unconstrained build operations Thread 74" [_thread_blocked, id=17848, stack(0x0000004f7b500000,0x0000004f7b600000)]
  0x000001edd2e63000 JavaThread "Unconstrained build operations Thread 75" [_thread_blocked, id=15528, stack(0x0000004f7b600000,0x0000004f7b700000)]
  0x000001edd2e63800 JavaThread "Unconstrained build operations Thread 76" [_thread_blocked, id=21296, stack(0x0000004f7b700000,0x0000004f7b800000)]
  0x000001edd2e61800 JavaThread "Unconstrained build operations Thread 77" [_thread_blocked, id=6912, stack(0x0000004f7b800000,0x0000004f7b900000)]
  0x000001edd0909000 JavaThread "Unconstrained build operations Thread 78" [_thread_blocked, id=16272, stack(0x0000004f7b900000,0x0000004f7ba00000)]
  0x000001edd090d000 JavaThread "Unconstrained build operations Thread 79" [_thread_blocked, id=7060, stack(0x0000004f7ba00000,0x0000004f7bb00000)]
  0x000001edd090a000 JavaThread "Unconstrained build operations Thread 80" [_thread_blocked, id=21908, stack(0x0000004f7bc00000,0x0000004f7bd00000)]
  0x000001edd090a800 JavaThread "Dispatch org.gradle.api.internal.tasks.testing.results.AttachParentTestResultProcessor@483b1d81" [_thread_blocked, id=12108, stack(0x0000004f7bd00000,0x0000004f7be00000)]
  0x000001edd090b800 JavaThread "Dispatch org.gradle.api.internal.tasks.testing.processors.RestartEveryNTestClassProcessor@217cf8f1" [_thread_blocked, id=14796, stack(0x0000004f7be00000,0x0000004f7bf00000)]
  0x000001edd090c800 JavaThread "Incoming local TCP Connector on port 50723" [_thread_blocked, id=13340, stack(0x0000004f7bf00000,0x0000004f7c000000)]
  0x000001edd090e000 JavaThread "/127.0.0.1:50723 to /127.0.0.1:50728 workers" [_thread_blocked, id=23048, stack(0x0000004f7c000000,0x0000004f7c100000)]
  0x000001edd0908800 JavaThread "/127.0.0.1:50723 to /127.0.0.1:50728 workers Thread 2" [_thread_blocked, id=15168, stack(0x0000004f7c100000,0x0000004f7c200000)]
  0x000001edd0913000 JavaThread "/127.0.0.1:50723 to /127.0.0.1:50728 workers Thread 3" [_thread_blocked, id=15976, stack(0x0000004f7c200000,0x0000004f7c300000)]
  0x000001edd0914800 JavaThread "/127.0.0.1:50723 to /127.0.0.1:50728 workers Thread 4" [_thread_in_native, id=1776, stack(0x0000004f7c300000,0x0000004f7c400000)]

Other Threads:
  0x000001edcb667800 VMThread "VM Thread" [stack: 0x0000004f72f00000,0x0000004f73000000] [id=908]
  0x000001edcc1aa800 WatcherThread [stack: 0x0000004f73900000,0x0000004f73a00000] [id=1424]
  0x000001edafe8c800 GCTaskThread "GC Thread#0" [stack: 0x0000004f72a00000,0x0000004f72b00000] [id=22924]
  0x000001edccc23800 GCTaskThread "GC Thread#1" [stack: 0x0000004f73a00000,0x0000004f73b00000] [id=20748]
  0x000001edcd092800 GCTaskThread "GC Thread#2" [stack: 0x0000004f73b00000,0x0000004f73c00000] [id=13884]
  0x000001edcd093000 GCTaskThread "GC Thread#3" [stack: 0x0000004f73c00000,0x0000004f73d00000] [id=11356]
  0x000001edcc929800 GCTaskThread "GC Thread#4" [stack: 0x0000004f73d00000,0x0000004f73e00000] [id=15260]
  0x000001edccbf6800 GCTaskThread "GC Thread#5" [stack: 0x0000004f73e00000,0x0000004f73f00000] [id=21032]
  0x000001edcc990800 GCTaskThread "GC Thread#6" [stack: 0x0000004f74c00000,0x0000004f74d00000] [id=19540]
  0x000001edcda21800 GCTaskThread "GC Thread#7" [stack: 0x0000004f74d00000,0x0000004f74e00000] [id=5696]
  0x000001edafe9e000 ConcurrentGCThread "G1 Main Marker" [stack: 0x0000004f72b00000,0x0000004f72c00000] [id=17492]
  0x000001edafea0000 ConcurrentGCThread "G1 Conc#0" [stack: 0x0000004f72c00000,0x0000004f72d00000] [id=21764]
  0x000001edcd1ae800 ConcurrentGCThread "G1 Conc#1" [stack: 0x0000004f74e00000,0x0000004f74f00000] [id=22164]
  0x000001edcb502800 ConcurrentGCThread "G1 Refine#0" [stack: 0x0000004f72d00000,0x0000004f72e00000] [id=18572]
  0x000001edd248b800 ConcurrentGCThread "G1 Refine#1" [stack: 0x0000004f7c400000,0x0000004f7c500000] [id=14248]
  0x000001edd03ea800 ConcurrentGCThread "G1 Refine#2" [stack: 0x0000004f7c500000,0x0000004f7c600000] [id=19464]
  0x000001edcb505800 ConcurrentGCThread "G1 Young RemSet Sampling" [stack: 0x0000004f72e00000,0x0000004f72f00000] [id=10172]

Threads with active compile tasks:
C2 CompilerThread0   138161 10704       4       org.codehaus.groovy.reflection.ParameterTypes::correctArguments (79 bytes)

VM state:not at safepoint (normal execution)

VM Mutex/Monitor currently owned by a thread: None

Heap address: 0x00000000e0000000, size: 512 MB, Compressed Oops mode: 32-bit
Narrow klass base: 0x0000000000000000, Narrow klass shift: 3
Compressed class space size: 260046848 Address: 0x0000000100000000

Heap:
 garbage-first heap   total 262144K, used 109568K [0x00000000e0000000, 0x0000000100000000)
  region size 1024K, 60 young (61440K), 13 survivors (13312K)
 Metaspace       used 73892K, capacity 76555K, committed 76660K, reserved 321536K
  class space    used 9400K, capacity 10406K, committed 10468K, reserved 253952K
Heap Regions: E=young(eden), S=young(survivor), O=old, HS=humongous(starts), HC=humongous(continues), CS=collection set, F=free, A=archive, TAMS=top-at-mark-start (previous, next)
|   0|0x00000000e0000000, 0x00000000e0100000, 0x00000000e0100000|100%| O|  |TAMS 0x00000000e0100000, 0x00000000e0000000| Untracked 
|   1|0x00000000e0100000, 0x00000000e0200000, 0x00000000e0200000|100%| O|  |TAMS 0x00000000e0200000, 0x00000000e0100000| Untracked 
|   2|0x00000000e0200000, 0x00000000e0300000, 0x00000000e0300000|100%| O|  |TAMS 0x00000000e0300000, 0x00000000e0200000| Untracked 
|   3|0x00000000e0300000, 0x00000000e0400000, 0x00000000e0400000|100%|HS|  |TAMS 0x00000000e0400000, 0x00000000e0300000| Complete 
|   4|0x00000000e0400000, 0x00000000e0500000, 0x00000000e0500000|100%|HC|  |TAMS 0x00000000e0500000, 0x00000000e0400000| Complete 
|   5|0x00000000e0500000, 0x00000000e0600000, 0x00000000e0600000|100%|HC|  |TAMS 0x00000000e0600000, 0x00000000e0500000| Complete 
|   6|0x00000000e0600000, 0x00000000e0700000, 0x00000000e0700000|100%| O|  |TAMS 0x00000000e0700000, 0x00000000e0600000| Untracked 
|   7|0x00000000e0700000, 0x00000000e0800000, 0x00000000e0800000|100%| O|  |TAMS 0x00000000e0800000, 0x00000000e0700000| Untracked 
|   8|0x00000000e0800000, 0x00000000e0900000, 0x00000000e0900000|100%| O|  |TAMS 0x00000000e0900000, 0x00000000e0800000| Untracked 
|   9|0x00000000e0900000, 0x00000000e0a00000, 0x00000000e0a00000|100%| O|  |TAMS 0x00000000e0a00000, 0x00000000e0900000| Untracked 
|  10|0x00000000e0a00000, 0x00000000e0b00000, 0x00000000e0b00000|100%| O|  |TAMS 0x00000000e0b00000, 0x00000000e0a00000| Untracked 
|  11|0x00000000e0b00000, 0x00000000e0c00000, 0x00000000e0c00000|100%| O|  |TAMS 0x00000000e0c00000, 0x00000000e0b00000| Untracked 
|  12|0x00000000e0c00000, 0x00000000e0d00000, 0x00000000e0d00000|100%| O|  |TAMS 0x00000000e0d00000, 0x00000000e0c00000| Untracked 
|  13|0x00000000e0d00000, 0x00000000e0e00000, 0x00000000e0e00000|100%| O|  |TAMS 0x00000000e0e00000, 0x00000000e0d00000| Untracked 
|  14|0x00000000e0e00000, 0x00000000e0f00000, 0x00000000e0f00000|100%| O|  |TAMS 0x00000000e0f00000, 0x00000000e0e00000| Untracked 
|  15|0x00000000e0f00000, 0x00000000e1000000, 0x00000000e1000000|100%| O|  |TAMS 0x00000000e1000000, 0x00000000e0f00000| Untracked 
|  16|0x00000000e1000000, 0x00000000e1100000, 0x00000000e1100000|100%| O|  |TAMS 0x00000000e1100000, 0x00000000e1000000| Untracked 
|  17|0x00000000e1100000, 0x00000000e1200000, 0x00000000e1200000|100%| O|  |TAMS 0x00000000e1200000, 0x00000000e1100000| Untracked 
|  18|0x00000000e1200000, 0x00000000e1300000, 0x00000000e1300000|100%| O|  |TAMS 0x00000000e1300000, 0x00000000e1200000| Untracked 
|  19|0x00000000e1300000, 0x00000000e1400000, 0x00000000e1400000|100%| O|  |TAMS 0x00000000e1400000, 0x00000000e1300000| Untracked 
|  20|0x00000000e1400000, 0x00000000e1500000, 0x00000000e1500000|100%| O|  |TAMS 0x00000000e1500000, 0x00000000e1400000| Untracked 
|  21|0x00000000e1500000, 0x00000000e1600000, 0x00000000e1600000|100%| O|  |TAMS 0x00000000e1600000, 0x00000000e1500000| Untracked 
|  22|0x00000000e1600000, 0x00000000e1700000, 0x00000000e1700000|100%| O|  |TAMS 0x00000000e1700000, 0x00000000e1600000| Untracked 
|  23|0x00000000e1700000, 0x00000000e1800000, 0x00000000e1800000|100%| O|  |TAMS 0x00000000e1800000, 0x00000000e1700000| Untracked 
|  24|0x00000000e1800000, 0x00000000e1900000, 0x00000000e1900000|100%| O|  |TAMS 0x00000000e1900000, 0x00000000e1800000| Untracked 
|  25|0x00000000e1900000, 0x00000000e1a00000, 0x00000000e1a00000|100%| O|  |TAMS 0x00000000e1a00000, 0x00000000e1900000| Untracked 
|  26|0x00000000e1a00000, 0x00000000e1b00000, 0x00000000e1b00000|100%| O|  |TAMS 0x00000000e1b00000, 0x00000000e1a00000| Untracked 
|  27|0x00000000e1b00000, 0x00000000e1c00000, 0x00000000e1c00000|100%| O|  |TAMS 0x00000000e1c00000, 0x00000000e1b00000| Untracked 
|  28|0x00000000e1c00000, 0x00000000e1d00000, 0x00000000e1d00000|100%| O|  |TAMS 0x00000000e1d00000, 0x00000000e1c00000| Untracked 
|  29|0x00000000e1d00000, 0x00000000e1e00000, 0x00000000e1e00000|100%| O|  |TAMS 0x00000000e1e00000, 0x00000000e1d00000| Untracked 
|  30|0x00000000e1e00000, 0x00000000e1f00000, 0x00000000e1f00000|100%| O|  |TAMS 0x00000000e1f00000, 0x00000000e1e00000| Untracked 
|  31|0x00000000e1f00000, 0x00000000e2000000, 0x00000000e2000000|100%| O|  |TAMS 0x00000000e2000000, 0x00000000e1f00000| Untracked 
|  32|0x00000000e2000000, 0x00000000e2100000, 0x00000000e2100000|100%| O|  |TAMS 0x00000000e2100000, 0x00000000e2000000| Untracked 
|  33|0x00000000e2100000, 0x00000000e2200000, 0x00000000e2200000|100%| O|  |TAMS 0x00000000e2200000, 0x00000000e2100000| Untracked 
|  34|0x00000000e2200000, 0x00000000e2300000, 0x00000000e2300000|100%| O|  |TAMS 0x00000000e2300000, 0x00000000e2200000| Untracked 
|  35|0x00000000e2300000, 0x00000000e2400000, 0x00000000e2400000|100%| O|  |TAMS 0x00000000e2400000, 0x00000000e2300000| Untracked 
|  36|0x00000000e2400000, 0x00000000e2500000, 0x00000000e2500000|100%| O|  |TAMS 0x00000000e2500000, 0x00000000e2400000| Untracked 
|  37|0x00000000e2500000, 0x00000000e2600000, 0x00000000e2600000|100%| O|  |TAMS 0x00000000e2600000, 0x00000000e2500000| Untracked 
|  38|0x00000000e2600000, 0x00000000e2700000, 0x00000000e2700000|100%| O|  |TAMS 0x00000000e2700000, 0x00000000e2600000| Untracked 
|  39|0x00000000e2700000, 0x00000000e2800000, 0x00000000e2800000|100%| O|  |TAMS 0x00000000e2800000, 0x00000000e2700000| Untracked 
|  40|0x00000000e2800000, 0x00000000e2900000, 0x00000000e2900000|100%| O|  |TAMS 0x00000000e2900000, 0x00000000e2800000| Untracked 
|  41|0x00000000e2900000, 0x00000000e2a00000, 0x00000000e2a00000|100%| O|  |TAMS 0x00000000e2a00000, 0x00000000e2900000| Untracked 
|  42|0x00000000e2a00000, 0x00000000e2b00000, 0x00000000e2b00000|100%| O|  |TAMS 0x00000000e2b00000, 0x00000000e2a00000| Untracked 
|  43|0x00000000e2b00000, 0x00000000e2c00000, 0x00000000e2c00000|100%| O|  |TAMS 0x00000000e2c00000, 0x00000000e2b00000| Untracked 
|  44|0x00000000e2c00000, 0x00000000e2d00000, 0x00000000e2d00000|100%| O|  |TAMS 0x00000000e2d00000, 0x00000000e2c00000| Untracked 
|  45|0x00000000e2d00000, 0x00000000e2e00000, 0x00000000e2e00000|100%| O|  |TAMS 0x00000000e2e00000, 0x00000000e2d00000| Untracked 
|  46|0x00000000e2e00000, 0x00000000e2f00000, 0x00000000e2f00000|100%| O|  |TAMS 0x00000000e2f00000, 0x00000000e2e00000| Untracked 
|  47|0x00000000e2f00000, 0x00000000e3000000, 0x00000000e3000000|100%| O|  |TAMS 0x00000000e3000000, 0x00000000e2f00000| Untracked 
|  48|0x00000000e3000000, 0x00000000e3000000, 0x00000000e3100000|  0%| F|  |TAMS 0x00000000e3000000, 0x00000000e3000000| Untracked 
|  49|0x00000000e3100000, 0x00000000e3100000, 0x00000000e3200000|  0%| F|  |TAMS 0x00000000e3100000, 0x00000000e3100000| Untracked 
|  50|0x00000000e3200000, 0x00000000e3200000, 0x00000000e3300000|  0%| F|  |TAMS 0x00000000e3200000, 0x00000000e3200000| Untracked 
|  51|0x00000000e3300000, 0x00000000e3300000, 0x00000000e3400000|  0%| F|  |TAMS 0x00000000e3300000, 0x00000000e3300000| Untracked 
|  52|0x00000000e3400000, 0x00000000e3400000, 0x00000000e3500000|  0%| F|  |TAMS 0x00000000e3400000, 0x00000000e3400000| Untracked 
|  53|0x00000000e3500000, 0x00000000e3500000, 0x00000000e3600000|  0%| F|  |TAMS 0x00000000e3500000, 0x00000000e3500000| Untracked 
|  54|0x00000000e3600000, 0x00000000e3600000, 0x00000000e3700000|  0%| F|  |TAMS 0x00000000e3600000, 0x00000000e3600000| Untracked 
|  55|0x00000000e3700000, 0x00000000e3700000, 0x00000000e3800000|  0%| F|  |TAMS 0x00000000e3700000, 0x00000000e3700000| Untracked 
|  56|0x00000000e3800000, 0x00000000e3800000, 0x00000000e3900000|  0%| F|  |TAMS 0x00000000e3800000, 0x00000000e3800000| Untracked 
|  57|0x00000000e3900000, 0x00000000e3900000, 0x00000000e3a00000|  0%| F|  |TAMS 0x00000000e3900000, 0x00000000e3900000| Untracked 
|  58|0x00000000e3a00000, 0x00000000e3a00000, 0x00000000e3b00000|  0%| F|  |TAMS 0x00000000e3a00000, 0x00000000e3a00000| Untracked 
|  59|0x00000000e3b00000, 0x00000000e3b00000, 0x00000000e3c00000|  0%| F|  |TAMS 0x00000000e3b00000, 0x00000000e3b00000| Untracked 
|  60|0x00000000e3c00000, 0x00000000e3c00000, 0x00000000e3d00000|  0%| F|  |TAMS 0x00000000e3c00000, 0x00000000e3c00000| Untracked 
|  61|0x00000000e3d00000, 0x00000000e3d00000, 0x00000000e3e00000|  0%| F|  |TAMS 0x00000000e3d00000, 0x00000000e3d00000| Untracked 
|  62|0x00000000e3e00000, 0x00000000e3e00000, 0x00000000e3f00000|  0%| F|  |TAMS 0x00000000e3e00000, 0x00000000e3e00000| Untracked 
|  63|0x00000000e3f00000, 0x00000000e3f00000, 0x00000000e4000000|  0%| F|  |TAMS 0x00000000e3f00000, 0x00000000e3f00000| Untracked 
|  64|0x00000000e4000000, 0x00000000e4000000, 0x00000000e4100000|  0%| F|  |TAMS 0x00000000e4000000, 0x00000000e4000000| Untracked 
|  65|0x00000000e4100000, 0x00000000e4100000, 0x00000000e4200000|  0%| F|  |TAMS 0x00000000e4100000, 0x00000000e4100000| Untracked 
|  66|0x00000000e4200000, 0x00000000e4200000, 0x00000000e4300000|  0%| F|  |TAMS 0x00000000e4200000, 0x00000000e4200000| Untracked 
|  67|0x00000000e4300000, 0x00000000e4300000, 0x00000000e4400000|  0%| F|  |TAMS 0x00000000e4300000, 0x00000000e4300000| Untracked 
|  68|0x00000000e4400000, 0x00000000e4400000, 0x00000000e4500000|  0%| F|  |TAMS 0x00000000e4400000, 0x00000000e4400000| Untracked 
|  69|0x00000000e4500000, 0x00000000e4500000, 0x00000000e4600000|  0%| F|  |TAMS 0x00000000e4500000, 0x00000000e4500000| Untracked 
|  70|0x00000000e4600000, 0x00000000e4600000, 0x00000000e4700000|  0%| F|  |TAMS 0x00000000e4600000, 0x00000000e4600000| Untracked 
|  71|0x00000000e4700000, 0x00000000e4700000, 0x00000000e4800000|  0%| F|  |TAMS 0x00000000e4700000, 0x00000000e4700000| Untracked 
|  72|0x00000000e4800000, 0x00000000e4800000, 0x00000000e4900000|  0%| F|  |TAMS 0x00000000e4800000, 0x00000000e4800000| Untracked 
|  73|0x00000000e4900000, 0x00000000e4900000, 0x00000000e4a00000|  0%| F|  |TAMS 0x00000000e4900000, 0x00000000e4900000| Untracked 
|  74|0x00000000e4a00000, 0x00000000e4a00000, 0x00000000e4b00000|  0%| F|  |TAMS 0x00000000e4a00000, 0x00000000e4a00000| Untracked 
|  75|0x00000000e4b00000, 0x00000000e4b00000, 0x00000000e4c00000|  0%| F|  |TAMS 0x00000000e4b00000, 0x00000000e4b00000| Untracked 
|  76|0x00000000e4c00000, 0x00000000e4c00000, 0x00000000e4d00000|  0%| F|  |TAMS 0x00000000e4c00000, 0x00000000e4c00000| Untracked 
|  77|0x00000000e4d00000, 0x00000000e4d00000, 0x00000000e4e00000|  0%| F|  |TAMS 0x00000000e4d00000, 0x00000000e4d00000| Untracked 
|  78|0x00000000e4e00000, 0x00000000e4e00000, 0x00000000e4f00000|  0%| F|  |TAMS 0x00000000e4e00000, 0x00000000e4e00000| Untracked 
|  79|0x00000000e4f00000, 0x00000000e4f00000, 0x00000000e5000000|  0%| F|  |TAMS 0x00000000e4f00000, 0x00000000e4f00000| Untracked 
|  80|0x00000000e5000000, 0x00000000e5000000, 0x00000000e5100000|  0%| F|  |TAMS 0x00000000e5000000, 0x00000000e5000000| Untracked 
|  81|0x00000000e5100000, 0x00000000e5100000, 0x00000000e5200000|  0%| F|  |TAMS 0x00000000e5100000, 0x00000000e5100000| Untracked 
|  82|0x00000000e5200000, 0x00000000e5200000, 0x00000000e5300000|  0%| F|  |TAMS 0x00000000e5200000, 0x00000000e5200000| Untracked 
|  83|0x00000000e5300000, 0x00000000e5300000, 0x00000000e5400000|  0%| F|  |TAMS 0x00000000e5300000, 0x00000000e5300000| Untracked 
|  84|0x00000000e5400000, 0x00000000e5400000, 0x00000000e5500000|  0%| F|  |TAMS 0x00000000e5400000, 0x00000000e5400000| Untracked 
|  85|0x00000000e5500000, 0x00000000e5500000, 0x00000000e5600000|  0%| F|  |TAMS 0x00000000e5500000, 0x00000000e5500000| Untracked 
|  86|0x00000000e5600000, 0x00000000e5600000, 0x00000000e5700000|  0%| F|  |TAMS 0x00000000e5600000, 0x00000000e5600000| Untracked 
|  87|0x00000000e5700000, 0x00000000e5700000, 0x00000000e5800000|  0%| F|  |TAMS 0x00000000e5700000, 0x00000000e5700000| Untracked 
|  88|0x00000000e5800000, 0x00000000e5800000, 0x00000000e5900000|  0%| F|  |TAMS 0x00000000e5800000, 0x00000000e5800000| Untracked 
|  89|0x00000000e5900000, 0x00000000e5900000, 0x00000000e5a00000|  0%| F|  |TAMS 0x00000000e5900000, 0x00000000e5900000| Untracked 
|  90|0x00000000e5a00000, 0x00000000e5a00000, 0x00000000e5b00000|  0%| F|  |TAMS 0x00000000e5a00000, 0x00000000e5a00000| Untracked 
|  91|0x00000000e5b00000, 0x00000000e5b00000, 0x00000000e5c00000|  0%| F|  |TAMS 0x00000000e5b00000, 0x00000000e5b00000| Untracked 
|  92|0x00000000e5c00000, 0x00000000e5c00000, 0x00000000e5d00000|  0%| F|  |TAMS 0x00000000e5c00000, 0x00000000e5c00000| Untracked 
|  93|0x00000000e5d00000, 0x00000000e5d00000, 0x00000000e5e00000|  0%| F|  |TAMS 0x00000000e5d00000, 0x00000000e5d00000| Untracked 
|  94|0x00000000e5e00000, 0x00000000e5e00000, 0x00000000e5f00000|  0%| F|  |TAMS 0x00000000e5e00000, 0x00000000e5e00000| Untracked 
|  95|0x00000000e5f00000, 0x00000000e5f00000, 0x00000000e6000000|  0%| F|  |TAMS 0x00000000e5f00000, 0x00000000e5f00000| Untracked 
|  96|0x00000000e6000000, 0x00000000e6000000, 0x00000000e6100000|  0%| F|  |TAMS 0x00000000e6000000, 0x00000000e6000000| Untracked 
|  97|0x00000000e6100000, 0x00000000e6100000, 0x00000000e6200000|  0%| F|  |TAMS 0x00000000e6100000, 0x00000000e6100000| Untracked 
|  98|0x00000000e6200000, 0x00000000e6200000, 0x00000000e6300000|  0%| F|  |TAMS 0x00000000e6200000, 0x00000000e6200000| Untracked 
|  99|0x00000000e6300000, 0x00000000e6300000, 0x00000000e6400000|  0%| F|  |TAMS 0x00000000e6300000, 0x00000000e6300000| Untracked 
| 100|0x00000000e6400000, 0x00000000e6400000, 0x00000000e6500000|  0%| F|  |TAMS 0x00000000e6400000, 0x00000000e6400000| Untracked 
| 101|0x00000000e6500000, 0x00000000e6500000, 0x00000000e6600000|  0%| F|  |TAMS 0x00000000e6500000, 0x00000000e6500000| Untracked 
| 102|0x00000000e6600000, 0x00000000e6600000, 0x00000000e6700000|  0%| F|  |TAMS 0x00000000e6600000, 0x00000000e6600000| Untracked 
| 103|0x00000000e6700000, 0x00000000e6700000, 0x00000000e6800000|  0%| F|  |TAMS 0x00000000e6700000, 0x00000000e6700000| Untracked 
| 104|0x00000000e6800000, 0x00000000e6800000, 0x00000000e6900000|  0%| F|  |TAMS 0x00000000e6800000, 0x00000000e6800000| Untracked 
| 105|0x00000000e6900000, 0x00000000e6900000, 0x00000000e6a00000|  0%| F|  |TAMS 0x00000000e6900000, 0x00000000e6900000| Untracked 
| 106|0x00000000e6a00000, 0x00000000e6a00000, 0x00000000e6b00000|  0%| F|  |TAMS 0x00000000e6a00000, 0x00000000e6a00000| Untracked 
| 107|0x00000000e6b00000, 0x00000000e6b00000, 0x00000000e6c00000|  0%| F|  |TAMS 0x00000000e6b00000, 0x00000000e6b00000| Untracked 
| 108|0x00000000e6c00000, 0x00000000e6c00000, 0x00000000e6d00000|  0%| F|  |TAMS 0x00000000e6c00000, 0x00000000e6c00000| Untracked 
| 109|0x00000000e6d00000, 0x00000000e6d00000, 0x00000000e6e00000|  0%| F|  |TAMS 0x00000000e6d00000, 0x00000000e6d00000| Untracked 
| 110|0x00000000e6e00000, 0x00000000e6f00000, 0x00000000e6f00000|100%| S|CS|TAMS 0x00000000e6e00000, 0x00000000e6e00000| Complete 
| 111|0x00000000e6f00000, 0x00000000e7000000, 0x00000000e7000000|100%| S|CS|TAMS 0x00000000e6f00000, 0x00000000e6f00000| Complete 
| 112|0x00000000e7000000, 0x00000000e7100000, 0x00000000e7100000|100%| S|CS|TAMS 0x00000000e7000000, 0x00000000e7000000| Complete 
| 113|0x00000000e7100000, 0x00000000e7200000, 0x00000000e7200000|100%| S|CS|TAMS 0x00000000e7100000, 0x00000000e7100000| Complete 
| 114|0x00000000e7200000, 0x00000000e7300000, 0x00000000e7300000|100%| S|CS|TAMS 0x00000000e7200000, 0x00000000e7200000| Complete 
| 115|0x00000000e7300000, 0x00000000e7400000, 0x00000000e7400000|100%| S|CS|TAMS 0x00000000e7300000, 0x00000000e7300000| Complete 
| 116|0x00000000e7400000, 0x00000000e7500000, 0x00000000e7500000|100%| S|CS|TAMS 0x00000000e7400000, 0x00000000e7400000| Complete 
| 117|0x00000000e7500000, 0x00000000e7600000, 0x00000000e7600000|100%| S|CS|TAMS 0x00000000e7500000, 0x00000000e7500000| Complete 
| 118|0x00000000e7600000, 0x00000000e7700000, 0x00000000e7700000|100%| S|CS|TAMS 0x00000000e7600000, 0x00000000e7600000| Complete 
| 119|0x00000000e7700000, 0x00000000e7800000, 0x00000000e7800000|100%| S|CS|TAMS 0x00000000e7700000, 0x00000000e7700000| Complete 
| 120|0x00000000e7800000, 0x00000000e7900000, 0x00000000e7900000|100%| S|CS|TAMS 0x00000000e7800000, 0x00000000e7800000| Complete 
| 121|0x00000000e7900000, 0x00000000e7a00000, 0x00000000e7a00000|100%| S|CS|TAMS 0x00000000e7900000, 0x00000000e7900000| Complete 
| 122|0x00000000e7a00000, 0x00000000e7b00000, 0x00000000e7b00000|100%| S|CS|TAMS 0x00000000e7a00000, 0x00000000e7a00000| Complete 
| 123|0x00000000e7b00000, 0x00000000e7b00000, 0x00000000e7c00000|  0%| F|  |TAMS 0x00000000e7b00000, 0x00000000e7b00000| Untracked 
| 124|0x00000000e7c00000, 0x00000000e7c00000, 0x00000000e7d00000|  0%| F|  |TAMS 0x00000000e7c00000, 0x00000000e7c00000| Untracked 
| 125|0x00000000e7d00000, 0x00000000e7d00000, 0x00000000e7e00000|  0%| F|  |TAMS 0x00000000e7d00000, 0x00000000e7d00000| Untracked 
| 126|0x00000000e7e00000, 0x00000000e7e00000, 0x00000000e7f00000|  0%| F|  |TAMS 0x00000000e7e00000, 0x00000000e7e00000| Untracked 
| 127|0x00000000e7f00000, 0x00000000e7f00000, 0x00000000e8000000|  0%| F|  |TAMS 0x00000000e7f00000, 0x00000000e7f00000| Untracked 
| 128|0x00000000e8000000, 0x00000000e8000000, 0x00000000e8100000|  0%| F|  |TAMS 0x00000000e8000000, 0x00000000e8000000| Untracked 
| 129|0x00000000e8100000, 0x00000000e8100000, 0x00000000e8200000|  0%| F|  |TAMS 0x00000000e8100000, 0x00000000e8100000| Untracked 
| 130|0x00000000e8200000, 0x00000000e8200000, 0x00000000e8300000|  0%| F|  |TAMS 0x00000000e8200000, 0x00000000e8200000| Untracked 
| 131|0x00000000e8300000, 0x00000000e8300000, 0x00000000e8400000|  0%| F|  |TAMS 0x00000000e8300000, 0x00000000e8300000| Untracked 
| 132|0x00000000e8400000, 0x00000000e8400000, 0x00000000e8500000|  0%| F|  |TAMS 0x00000000e8400000, 0x00000000e8400000| Untracked 
| 133|0x00000000e8500000, 0x00000000e8500000, 0x00000000e8600000|  0%| F|  |TAMS 0x00000000e8500000, 0x00000000e8500000| Untracked 
| 134|0x00000000e8600000, 0x00000000e8600000, 0x00000000e8700000|  0%| F|  |TAMS 0x00000000e8600000, 0x00000000e8600000| Untracked 
| 135|0x00000000e8700000, 0x00000000e8700000, 0x00000000e8800000|  0%| F|  |TAMS 0x00000000e8700000, 0x00000000e8700000| Untracked 
| 136|0x00000000e8800000, 0x00000000e8800000, 0x00000000e8900000|  0%| F|  |TAMS 0x00000000e8800000, 0x00000000e8800000| Untracked 
| 137|0x00000000e8900000, 0x00000000e8900000, 0x00000000e8a00000|  0%| F|  |TAMS 0x00000000e8900000, 0x00000000e8900000| Untracked 
| 138|0x00000000e8a00000, 0x00000000e8a00000, 0x00000000e8b00000|  0%| F|  |TAMS 0x00000000e8a00000, 0x00000000e8a00000| Untracked 
| 139|0x00000000e8b00000, 0x00000000e8b00000, 0x00000000e8c00000|  0%| F|  |TAMS 0x00000000e8b00000, 0x00000000e8b00000| Untracked 
| 140|0x00000000e8c00000, 0x00000000e8c00000, 0x00000000e8d00000|  0%| F|  |TAMS 0x00000000e8c00000, 0x00000000e8c00000| Untracked 
| 141|0x00000000e8d00000, 0x00000000e8d00000, 0x00000000e8e00000|  0%| F|  |TAMS 0x00000000e8d00000, 0x00000000e8d00000| Untracked 
| 142|0x00000000e8e00000, 0x00000000e8e00000, 0x00000000e8f00000|  0%| F|  |TAMS 0x00000000e8e00000, 0x00000000e8e00000| Untracked 
| 143|0x00000000e8f00000, 0x00000000e8f00000, 0x00000000e9000000|  0%| F|  |TAMS 0x00000000e8f00000, 0x00000000e8f00000| Untracked 
| 144|0x00000000e9000000, 0x00000000e9000000, 0x00000000e9100000|  0%| F|  |TAMS 0x00000000e9000000, 0x00000000e9000000| Untracked 
| 145|0x00000000e9100000, 0x00000000e9100000, 0x00000000e9200000|  0%| F|  |TAMS 0x00000000e9100000, 0x00000000e9100000| Untracked 
| 146|0x00000000e9200000, 0x00000000e9200000, 0x00000000e9300000|  0%| F|  |TAMS 0x00000000e9200000, 0x00000000e9200000| Untracked 
| 147|0x00000000e9300000, 0x00000000e9300000, 0x00000000e9400000|  0%| F|  |TAMS 0x00000000e9300000, 0x00000000e9300000| Untracked 
| 148|0x00000000e9400000, 0x00000000e9400000, 0x00000000e9500000|  0%| F|  |TAMS 0x00000000e9400000, 0x00000000e9400000| Untracked 
| 149|0x00000000e9500000, 0x00000000e9500000, 0x00000000e9600000|  0%| F|  |TAMS 0x00000000e9500000, 0x00000000e9500000| Untracked 
| 150|0x00000000e9600000, 0x00000000e9600000, 0x00000000e9700000|  0%| F|  |TAMS 0x00000000e9600000, 0x00000000e9600000| Untracked 
| 151|0x00000000e9700000, 0x00000000e9700000, 0x00000000e9800000|  0%| F|  |TAMS 0x00000000e9700000, 0x00000000e9700000| Untracked 
| 152|0x00000000e9800000, 0x00000000e9800000, 0x00000000e9900000|  0%| F|  |TAMS 0x00000000e9800000, 0x00000000e9800000| Untracked 
| 153|0x00000000e9900000, 0x00000000e9900000, 0x00000000e9a00000|  0%| F|  |TAMS 0x00000000e9900000, 0x00000000e9900000| Untracked 
| 154|0x00000000e9a00000, 0x00000000e9a00000, 0x00000000e9b00000|  0%| F|  |TAMS 0x00000000e9a00000, 0x00000000e9a00000| Untracked 
| 155|0x00000000e9b00000, 0x00000000e9b00000, 0x00000000e9c00000|  0%| F|  |TAMS 0x00000000e9b00000, 0x00000000e9b00000| Untracked 
| 156|0x00000000e9c00000, 0x00000000e9c00000, 0x00000000e9d00000|  0%| F|  |TAMS 0x00000000e9c00000, 0x00000000e9c00000| Untracked 
| 157|0x00000000e9d00000, 0x00000000e9d00000, 0x00000000e9e00000|  0%| F|  |TAMS 0x00000000e9d00000, 0x00000000e9d00000| Untracked 
| 158|0x00000000e9e00000, 0x00000000e9e00000, 0x00000000e9f00000|  0%| F|  |TAMS 0x00000000e9e00000, 0x00000000e9e00000| Untracked 
| 159|0x00000000e9f00000, 0x00000000e9f00000, 0x00000000ea000000|  0%| F|  |TAMS 0x00000000e9f00000, 0x00000000e9f00000| Untracked 
| 160|0x00000000ea000000, 0x00000000ea000000, 0x00000000ea100000|  0%| F|  |TAMS 0x00000000ea000000, 0x00000000ea000000| Untracked 
| 161|0x00000000ea100000, 0x00000000ea100000, 0x00000000ea200000|  0%| F|  |TAMS 0x00000000ea100000, 0x00000000ea100000| Untracked 
| 162|0x00000000ea200000, 0x00000000ea200000, 0x00000000ea300000|  0%| F|  |TAMS 0x00000000ea200000, 0x00000000ea200000| Untracked 
| 163|0x00000000ea300000, 0x00000000ea300000, 0x00000000ea400000|  0%| F|  |TAMS 0x00000000ea300000, 0x00000000ea300000| Untracked 
| 164|0x00000000ea400000, 0x00000000ea400000, 0x00000000ea500000|  0%| F|  |TAMS 0x00000000ea400000, 0x00000000ea400000| Untracked 
| 165|0x00000000ea500000, 0x00000000ea500000, 0x00000000ea600000|  0%| F|  |TAMS 0x00000000ea500000, 0x00000000ea500000| Untracked 
| 166|0x00000000ea600000, 0x00000000ea600000, 0x00000000ea700000|  0%| F|  |TAMS 0x00000000ea600000, 0x00000000ea600000| Untracked 
| 167|0x00000000ea700000, 0x00000000ea700000, 0x00000000ea800000|  0%| F|  |TAMS 0x00000000ea700000, 0x00000000ea700000| Untracked 
| 168|0x00000000ea800000, 0x00000000ea800000, 0x00000000ea900000|  0%| F|  |TAMS 0x00000000ea800000, 0x00000000ea800000| Untracked 
| 169|0x00000000ea900000, 0x00000000ea900000, 0x00000000eaa00000|  0%| F|  |TAMS 0x00000000ea900000, 0x00000000ea900000| Untracked 
| 170|0x00000000eaa00000, 0x00000000eaa00000, 0x00000000eab00000|  0%| F|  |TAMS 0x00000000eaa00000, 0x00000000eaa00000| Untracked 
| 171|0x00000000eab00000, 0x00000000eab00000, 0x00000000eac00000|  0%| F|  |TAMS 0x00000000eab00000, 0x00000000eab00000| Untracked 
| 172|0x00000000eac00000, 0x00000000eac00000, 0x00000000ead00000|  0%| F|  |TAMS 0x00000000eac00000, 0x00000000eac00000| Untracked 
| 173|0x00000000ead00000, 0x00000000ead00000, 0x00000000eae00000|  0%| F|  |TAMS 0x00000000ead00000, 0x00000000ead00000| Untracked 
| 174|0x00000000eae00000, 0x00000000eae00000, 0x00000000eaf00000|  0%| F|  |TAMS 0x00000000eae00000, 0x00000000eae00000| Untracked 
| 175|0x00000000eaf00000, 0x00000000eaf00000, 0x00000000eb000000|  0%| F|  |TAMS 0x00000000eaf00000, 0x00000000eaf00000| Untracked 
| 176|0x00000000eb000000, 0x00000000eb000000, 0x00000000eb100000|  0%| F|  |TAMS 0x00000000eb000000, 0x00000000eb000000| Untracked 
| 177|0x00000000eb100000, 0x00000000eb100000, 0x00000000eb200000|  0%| F|  |TAMS 0x00000000eb100000, 0x00000000eb100000| Untracked 
| 178|0x00000000eb200000, 0x00000000eb200000, 0x00000000eb300000|  0%| F|  |TAMS 0x00000000eb200000, 0x00000000eb200000| Untracked 
| 179|0x00000000eb300000, 0x00000000eb300000, 0x00000000eb400000|  0%| F|  |TAMS 0x00000000eb300000, 0x00000000eb300000| Untracked 
| 180|0x00000000eb400000, 0x00000000eb400000, 0x00000000eb500000|  0%| F|  |TAMS 0x00000000eb400000, 0x00000000eb400000| Untracked 
| 181|0x00000000eb500000, 0x00000000eb500000, 0x00000000eb600000|  0%| F|  |TAMS 0x00000000eb500000, 0x00000000eb500000| Untracked 
| 182|0x00000000eb600000, 0x00000000eb600000, 0x00000000eb700000|  0%| F|  |TAMS 0x00000000eb600000, 0x00000000eb600000| Untracked 
| 183|0x00000000eb700000, 0x00000000eb700000, 0x00000000eb800000|  0%| F|  |TAMS 0x00000000eb700000, 0x00000000eb700000| Untracked 
| 184|0x00000000eb800000, 0x00000000eb800000, 0x00000000eb900000|  0%| F|  |TAMS 0x00000000eb800000, 0x00000000eb800000| Untracked 
| 185|0x00000000eb900000, 0x00000000eb900000, 0x00000000eba00000|  0%| F|  |TAMS 0x00000000eb900000, 0x00000000eb900000| Untracked 
| 186|0x00000000eba00000, 0x00000000eba00000, 0x00000000ebb00000|  0%| F|  |TAMS 0x00000000eba00000, 0x00000000eba00000| Untracked 
| 187|0x00000000ebb00000, 0x00000000ebb00000, 0x00000000ebc00000|  0%| F|  |TAMS 0x00000000ebb00000, 0x00000000ebb00000| Untracked 
| 188|0x00000000ebc00000, 0x00000000ebc00000, 0x00000000ebd00000|  0%| F|  |TAMS 0x00000000ebc00000, 0x00000000ebc00000| Untracked 
| 189|0x00000000ebd00000, 0x00000000ebd00000, 0x00000000ebe00000|  0%| F|  |TAMS 0x00000000ebd00000, 0x00000000ebd00000| Untracked 
| 190|0x00000000ebe00000, 0x00000000ebe00000, 0x00000000ebf00000|  0%| F|  |TAMS 0x00000000ebe00000, 0x00000000ebe00000| Untracked 
| 191|0x00000000ebf00000, 0x00000000ebf00000, 0x00000000ec000000|  0%| F|  |TAMS 0x00000000ebf00000, 0x00000000ebf00000| Untracked 
| 192|0x00000000ec000000, 0x00000000ec000000, 0x00000000ec100000|  0%| F|  |TAMS 0x00000000ec000000, 0x00000000ec000000| Untracked 
| 193|0x00000000ec100000, 0x00000000ec100000, 0x00000000ec200000|  0%| F|  |TAMS 0x00000000ec100000, 0x00000000ec100000| Untracked 
| 194|0x00000000ec200000, 0x00000000ec200000, 0x00000000ec300000|  0%| F|  |TAMS 0x00000000ec200000, 0x00000000ec200000| Untracked 
| 195|0x00000000ec300000, 0x00000000ec300000, 0x00000000ec400000|  0%| F|  |TAMS 0x00000000ec300000, 0x00000000ec300000| Untracked 
| 196|0x00000000ec400000, 0x00000000ec400000, 0x00000000ec500000|  0%| F|  |TAMS 0x00000000ec400000, 0x00000000ec400000| Untracked 
| 197|0x00000000ec500000, 0x00000000ec500000, 0x00000000ec600000|  0%| F|  |TAMS 0x00000000ec500000, 0x00000000ec500000| Untracked 
| 198|0x00000000ec600000, 0x00000000ec600000, 0x00000000ec700000|  0%| F|  |TAMS 0x00000000ec600000, 0x00000000ec600000| Untracked 
| 199|0x00000000ec700000, 0x00000000ec700000, 0x00000000ec800000|  0%| F|  |TAMS 0x00000000ec700000, 0x00000000ec700000| Untracked 
| 200|0x00000000ec800000, 0x00000000ec800000, 0x00000000ec900000|  0%| F|  |TAMS 0x00000000ec800000, 0x00000000ec800000| Untracked 
| 201|0x00000000ec900000, 0x00000000ec900000, 0x00000000eca00000|  0%| F|  |TAMS 0x00000000ec900000, 0x00000000ec900000| Untracked 
| 202|0x00000000eca00000, 0x00000000eca00000, 0x00000000ecb00000|  0%| F|  |TAMS 0x00000000eca00000, 0x00000000eca00000| Untracked 
| 203|0x00000000ecb00000, 0x00000000ecb00000, 0x00000000ecc00000|  0%| F|  |TAMS 0x00000000ecb00000, 0x00000000ecb00000| Untracked 
| 204|0x00000000ecc00000, 0x00000000ecc00000, 0x00000000ecd00000|  0%| F|  |TAMS 0x00000000ecc00000, 0x00000000ecc00000| Untracked 
| 205|0x00000000ecd00000, 0x00000000ecd00000, 0x00000000ece00000|  0%| F|  |TAMS 0x00000000ecd00000, 0x00000000ecd00000| Untracked 
| 206|0x00000000ece00000, 0x00000000ece00000, 0x00000000ecf00000|  0%| F|  |TAMS 0x00000000ece00000, 0x00000000ece00000| Untracked 
| 207|0x00000000ecf00000, 0x00000000ecf00000, 0x00000000ed000000|  0%| F|  |TAMS 0x00000000ecf00000, 0x00000000ecf00000| Untracked 
| 208|0x00000000ed000000, 0x00000000ed000000, 0x00000000ed100000|  0%| F|  |TAMS 0x00000000ed000000, 0x00000000ed000000| Untracked 
| 209|0x00000000ed100000, 0x00000000ed14e810, 0x00000000ed200000| 30%| E|  |TAMS 0x00000000ed100000, 0x00000000ed100000| Complete 
| 210|0x00000000ed200000, 0x00000000ed300000, 0x00000000ed300000|100%| E|CS|TAMS 0x00000000ed200000, 0x00000000ed200000| Complete 
| 211|0x00000000ed300000, 0x00000000ed400000, 0x00000000ed400000|100%| E|CS|TAMS 0x00000000ed300000, 0x00000000ed300000| Complete 
| 212|0x00000000ed400000, 0x00000000ed500000, 0x00000000ed500000|100%| E|CS|TAMS 0x00000000ed400000, 0x00000000ed400000| Complete 
| 213|0x00000000ed500000, 0x00000000ed600000, 0x00000000ed600000|100%| E|CS|TAMS 0x00000000ed500000, 0x00000000ed500000| Complete 
| 214|0x00000000ed600000, 0x00000000ed700000, 0x00000000ed700000|100%| E|CS|TAMS 0x00000000ed600000, 0x00000000ed600000| Complete 
| 215|0x00000000ed700000, 0x00000000ed800000, 0x00000000ed800000|100%| E|CS|TAMS 0x00000000ed700000, 0x00000000ed700000| Complete 
| 216|0x00000000ed800000, 0x00000000ed900000, 0x00000000ed900000|100%| E|CS|TAMS 0x00000000ed800000, 0x00000000ed800000| Complete 
| 217|0x00000000ed900000, 0x00000000eda00000, 0x00000000eda00000|100%| E|CS|TAMS 0x00000000ed900000, 0x00000000ed900000| Complete 
| 218|0x00000000eda00000, 0x00000000edb00000, 0x00000000edb00000|100%| E|CS|TAMS 0x00000000eda00000, 0x00000000eda00000| Complete 
| 219|0x00000000edb00000, 0x00000000edc00000, 0x00000000edc00000|100%| E|CS|TAMS 0x00000000edb00000, 0x00000000edb00000| Complete 
| 220|0x00000000edc00000, 0x00000000edd00000, 0x00000000edd00000|100%| E|CS|TAMS 0x00000000edc00000, 0x00000000edc00000| Complete 
| 221|0x00000000edd00000, 0x00000000ede00000, 0x00000000ede00000|100%| E|CS|TAMS 0x00000000edd00000, 0x00000000edd00000| Complete 
| 222|0x00000000ede00000, 0x00000000edf00000, 0x00000000edf00000|100%| E|CS|TAMS 0x00000000ede00000, 0x00000000ede00000| Complete 
| 223|0x00000000edf00000, 0x00000000ee000000, 0x00000000ee000000|100%| E|CS|TAMS 0x00000000edf00000, 0x00000000edf00000| Complete 
| 224|0x00000000ee000000, 0x00000000ee100000, 0x00000000ee100000|100%| E|CS|TAMS 0x00000000ee000000, 0x00000000ee000000| Complete 
| 225|0x00000000ee100000, 0x00000000ee200000, 0x00000000ee200000|100%| E|CS|TAMS 0x00000000ee100000, 0x00000000ee100000| Complete 
| 226|0x00000000ee200000, 0x00000000ee300000, 0x00000000ee300000|100%| E|CS|TAMS 0x00000000ee200000, 0x00000000ee200000| Complete 
| 227|0x00000000ee300000, 0x00000000ee400000, 0x00000000ee400000|100%| E|CS|TAMS 0x00000000ee300000, 0x00000000ee300000| Complete 
| 228|0x00000000ee400000, 0x00000000ee500000, 0x00000000ee500000|100%| E|CS|TAMS 0x00000000ee400000, 0x00000000ee400000| Complete 
| 229|0x00000000ee500000, 0x00000000ee600000, 0x00000000ee600000|100%| E|CS|TAMS 0x00000000ee500000, 0x00000000ee500000| Complete 
| 230|0x00000000ee600000, 0x00000000ee700000, 0x00000000ee700000|100%| E|CS|TAMS 0x00000000ee600000, 0x00000000ee600000| Complete 
| 231|0x00000000ee700000, 0x00000000ee800000, 0x00000000ee800000|100%| E|CS|TAMS 0x00000000ee700000, 0x00000000ee700000| Complete 
| 232|0x00000000ee800000, 0x00000000ee900000, 0x00000000ee900000|100%| E|CS|TAMS 0x00000000ee800000, 0x00000000ee800000| Complete 
| 233|0x00000000ee900000, 0x00000000eea00000, 0x00000000eea00000|100%| E|CS|TAMS 0x00000000ee900000, 0x00000000ee900000| Complete 
| 234|0x00000000eea00000, 0x00000000eeb00000, 0x00000000eeb00000|100%| E|CS|TAMS 0x00000000eea00000, 0x00000000eea00000| Complete 
| 235|0x00000000eeb00000, 0x00000000eec00000, 0x00000000eec00000|100%| E|CS|TAMS 0x00000000eeb00000, 0x00000000eeb00000| Complete 
| 236|0x00000000eec00000, 0x00000000eed00000, 0x00000000eed00000|100%| E|CS|TAMS 0x00000000eec00000, 0x00000000eec00000| Complete 
| 237|0x00000000eed00000, 0x00000000eee00000, 0x00000000eee00000|100%| E|CS|TAMS 0x00000000eed00000, 0x00000000eed00000| Complete 
| 238|0x00000000eee00000, 0x00000000eef00000, 0x00000000eef00000|100%| E|CS|TAMS 0x00000000eee00000, 0x00000000eee00000| Complete 
| 239|0x00000000eef00000, 0x00000000ef000000, 0x00000000ef000000|100%| E|CS|TAMS 0x00000000eef00000, 0x00000000eef00000| Complete 
| 240|0x00000000ef000000, 0x00000000ef100000, 0x00000000ef100000|100%| E|CS|TAMS 0x00000000ef000000, 0x00000000ef000000| Complete 
| 241|0x00000000ef100000, 0x00000000ef200000, 0x00000000ef200000|100%| E|CS|TAMS 0x00000000ef100000, 0x00000000ef100000| Complete 
| 242|0x00000000ef200000, 0x00000000ef300000, 0x00000000ef300000|100%| E|CS|TAMS 0x00000000ef200000, 0x00000000ef200000| Complete 
| 243|0x00000000ef300000, 0x00000000ef400000, 0x00000000ef400000|100%| E|CS|TAMS 0x00000000ef300000, 0x00000000ef300000| Complete 
| 244|0x00000000ef400000, 0x00000000ef500000, 0x00000000ef500000|100%| E|CS|TAMS 0x00000000ef400000, 0x00000000ef400000| Complete 
| 245|0x00000000ef500000, 0x00000000ef600000, 0x00000000ef600000|100%| E|CS|TAMS 0x00000000ef500000, 0x00000000ef500000| Complete 
| 246|0x00000000ef600000, 0x00000000ef700000, 0x00000000ef700000|100%| E|CS|TAMS 0x00000000ef600000, 0x00000000ef600000| Complete 
| 247|0x00000000ef700000, 0x00000000ef800000, 0x00000000ef800000|100%| E|CS|TAMS 0x00000000ef700000, 0x00000000ef700000| Complete 
| 248|0x00000000ef800000, 0x00000000ef900000, 0x00000000ef900000|100%| E|CS|TAMS 0x00000000ef800000, 0x00000000ef800000| Complete 
| 249|0x00000000ef900000, 0x00000000efa00000, 0x00000000efa00000|100%| E|CS|TAMS 0x00000000ef900000, 0x00000000ef900000| Complete 
| 250|0x00000000efa00000, 0x00000000efb00000, 0x00000000efb00000|100%| E|CS|TAMS 0x00000000efa00000, 0x00000000efa00000| Complete 
| 251|0x00000000efb00000, 0x00000000efc00000, 0x00000000efc00000|100%| E|CS|TAMS 0x00000000efb00000, 0x00000000efb00000| Complete 
| 252|0x00000000efc00000, 0x00000000efd00000, 0x00000000efd00000|100%| E|CS|TAMS 0x00000000efc00000, 0x00000000efc00000| Complete 
| 253|0x00000000efd00000, 0x00000000efe00000, 0x00000000efe00000|100%| E|CS|TAMS 0x00000000efd00000, 0x00000000efd00000| Complete 
| 254|0x00000000efe00000, 0x00000000eff00000, 0x00000000eff00000|100%| E|CS|TAMS 0x00000000efe00000, 0x00000000efe00000| Complete 
| 255|0x00000000eff00000, 0x00000000f0000000, 0x00000000f0000000|100%| E|CS|TAMS 0x00000000eff00000, 0x00000000eff00000| Complete 

Card table byte_map: [0x000001edc7a10000,0x000001edc7b10000] _byte_map_base: 0x000001edc7310000

Marking Bits (Prev, Next): (CMBitMap*) 0x000001edafe9b208, (CMBitMap*) 0x000001edafe9b240
 Prev Bits: [0x000001edc7c10000, 0x000001edc8410000)
 Next Bits: [0x000001edc8410000, 0x000001edc8c10000)

Polling page: 0x000001edaf650000

Metaspace:

Usage:
  Non-class:     64.60 MB capacity,    62.98 MB ( 97%) used,     1.35 MB (  2%) free+waste,   272.19 KB ( <1%) overhead. 
      Class:     10.16 MB capacity,     9.18 MB ( 90%) used,   876.26 KB (  8%) free+waste,   128.94 KB (  1%) overhead. 
       Both:     74.76 MB capacity,    72.16 MB ( 97%) used,     2.21 MB (  3%) free+waste,   401.13 KB ( <1%) overhead. 

Virtual space:
  Non-class space:       66.00 MB reserved,      64.64 MB ( 98%) committed 
      Class space:      248.00 MB reserved,      10.22 MB (  4%) committed 
             Both:      314.00 MB reserved,      74.86 MB ( 24%) committed 

Chunk freelists:
   Non-Class:  43.00 KB
       Class:  0 bytes
        Both:  43.00 KB

MaxMetaspaceSize: 256.00 MB
CompressedClassSpaceSize: 248.00 MB
Initial GC threshold: 20.80 MB
Current GC threshold: 116.86 MB
CDS: off

CodeHeap 'non-profiled nmethods': size=120000Kb used=5202Kb max_used=5202Kb free=114797Kb
 bounds [0x000001edc00a0000, 0x000001edc05c0000, 0x000001edc75d0000]
CodeHeap 'profiled nmethods': size=120000Kb used=22776Kb max_used=22776Kb free=97223Kb
 bounds [0x000001edb8b70000, 0x000001edba1b0000, 0x000001edc00a0000]
CodeHeap 'non-nmethods': size=5760Kb used=2346Kb max_used=2396Kb free=3413Kb
 bounds [0x000001edb85d0000, 0x000001edb8840000, 0x000001edb8b70000]
 total_blobs=11368 nmethods=10506 adapters=774
 compilation: enabled
              stopped_count=0, restarted_count=0
 full_count=0

Compilation events (20 events):
Event: 138.039 Thread 0x000001edcc00f000 nmethod 10706 0x000001edc05b2c90 code [0x000001edc05b2e80, 0x000001edc05b31d0]
Event: 138.039 Thread 0x000001edcc00f000 10736       4       java.lang.AbstractStringBuilder::append (33 bytes)
Event: 138.057 Thread 0x000001edcc018000 10738   !   3       jdk.internal.reflect.GeneratedMethodAccessor30::invoke (61 bytes)
Event: 138.058 Thread 0x000001edcc018000 nmethod 10738 0x000001edba1a3d10 code [0x000001edba1a3f60, 0x000001edba1a4748]
Event: 138.058 Thread 0x000001edcc018000 10739   !   3       jdk.internal.reflect.GeneratedMethodAccessor31::invoke (66 bytes)
Event: 138.058 Thread 0x000001edcc018000 nmethod 10739 0x000001edba1a4a90 code [0x000001edba1a4ce0, 0x000001edba1a5478]
Event: 138.059 Thread 0x000001edcc018000 10740   !   3       jdk.internal.reflect.GeneratedMethodAccessor23::invoke (76 bytes)
Event: 138.059 Thread 0x000001edcc018000 nmethod 10740 0x000001edba1a5810 code [0x000001edba1a5a60, 0x000001edba1a6258]
Event: 138.059 Thread 0x000001edcc018000 10742   !   3       jdk.internal.reflect.GeneratedMethodAccessor24::invoke (73 bytes)
Event: 138.060 Thread 0x000001edcc018000 nmethod 10742 0x000001edba1a6610 code [0x000001edba1a6860, 0x000001edba1a6e98]
Event: 138.060 Thread 0x000001edcc018000 10743   !   3       jdk.internal.reflect.GeneratedMethodAccessor25::invoke (63 bytes)
Event: 138.061 Thread 0x000001edcc00f000 nmethod 10736 0x000001edc05b3510 code [0x000001edc05b36e0, 0x000001edc05b4008]
Event: 138.061 Thread 0x000001edcc018000 nmethod 10743 0x000001edba1a7210 code [0x000001edba1a7440, 0x000001edba1a7ac8]
Event: 138.061 Thread 0x000001edcc00f000 10737       4       java.lang.AbstractStringBuilder::appendChars (130 bytes)
Event: 138.071 Thread 0x000001edcc00f000 nmethod 10737 0x000001edc05b4490 code [0x000001edc05b4640, 0x000001edc05b49c8]
Event: 138.071 Thread 0x000001edcc00f000 10704       4       org.codehaus.groovy.reflection.ParameterTypes::correctArguments (79 bytes)
Event: 138.075 Thread 0x000001edcc018000 10745       3       org.gradle.internal.logging.services.TextStreamOutputEventListener::onTextEvent (44 bytes)
Event: 138.076 Thread 0x000001edcc018000 nmethod 10745 0x000001edba1a7e10 code [0x000001edba1a8060, 0x000001edba1a8b88]
Event: 138.087 Thread 0x000001edcc018000 10748       3       java.text.DecimalFormatSymbols::initialize (229 bytes)
Event: 138.093 Thread 0x000001edcc018000 nmethod 10748 0x000001edba1a8e90 code [0x000001edba1a94a0, 0x000001edba1acad8]

GC Heap History (18 events):
Event: 1.662 GC heap before
{Heap before GC invocations=0 (full 0):
 garbage-first heap   total 262144K, used 29696K [0x00000000e0000000, 0x0000000100000000)
  region size 1024K, 24 young (24576K), 0 survivors (0K)
 Metaspace       used 10091K, capacity 10384K, committed 10624K, reserved 264192K
  class space    used 1028K, capacity 1105K, committed 1152K, reserved 253952K
}
Event: 1.675 GC heap after
{Heap after GC invocations=1 (full 0):
 garbage-first heap   total 262144K, used 9385K [0x00000000e0000000, 0x0000000100000000)
  region size 1024K, 3 young (3072K), 3 survivors (3072K)
 Metaspace       used 10091K, capacity 10384K, committed 10624K, reserved 264192K
  class space    used 1028K, capacity 1105K, committed 1152K, reserved 253952K
}
Event: 5.535 GC heap before
{Heap before GC invocations=1 (full 0):
 garbage-first heap   total 262144K, used 105641K [0x00000000e0000000, 0x0000000100000000)
  region size 1024K, 98 young (100352K), 3 survivors (3072K)
 Metaspace       used 20783K, capacity 21246K, committed 21296K, reserved 274432K
  class space    used 2521K, capacity 2687K, committed 2688K, reserved 253952K
}
Event: 5.549 GC heap after
{Heap after GC invocations=2 (full 0):
 garbage-first heap   total 262144K, used 17044K [0x00000000e0000000, 0x0000000100000000)
  region size 1024K, 11 young (11264K), 11 survivors (11264K)
 Metaspace       used 20783K, capacity 21246K, committed 21296K, reserved 274432K
  class space    used 2521K, capacity 2687K, committed 2688K, reserved 253952K
}
Event: 6.608 GC heap before
{Heap before GC invocations=3 (full 0):
 garbage-first heap   total 262144K, used 66196K [0x00000000e0000000, 0x0000000100000000)
  region size 1024K, 59 young (60416K), 11 survivors (11264K)
 Metaspace       used 25999K, capacity 26669K, committed 27008K, reserved 278528K
  class space    used 3363K, capacity 3589K, committed 3712K, reserved 253952K
}
Event: 6.617 GC heap after
{Heap after GC invocations=4 (full 0):
 garbage-first heap   total 262144K, used 18828K [0x00000000e0000000, 0x0000000100000000)
  region size 1024K, 3 young (3072K), 3 survivors (3072K)
 Metaspace       used 25999K, capacity 26669K, committed 27008K, reserved 278528K
  class space    used 3363K, capacity 3589K, committed 3712K, reserved 253952K
}
Event: 8.298 GC heap before
{Heap before GC invocations=4 (full 0):
 garbage-first heap   total 262144K, used 87436K [0x00000000e0000000, 0x0000000100000000)
  region size 1024K, 71 young (72704K), 3 survivors (3072K)
 Metaspace       used 35196K, capacity 35958K, committed 36048K, reserved 286720K
  class space    used 4527K, capacity 4836K, committed 4864K, reserved 253952K
}
Event: 8.310 GC heap after
{Heap after GC invocations=5 (full 0):
 garbage-first heap   total 262144K, used 21885K [0x00000000e0000000, 0x0000000100000000)
  region size 1024K, 6 young (6144K), 6 survivors (6144K)
 Metaspace       used 35196K, capacity 35958K, committed 36048K, reserved 286720K
  class space    used 4527K, capacity 4836K, committed 4864K, reserved 253952K
}
Event: 10.565 GC heap before
{Heap before GC invocations=6 (full 0):
 garbage-first heap   total 262144K, used 139645K [0x00000000e0000000, 0x0000000100000000)
  region size 1024K, 118 young (120832K), 6 survivors (6144K)
 Metaspace       used 45408K, capacity 46467K, committed 46620K, reserved 294912K
  class space    used 5754K, capacity 6133K, committed 6220K, reserved 253952K
}
Event: 10.578 GC heap after
{Heap after GC invocations=7 (full 0):
 garbage-first heap   total 262144K, used 29187K [0x00000000e0000000, 0x0000000100000000)
  region size 1024K, 13 young (13312K), 13 survivors (13312K)
 Metaspace       used 45408K, capacity 46467K, committed 46620K, reserved 294912K
  class space    used 5754K, capacity 6133K, committed 6220K, reserved 253952K
}
Event: 13.498 GC heap before
{Heap before GC invocations=7 (full 0):
 garbage-first heap   total 262144K, used 172547K [0x00000000e0000000, 0x0000000100000000)
  region size 1024K, 153 young (156672K), 13 survivors (13312K)
 Metaspace       used 55835K, capacity 57753K, committed 58012K, reserved 305152K
  class space    used 7364K, capacity 8113K, committed 8140K, reserved 253952K
}
Event: 13.519 GC heap after
{Heap after GC invocations=8 (full 0):
 garbage-first heap   total 262144K, used 38154K [0x00000000e0000000, 0x0000000100000000)
  region size 1024K, 20 young (20480K), 20 survivors (20480K)
 Metaspace       used 55835K, capacity 57753K, committed 58012K, reserved 305152K
  class space    used 7364K, capacity 8113K, committed 8140K, reserved 253952K
}
Event: 15.297 GC heap before
{Heap before GC invocations=8 (full 0):
 garbage-first heap   total 262144K, used 134410K [0x00000000e0000000, 0x0000000100000000)
  region size 1024K, 115 young (117760K), 20 survivors (20480K)
 Metaspace       used 58576K, capacity 60528K, committed 60636K, reserved 307200K
  class space    used 7690K, capacity 8477K, committed 8524K, reserved 253952K
}
Event: 15.349 GC heap after
{Heap after GC invocations=9 (full 0):
 garbage-first heap   total 262144K, used 51028K [0x00000000e0000000, 0x0000000100000000)
  region size 1024K, 20 young (20480K), 20 survivors (20480K)
 Metaspace       used 58576K, capacity 60528K, committed 60636K, reserved 307200K
  class space    used 7690K, capacity 8477K, committed 8524K, reserved 253952K
}
Event: 22.247 GC heap before
{Heap before GC invocations=10 (full 0):
 garbage-first heap   total 262144K, used 186196K [0x00000000e0000000, 0x0000000100000000)
  region size 1024K, 153 young (156672K), 20 survivors (20480K)
 Metaspace       used 69285K, capacity 71707K, committed 71796K, reserved 317440K
  class space    used 8995K, capacity 9882K, committed 9956K, reserved 253952K
}
Event: 22.304 GC heap after
{Heap after GC invocations=11 (full 0):
 garbage-first heap   total 262144K, used 59867K [0x00000000e0000000, 0x0000000100000000)
  region size 1024K, 11 young (11264K), 11 survivors (11264K)
 Metaspace       used 69285K, capacity 71707K, committed 71796K, reserved 317440K
  class space    used 8995K, capacity 9882K, committed 9956K, reserved 253952K
}
Event: 75.804 GC heap before
{Heap before GC invocations=12 (full 0):
 garbage-first heap   total 262144K, used 195035K [0x00000000e0000000, 0x0000000100000000)
  region size 1024K, 144 young (147456K), 11 survivors (11264K)
 Metaspace       used 72550K, capacity 75097K, committed 75252K, reserved 319488K
  class space    used 9307K, capacity 10255K, committed 10340K, reserved 253952K
}
Event: 75.851 GC heap after
{Heap after GC invocations=13 (full 0):
 garbage-first heap   total 262144K, used 62464K [0x00000000e0000000, 0x0000000100000000)
  region size 1024K, 13 young (13312K), 13 survivors (13312K)
 Metaspace       used 72550K, capacity 75097K, committed 75252K, reserved 319488K
  class space    used 9307K, capacity 10255K, committed 10340K, reserved 253952K
}

Deoptimization events (20 events):
Event: 93.592 Thread 0x000001edce5cb800 DEOPT UNPACKING pc=0x000001edb861a1af sp=0x0000004f7c2fdee8 mode 2
Event: 93.592 Thread 0x000001edd2947800 Uncommon trap: reason=unstable_if action=reinterpret pc=0x000001edc03cdb08 method=java.lang.String.indexOf(Ljava/lang/String;)I @ 15 c2
Event: 93.592 Thread 0x000001edd2947800 DEOPT PACKING pc=0x000001edc03cdb08 sp=0x0000004f76af8e80
Event: 93.592 Thread 0x000001edd2947800 DEOPT UNPACKING pc=0x000001edb861a1af sp=0x0000004f76af8e20 mode 2
Event: 93.607 Thread 0x000001edd2947800 Uncommon trap: trap_request=0xffffff4d fr.pc=0x000001edc03474c0 relative=0x00000000000003c0
Event: 93.607 Thread 0x000001edd2947800 Uncommon trap: reason=unstable_if action=reinterpret pc=0x000001edc03474c0 method=com.google.common.collect.MapMakerInternalMap$Segment.getEntry(Ljava/lang/Object;I)Lcom/google/common/collect/MapMakerInternalMap$InternalEntry; @ 40 c2
Event: 93.607 Thread 0x000001edd2947800 DEOPT PACKING pc=0x000001edc03474c0 sp=0x0000004f76afa980
Event: 93.607 Thread 0x000001edd2947800 DEOPT UNPACKING pc=0x000001edb861a1af sp=0x0000004f76afa938 mode 2
Event: 93.950 Thread 0x000001edcdaec000 Uncommon trap: trap_request=0xffffffde fr.pc=0x000001edc04cacd0 relative=0x00000000000008d0
Event: 93.950 Thread 0x000001edcdaec000 Uncommon trap: reason=class_check action=maybe_recompile pc=0x000001edc04cacd0 method=com.google.common.collect.Sets$3$1.computeNext()Ljava/lang/Object; @ 4 c2
Event: 93.950 Thread 0x000001edcdaec000 DEOPT PACKING pc=0x000001edc04cacd0 sp=0x0000004f745fe880
Event: 93.950 Thread 0x000001edcdaec000 DEOPT UNPACKING pc=0x000001edb861a1af sp=0x0000004f745fe860 mode 2
Event: 128.242 Thread 0x000001edcdaec000 Uncommon trap: trap_request=0xffffffde fr.pc=0x000001edc04cacd0 relative=0x00000000000008d0
Event: 128.242 Thread 0x000001edcdaec000 Uncommon trap: reason=class_check action=maybe_recompile pc=0x000001edc04cacd0 method=com.google.common.collect.Sets$3$1.computeNext()Ljava/lang/Object; @ 4 c2
Event: 128.242 Thread 0x000001edcdaec000 DEOPT PACKING pc=0x000001edc04cacd0 sp=0x0000004f745fe880
Event: 128.242 Thread 0x000001edcdaec000 DEOPT UNPACKING pc=0x000001edb861a1af sp=0x0000004f745fe860 mode 2
Event: 128.661 Thread 0x000001edd1f4e000 DEOPT PACKING pc=0x000001edb96b3cd5 sp=0x0000004f763f94f0
Event: 128.661 Thread 0x000001edd1f4e000 DEOPT UNPACKING pc=0x000001edb861a95e sp=0x0000004f763f8a10 mode 0
Event: 128.760 Thread 0x000001edd1f4e000 DEOPT PACKING pc=0x000001edb96b3cd5 sp=0x0000004f763f9420
Event: 128.760 Thread 0x000001edd1f4e000 DEOPT UNPACKING pc=0x000001edb861a95e sp=0x0000004f763f8940 mode 0

Classes redefined (0 events):
No events

Internal exceptions (20 events):
Event: 75.482 Thread 0x000001edd1f4b000 Exception <a 'sun/nio/fs/WindowsException'{0x00000000e838df00}> (0x00000000e838df00) thrown at [./src/hotspot/share/prims/jni.cpp, line 617]
Event: 75.482 Thread 0x000001edd1f4b000 Exception <a 'sun/nio/fs/WindowsException'{0x00000000e838f088}> (0x00000000e838f088) thrown at [./src/hotspot/share/prims/jni.cpp, line 617]
Event: 75.712 Thread 0x000001edd1f4b000 Implicit null exception at 0x000001edc04c83e7 to 0x000001edc04c88b8
Event: 92.395 Thread 0x000001edce5d2000 Exception <a 'java/lang/ClassNotFoundException'{0x00000000ef7599c8}: org/gradle/internal/serialize/PlaceholderAssertionErrorBeanInfo> (0x00000000ef7599c8) thrown at [./src/hotspot/share/classfile/systemDictionary.cpp, line 230]
Event: 92.396 Thread 0x000001edce5d2000 Exception <a 'java/lang/ClassNotFoundException'{0x00000000ef762c10}: java/lang/AssertionErrorBeanInfo> (0x00000000ef762c10) thrown at [./src/hotspot/share/classfile/systemDictionary.cpp, line 230]
Event: 92.397 Thread 0x000001edce5d2000 Exception <a 'java/lang/ClassNotFoundException'{0x00000000ef76b3f8}: java/lang/ErrorBeanInfo> (0x00000000ef76b3f8) thrown at [./src/hotspot/share/classfile/systemDictionary.cpp, line 230]
Event: 92.398 Thread 0x000001edce5d2000 Exception <a 'java/lang/ClassNotFoundException'{0x00000000ef7744d0}: java/lang/ThrowableBeanInfo> (0x00000000ef7744d0) thrown at [./src/hotspot/share/classfile/systemDictionary.cpp, line 230]
Event: 92.399 Thread 0x000001edce5d2000 Exception <a 'java/lang/ClassNotFoundException'{0x00000000ef77d5b0}: java/lang/ThrowableCustomizer> (0x00000000ef77d5b0) thrown at [./src/hotspot/share/classfile/systemDictionary.cpp, line 230]
Event: 92.406 Thread 0x000001edce5d2000 Exception <a 'java/lang/ClassNotFoundException'{0x00000000ef78e298}: java/lang/ErrorCustomizer> (0x00000000ef78e298) thrown at [./src/hotspot/share/classfile/systemDictionary.cpp, line 230]
Event: 92.408 Thread 0x000001edce5d2000 Exception <a 'java/lang/ClassNotFoundException'{0x00000000ef799f98}: java/lang/AssertionErrorCustomizer> (0x00000000ef799f98) thrown at [./src/hotspot/share/classfile/systemDictionary.cpp, line 230]
Event: 92.411 Thread 0x000001edce5d2000 Exception <a 'java/lang/ClassNotFoundException'{0x00000000ef7b32d8}: org/gradle/internal/serialize/PlaceholderAssertionErrorCustomizer> (0x00000000ef7b32d8) thrown at [./src/hotspot/share/classfile/systemDictionary.cpp, line 230]
Event: 92.420 Thread 0x000001edce5d2000 Exception <a 'java/lang/ClassNotFoundException'{0x00000000ef7e2cb0}: java/io/PrintWriterBeanInfo> (0x00000000ef7e2cb0) thrown at [./src/hotspot/share/classfile/systemDictionary.cpp, line 230]
Event: 92.422 Thread 0x000001edce5d2000 Exception <a 'java/lang/ClassNotFoundException'{0x00000000ef7ebdc0}: java/io/PrintWriterCustomizer> (0x00000000ef7ebdc0) thrown at [./src/hotspot/share/classfile/systemDictionary.cpp, line 230]
Event: 92.467 Thread 0x000001edce5d2000 Exception <a 'java/lang/ClassNotFoundException'{0x00000000ef6b79e0}: org/gradle/internal/serialize/PlaceholderExceptionBeanInfo> (0x00000000ef6b79e0) thrown at [./src/hotspot/share/classfile/systemDictionary.cpp, line 230]
Event: 92.469 Thread 0x000001edce5d2000 Exception <a 'java/lang/ClassNotFoundException'{0x00000000ef6c1098}: java/lang/RuntimeExceptionBeanInfo> (0x00000000ef6c1098) thrown at [./src/hotspot/share/classfile/systemDictionary.cpp, line 230]
Event: 92.470 Thread 0x000001edce5d2000 Exception <a 'java/lang/ClassNotFoundException'{0x00000000ef6ca960}: java/lang/ExceptionBeanInfo> (0x00000000ef6ca960) thrown at [./src/hotspot/share/classfile/systemDictionary.cpp, line 230]
Event: 92.471 Thread 0x000001edce5d2000 Exception <a 'java/lang/ClassNotFoundException'{0x00000000ef6d3f90}: java/lang/ExceptionCustomizer> (0x00000000ef6d3f90) thrown at [./src/hotspot/share/classfile/systemDictionary.cpp, line 230]
Event: 92.474 Thread 0x000001edce5d2000 Exception <a 'java/lang/ClassNotFoundException'{0x00000000ef6e0098}: java/lang/RuntimeExceptionCustomizer> (0x00000000ef6e0098) thrown at [./src/hotspot/share/classfile/systemDictionary.cpp, line 230]
Event: 92.477 Thread 0x000001edce5d2000 Exception <a 'java/lang/ClassNotFoundException'{0x00000000ef6f9020}: org/gradle/internal/serialize/PlaceholderExceptionCustomizer> (0x00000000ef6f9020) thrown at [./src/hotspot/share/classfile/systemDictionary.cpp, line 230]
Event: 93.604 Thread 0x000001edd2947800 Exception <a 'java/lang/reflect/InvocationTargetException'{0x00000000ef0fcda8}> (0x00000000ef0fcda8) thrown at [./src/hotspot/share/runtime/reflection.cpp, line 1247]

Events (20 events):
Event: 129.060 Thread 0x000001edd090a800 Thread added: 0x000001edd090a800
Event: 129.060 loading class org/gradle/api/internal/tasks/testing/TestResultProcessor
Event: 129.060 loading class org/gradle/api/internal/tasks/testing/TestResultProcessor done
Event: 129.066 Thread 0x000001edd090b800 Thread added: 0x000001edd090b800
Event: 129.066 loading class org/gradle/api/internal/tasks/testing/TestClassProcessor
Event: 129.066 loading class org/gradle/api/internal/tasks/testing/TestClassProcessor done
Event: 129.105 Thread 0x000001edd090c800 Thread added: 0x000001edd090c800
Event: 129.120 Thread 0x000001edd090e000 Thread added: 0x000001edd090e000
Event: 129.611 Executing VM operation: RevokeBias
Event: 129.611 Executing coalesced safepoint VM operation: RevokeBias
Event: 129.611 Executing coalesced safepoint VM operation: RevokeBias done
Event: 129.611 Executing VM operation: RevokeBias done
Event: 129.611 Thread 0x000001edd090e000 Thread exited: 0x000001edd090e000
Event: 130.398 Thread 0x000001edd090e000 Thread added: 0x000001edd090e000
Event: 130.398 Thread 0x000001edd0908800 Thread added: 0x000001edd0908800
Event: 130.399 loading class org/gradle/api/internal/tasks/testing/worker/RemoteTestClassProcessor
Event: 130.399 loading class org/gradle/api/internal/tasks/testing/worker/RemoteTestClassProcessor done
Event: 130.401 Thread 0x000001edd0913000 Thread added: 0x000001edd0913000
Event: 130.401 Thread 0x000001edd0914800 Thread added: 0x000001edd0914800
Event: 131.583 Thread 0x000001edce2c5800 Thread exited: 0x000001edce2c5800


Dynamic libraries:
0x00007ff61ecd0000 - 0x00007ff61ecdd000 	C:\Program Files\Eclipse Adoptium\jdk-11.0.15.10-hotspot\bin\java.exe
0x00007ffd0d2c0000 - 0x00007ffd0d4c9000 	C:\WINDOWS\SYSTEM32\ntdll.dll
0x00007ffd0c4f0000 - 0x00007ffd0c5ae000 	C:\WINDOWS\System32\KERNEL32.DLL
0x00007ffd0a810000 - 0x00007ffd0ab8b000 	C:\WINDOWS\System32\KERNELBASE.dll
0x00007ffd0ad00000 - 0x00007ffd0ae11000 	C:\WINDOWS\System32\ucrtbase.dll
0x00007ffcf4130000 - 0x00007ffcf4145000 	C:\Program Files\Eclipse Adoptium\jdk-11.0.15.10-hotspot\bin\VCRUNTIME140.dll
0x00007ffcf3f50000 - 0x00007ffcf3f67000 	C:\Program Files\Eclipse Adoptium\jdk-11.0.15.10-hotspot\bin\jli.dll
0x00007ffd0ce80000 - 0x00007ffd0d02d000 	C:\WINDOWS\System32\USER32.dll
0x00007ffd0b110000 - 0x00007ffd0b136000 	C:\WINDOWS\System32\win32u.dll
0x00007ffd0d250000 - 0x00007ffd0d279000 	C:\WINDOWS\System32\GDI32.dll
0x00007ffceab00000 - 0x00007ffceada5000 	C:\WINDOWS\WinSxS\amd64_microsoft.windows.common-controls_6595b64144ccf1df_6.0.22000.120_none_9d947278b86cc467\COMCTL32.dll
0x00007ffd0af30000 - 0x00007ffd0b048000 	C:\WINDOWS\System32\gdi32full.dll
0x00007ffd0ae90000 - 0x00007ffd0af2d000 	C:\WINDOWS\System32\msvcp_win.dll
0x00007ffd0c5c0000 - 0x00007ffd0c663000 	C:\WINDOWS\System32\msvcrt.dll
0x00007ffd0bbd0000 - 0x00007ffd0bc02000 	C:\WINDOWS\System32\IMM32.DLL
0x00007ffceba30000 - 0x00007ffcebacb000 	C:\Program Files\Eclipse Adoptium\jdk-11.0.15.10-hotspot\bin\msvcp140.dll
0x00007ffc997b0000 - 0x00007ffc9a331000 	C:\Program Files\Eclipse Adoptium\jdk-11.0.15.10-hotspot\bin\server\jvm.dll
0x00007ffd0d030000 - 0x00007ffd0d0de000 	C:\WINDOWS\System32\ADVAPI32.dll
0x00007ffd0bc10000 - 0x00007ffd0bcae000 	C:\WINDOWS\System32\sechost.dll
0x00007ffd0b300000 - 0x00007ffd0b420000 	C:\WINDOWS\System32\RPCRT4.dll
0x00007ffd0ce70000 - 0x00007ffd0ce78000 	C:\WINDOWS\System32\PSAPI.DLL
0x00007ffd01ff0000 - 0x00007ffd01ffa000 	C:\WINDOWS\SYSTEM32\VERSION.dll
0x00007ffd07540000 - 0x00007ffd07573000 	C:\WINDOWS\SYSTEM32\WINMM.dll
0x00007ffd04e10000 - 0x00007ffd04e19000 	C:\WINDOWS\SYSTEM32\WSOCK32.dll
0x00007ffd0ccd0000 - 0x00007ffd0cd3f000 	C:\WINDOWS\System32\WS2_32.dll
0x00007ffd097e0000 - 0x00007ffd097f8000 	C:\WINDOWS\SYSTEM32\kernel.appcore.dll
0x00007ffd00ec0000 - 0x00007ffd00ed0000 	C:\Program Files\Eclipse Adoptium\jdk-11.0.15.10-hotspot\bin\verify.dll
0x00007ffd07ef0000 - 0x00007ffd08111000 	C:\WINDOWS\SYSTEM32\DBGHELP.DLL
0x00007ffd012a0000 - 0x00007ffd012d1000 	C:\WINDOWS\SYSTEM32\dbgcore.DLL
0x00007ffd0a790000 - 0x00007ffd0a80f000 	C:\WINDOWS\System32\bcryptPrimitives.dll
0x00007ffcec1a0000 - 0x00007ffcec1c8000 	C:\Program Files\Eclipse Adoptium\jdk-11.0.15.10-hotspot\bin\java.dll
0x00007ffcf87b0000 - 0x00007ffcf87ba000 	C:\Program Files\Eclipse Adoptium\jdk-11.0.15.10-hotspot\bin\jimage.dll
0x00007ffceba10000 - 0x00007ffceba28000 	C:\Program Files\Eclipse Adoptium\jdk-11.0.15.10-hotspot\bin\zip.dll
0x00007ffd0bd30000 - 0x00007ffd0c4e7000 	C:\WINDOWS\System32\SHELL32.dll
0x00007ffd08840000 - 0x00007ffd090a5000 	C:\WINDOWS\SYSTEM32\windows.storage.dll
0x00007ffd0c760000 - 0x00007ffd0cad8000 	C:\WINDOWS\System32\combase.dll
0x00007ffd086d0000 - 0x00007ffd08836000 	C:\WINDOWS\SYSTEM32\wintypes.dll
0x00007ffd0b490000 - 0x00007ffd0b57a000 	C:\WINDOWS\System32\SHCORE.dll
0x00007ffd0caf0000 - 0x00007ffd0cb4d000 	C:\WINDOWS\System32\shlwapi.dll
0x00007ffd0a6c0000 - 0x00007ffd0a6e1000 	C:\WINDOWS\SYSTEM32\profapi.dll
0x00007ffceb9f0000 - 0x00007ffceba09000 	C:\Program Files\Eclipse Adoptium\jdk-11.0.15.10-hotspot\bin\net.dll
0x00007ffd03f10000 - 0x00007ffd04024000 	C:\WINDOWS\SYSTEM32\WINHTTP.dll
0x00007ffd09cb0000 - 0x00007ffd09d17000 	C:\WINDOWS\system32\mswsock.dll
0x00007ffce9e00000 - 0x00007ffce9e13000 	C:\Program Files\Eclipse Adoptium\jdk-11.0.15.10-hotspot\bin\nio.dll
0x00007ffcec080000 - 0x00007ffcec0a7000 	C:\Users\79818\.gradle\native\e1d6ef7f7dcc3fd88c89a11ec53ec762bb8ba0a96d01ffa2cd45eb1d1d8dd5c5\windows-amd64\native-platform.dll
0x00007ffcca560000 - 0x00007ffcca6a4000 	C:\Users\79818\.gradle\native\0d407fdbe67a94daf76414ababcb853783967236a71b16ec16e742cd7a986fd3\windows-amd64\native-platform-file-events.dll
0x00007ffcf6570000 - 0x00007ffcf6579000 	C:\Program Files\Eclipse Adoptium\jdk-11.0.15.10-hotspot\bin\management.dll
0x00007ffcf4300000 - 0x00007ffcf430b000 	C:\Program Files\Eclipse Adoptium\jdk-11.0.15.10-hotspot\bin\management_ext.dll
0x00007ffd09f00000 - 0x00007ffd09f18000 	C:\WINDOWS\SYSTEM32\CRYPTSP.dll
0x00007ffd09740000 - 0x00007ffd09775000 	C:\WINDOWS\system32\rsaenh.dll
0x00007ffd09da0000 - 0x00007ffd09dc9000 	C:\WINDOWS\SYSTEM32\USERENV.dll
0x00007ffd0a080000 - 0x00007ffd0a0a7000 	C:\WINDOWS\SYSTEM32\bcrypt.dll
0x00007ffd09ef0000 - 0x00007ffd09efc000 	C:\WINDOWS\SYSTEM32\CRYPTBASE.dll
0x00007ffd09300000 - 0x00007ffd0932d000 	C:\WINDOWS\SYSTEM32\IPHLPAPI.DLL
0x00007ffd0cae0000 - 0x00007ffd0cae9000 	C:\WINDOWS\System32\NSI.dll
0x00007ffd04200000 - 0x00007ffd04219000 	C:\WINDOWS\SYSTEM32\dhcpcsvc6.DLL
0x00007ffd04410000 - 0x00007ffd0442e000 	C:\WINDOWS\SYSTEM32\dhcpcsvc.DLL
0x00007ffd09330000 - 0x00007ffd09418000 	C:\WINDOWS\SYSTEM32\DNSAPI.dll

dbghelp: loaded successfully - version: 4.0.5 - missing functions: none
symbol engine: initialized successfully - sym options: 0x614 - pdb path: .;C:\Program Files\Eclipse Adoptium\jdk-11.0.15.10-hotspot\bin;C:\WINDOWS\SYSTEM32;C:\WINDOWS\WinSxS\amd64_microsoft.windows.common-controls_6595b64144ccf1df_6.0.22000.120_none_9d947278b86cc467;C:\Program Files\Eclipse Adoptium\jdk-11.0.15.10-hotspot\bin\server;C:\Users\79818\.gradle\native\e1d6ef7f7dcc3fd88c89a11ec53ec762bb8ba0a96d01ffa2cd45eb1d1d8dd5c5\windows-amd64;C:\Users\79818\.gradle\native\0d407fdbe67a94daf76414ababcb853783967236a71b16ec16e742cd7a986fd3\windows-amd64

VM Arguments:
jvm_args: --add-opens=java.base/java.util=ALL-UNNAMED --add-opens=java.base/java.lang=ALL-UNNAMED --add-opens=java.base/java.lang.invoke=ALL-UNNAMED --add-opens=java.base/java.util=ALL-UNNAMED --add-opens=java.prefs/java.util.prefs=ALL-UNNAMED --add-opens=java.prefs/java.util.prefs=ALL-UNNAMED --add-opens=java.base/java.nio.charset=ALL-UNNAMED --add-opens=java.base/java.net=ALL-UNNAMED --add-opens=java.base/java.util.concurrent.atomic=ALL-UNNAMED -XX:MaxMetaspaceSize=256m -XX:+HeapDumpOnOutOfMemoryError -Xms256m -Xmx512m -Dfile.encoding=windows-1251 -Duser.country=RU -Duser.language=ru -Duser.variant 
java_command: org.gradle.launcher.daemon.bootstrap.GradleDaemon 7.4
java_class_path (initial): C:\Users\79818\.gradle\wrapper\dists\gradle-7.4-bin\c0gwcg53nkjbqw7r0h0umtfvt\gradle-7.4\lib\gradle-launcher-7.4.jar
Launcher Type: SUN_STANDARD

[Global flags]
     intx CICompilerCount                          = 4                                         {product} {ergonomic}
   size_t CompressedClassSpaceSize                 = 260046848                                 {product} {ergonomic}
     uint ConcGCThreads                            = 2                                         {product} {ergonomic}
     uint G1ConcRefinementThreads                  = 8                                         {product} {ergonomic}
   size_t G1HeapRegionSize                         = 1048576                                   {product} {ergonomic}
    uintx GCDrainStackTargetSize                   = 64                                        {product} {ergonomic}
     bool HeapDumpOnOutOfMemoryError               = true                                   {manageable} {command line}
   size_t InitialHeapSize                          = 268435456                                 {product} {command line}
   size_t MarkStackSize                            = 4194304                                   {product} {ergonomic}
   size_t MaxHeapSize                              = 536870912                                 {product} {command line}
   size_t MaxMetaspaceSize                         = 268435456                                 {product} {command line}
   size_t MaxNewSize                               = 321912832                                 {product} {ergonomic}
   size_t MinHeapDeltaBytes                        = 1048576                                   {product} {ergonomic}
    uintx NonNMethodCodeHeapSize                   = 5836300                                {pd product} {ergonomic}
    uintx NonProfiledCodeHeapSize                  = 122910970                              {pd product} {ergonomic}
    uintx ProfiledCodeHeapSize                     = 122910970                              {pd product} {ergonomic}
    uintx ReservedCodeCacheSize                    = 251658240                              {pd product} {ergonomic}
     bool SegmentedCodeCache                       = true                                      {product} {ergonomic}
     bool UseCompressedClassPointers               = true                                 {lp64_product} {ergonomic}
     bool UseCompressedOops                        = true                                 {lp64_product} {ergonomic}
     bool UseG1GC                                  = true                                      {product} {ergonomic}
     bool UseLargePagesIndividualAllocation        = false                                  {pd product} {ergonomic}

Logging:
Log output configuration:
 #0: stdout all=warning uptime,level,tags
 #1: stderr all=off uptime,level,tags

Environment Variables:
PATH=C:\Program Files (x86)\Eclipse Adoptium\jdk-11.0.15.10-hotspot\bin;C:\Program Files\Common Files\Oracle\Java\javapath;C:\Program Files (x86)\Common Files\Oracle\Java\javapath;C:\Program Files\Eclipse Adoptium\jdk-11.0.15.10-hotspot\bin;C:\WINDOWS\system32;C:\WINDOWS;C:\WINDOWS\System32\Wbem;C:\WINDOWS\System32\WindowsPowerShell\v1.0\;C:\WINDOWS\System32\OpenSSH\;C:\Program Files\Git\cmd;C:\Program Files\Docker\Docker\resources\bin;C:\Program Files\nodejs\;C:\Users\79818\AppData\Local\Microsoft\WindowsApps;;C:\Users\79818\AppData\Local\Programs\Microsoft VS Code\bin;C:\Users\79818\AppData\Roaming\npm
USERNAME=79818
OS=Windows_NT
PROCESSOR_IDENTIFIER=AMD64 Family 23 Model 24 Stepping 1, AuthenticAMD



---------------  S Y S T E M  ---------------

OS: Windows 11 , 64 bit Build 22000 (10.0.22000.1335)
OS uptime: 9 days 21:07 hours
Hyper-V role detected

CPU:total 8 (initial active 8) (8 cores per cpu, 2 threads per core) family 23 model 24 stepping 1 microcode 0x0, cmov, cx8, fxsr, mmx, sse, sse2, sse3, ssse3, sse4.1, sse4.2, popcnt, avx, avx2, aes, clmul, mmxext, 3dnowpref, lzcnt, sse4a, ht, tsc, tscinvbit, tscinv, bmi1, bmi2, adx, sha, fma

Memory: 4k page, system-wide physical 7103M (126M free)
TotalPageFile size 25389M (AvailPageFile size 0M)
current process WorkingSet (physical memory assigned to process): 179M, peak: 415M
current process commit charge ("private bytes"): 501M, peak: 521M

vm_info: OpenJDK 64-Bit Server VM (11.0.15+10) for windows-amd64 JRE (11.0.15+10), built on Apr 19 2022 22:29:44 by "" with unknown MS VC++:1916

END.
