#
# There is insufficient memory for the Java Runtime Environment to continue.
# Native memory allocation (malloc) failed to allocate 131088 bytes for Chunk::new
# Possible reasons:
#   The system is out of physical RAM or swap space
#   The process is running with CompressedOops enabled, and the Java Heap may be blocking the growth of the native heap
# Possible solutions:
#   Reduce memory load on the system
#   Increase physical memory or swap space
#   Check if swap backing store is full
#   Decrease Java heap size (-Xmx/-Xms)
#   Decrease number of Java threads
#   Decrease Java thread stack sizes (-Xss)
#   Set larger code cache with -XX:ReservedCodeCacheSize=
#   JVM is running with Unscaled Compressed Oops mode in which the Java heap is
#     placed in the first 4GB address space. The Java Heap base address is the
#     maximum limit for the native heap growth. Please use -XX:HeapBaseMinAddress
#     to set the Java Heap base and to place the Java Heap above 4GB virtual address.
# This output file may be truncated or incomplete.
#
#  Out of Memory Error (./src/hotspot/share/memory/arena.cpp:197), pid=19776, tid=20608
#
# JRE version: OpenJDK Runtime Environment Temurin-11.0.15+10 (11.0.15+10) (build 11.0.15+10)
# Java VM: OpenJDK 64-Bit Server VM Temurin-11.0.15+10 (11.0.15+10, mixed mode, tiered, compressed oops, g1 gc, windows-amd64)
# No core dump will be written. Minidumps are not enabled by default on client versions of Windows
#

---------------  S U M M A R Y ------------

Command Line: --add-opens=java.base/java.util=ALL-UNNAMED --add-opens=java.base/java.lang=ALL-UNNAMED --add-opens=java.base/java.lang.invoke=ALL-UNNAMED --add-opens=java.base/java.util=ALL-UNNAMED --add-opens=java.prefs/java.util.prefs=ALL-UNNAMED --add-opens=java.prefs/java.util.prefs=ALL-UNNAMED --add-opens=java.base/java.nio.charset=ALL-UNNAMED --add-opens=java.base/java.net=ALL-UNNAMED --add-opens=java.base/java.util.concurrent.atomic=ALL-UNNAMED -XX:MaxMetaspaceSize=256m -XX:+HeapDumpOnOutOfMemoryError -Xms256m -Xmx512m -Dfile.encoding=windows-1251 -Duser.country=RU -Duser.language=ru -Duser.variant org.gradle.launcher.daemon.bootstrap.GradleDaemon 7.4

Host: AMD Ryzen 5 3500U with Radeon Vega Mobile Gfx  , 8 cores, 6G,  Windows 11 , 64 bit Build 22000 (10.0.22000.1335)
Time: Thu Mar  2 15:46:06 2023 RTZ 2 (s 11 , 64 bit Build 22000 (10.0.22000.1335) elapsed time: 18.747479 seconds (0d 0h 0m 18s)

---------------  T H R E A D  ---------------

Current thread (0x000002cab2670000):  JavaThread "C2 CompilerThread0" daemon [_thread_in_native, id=20608, stack(0x000000e7d2500000,0x000000e7d2600000)]


Current CompileTask:
C2:  18747 7260       4       java.lang.invoke.MethodType::makeImpl (108 bytes)

Stack: [0x000000e7d2500000,0x000000e7d2600000]
Native frames: (J=compiled Java code, j=interpreted, Vv=VM code, C=native code)
V  [jvm.dll+0x61e72a]
V  [jvm.dll+0x7aae49]
V  [jvm.dll+0x7ac538]
V  [jvm.dll+0x7acc13]
V  [jvm.dll+0x24fb28]
V  [jvm.dll+0xc262c]
V  [jvm.dll+0xc2bec]
V  [jvm.dll+0xc273b]
V  [jvm.dll+0x5fc2bf]
V  [jvm.dll+0x52dcbd]
V  [jvm.dll+0x21113d]
V  [jvm.dll+0x20ada4]
V  [jvm.dll+0x207e3b]
V  [jvm.dll+0x18a361]
V  [jvm.dll+0x2178a4]
V  [jvm.dll+0x215aeb]
V  [jvm.dll+0x76d950]
V  [jvm.dll+0x7668b4]
V  [jvm.dll+0x61d586]
C  [ucrtbase.dll+0x26c0c]
C  [KERNEL32.DLL+0x155a0]
C  [ntdll.dll+0x485b]


---------------  P R O C E S S  ---------------

Threads class SMR info:
_java_thread_list=0x000002cab66fa8e0, length=140, elements={
0x000002ca94583800, 0x000002cab1ccc000, 0x000002cab1cf6800, 0x000002cab266a800,
0x000002cab266b800, 0x000002cab266d000, 0x000002cab2670000, 0x000002cab2671000,
0x000002cab2672800, 0x000002cab27de800, 0x000002cab4096800, 0x000002cab47cc800,
0x000002cab46da000, 0x000002cab351e000, 0x000002cab3fde800, 0x000002cab3c35800,
0x000002cab3c36000, 0x000002cab46d8000, 0x000002cab46d9000, 0x000002cab490c000,
0x000002cab493b000, 0x000002cab493d800, 0x000002cab493c800, 0x000002cab493f000,
0x000002cab493c000, 0x000002cab493e800, 0x000002cab4939800, 0x000002cab4940000,
0x000002cab493a800, 0x000002cab6713800, 0x000002cab6714000, 0x000002cab6715000,
0x000002cab6717800, 0x000002cab6712000, 0x000002cab6718800, 0x000002cab671a000,
0x000002cab671a800, 0x000002cab671b800, 0x000002cab671e000, 0x000002cab671c800,
0x000002cab6719000, 0x000002cab671d000, 0x000002cab671f000, 0x000002cab671f800,
0x000002cab6720800, 0x000002cab8ec9000, 0x000002cab8ec4800, 0x000002cab8ec3800,
0x000002cab8ec7800, 0x000002cab8ec5000, 0x000002cab8eca000, 0x000002cab8ecb800,
0x000002cab8ec8800, 0x000002cab8ec6000, 0x000002cab8ecc800, 0x000002cab8ecb000,
0x000002cab8ec6800, 0x000002cab8ecf000, 0x000002cab8ece000, 0x000002cab8ed0800,
0x000002cab8ecd000, 0x000002cab8ecf800, 0x000002cab8ed2000, 0x000002cab8ed1800,
0x000002cab8e8f800, 0x000002cab8e92000, 0x000002cab8e92800, 0x000002cab8e8e800,
0x000002cab8e95000, 0x000002cab8e93800, 0x000002cab8e94000, 0x000002cab8e96000,
0x000002cab8e90000, 0x000002cab8e96800, 0x000002cab8e91000, 0x000002cab8e9d000,
0x000002cab8e9c800, 0x000002cab8e97800, 0x000002cab8e9a800, 0x000002cab8e9a000,
0x000002cab8e9b800, 0x000002cab8e98800, 0x000002cab8e99000, 0x000002cab8a84800,
0x000002cab8a82800, 0x000002cab8a84000, 0x000002cab8a85800, 0x000002cab8a86800,
0x000002cab8a83000, 0x000002cab8a89800, 0x000002cab8a8a800, 0x000002cab8a87000,
0x000002cab8a8c000, 0x000002cab8a8b800, 0x000002cab8a8d000, 0x000002cab8a8d800,
0x000002cab8a88000, 0x000002cab8a89000, 0x000002cab8a8e800, 0x000002cab8a8f800,
0x000002cab8a90000, 0x000002cab8a91000, 0x000002cab8c7c000, 0x000002cab8c80000,
0x000002cab8c7f800, 0x000002cab8c7d000, 0x000002cab8c7d800, 0x000002cab8c81000,
0x000002cab8c7e800, 0x000002cab8c7b000, 0x000002cab8c86800, 0x000002cab8c87800,
0x000002cab8c85000, 0x000002cab8c84000, 0x000002cab8c86000, 0x000002cab8c81800,
0x000002cab8c82800, 0x000002cab8c88800, 0x000002cab8c83800, 0x000002cab8c89000,
0x000002cab8c8a000, 0x000002cab8c9d000, 0x000002cab8c9d800, 0x000002cab8c9b000,
0x000002cab8c9c000, 0x000002cab8ca2800, 0x000002cab8ca3800, 0x000002cab8ca4000,
0x000002cab8ca0000, 0x000002cab8ca1000, 0x000002cab8ca2000, 0x000002cab8c9e800,
0x000002cab8ca5000, 0x000002cab8c9f800, 0x000002cab8ca6000, 0x000002cab8ca8800,
0x000002cab8ca9000, 0x000002cab8ca6800, 0x000002cab8ca7800, 0x000002cab8caa000
}

Java Threads: ( => current thread )
  0x000002ca94583800 JavaThread "main" [_thread_blocked, id=7900, stack(0x000000e7d1900000,0x000000e7d1a00000)]
  0x000002cab1ccc000 JavaThread "Reference Handler" daemon [_thread_blocked, id=7364, stack(0x000000e7d2000000,0x000000e7d2100000)]
  0x000002cab1cf6800 JavaThread "Finalizer" daemon [_thread_blocked, id=6588, stack(0x000000e7d2100000,0x000000e7d2200000)]
  0x000002cab266a800 JavaThread "Signal Dispatcher" daemon [_thread_blocked, id=20444, stack(0x000000e7d2200000,0x000000e7d2300000)]
  0x000002cab266b800 JavaThread "Attach Listener" daemon [_thread_blocked, id=22744, stack(0x000000e7d2300000,0x000000e7d2400000)]
  0x000002cab266d000 JavaThread "Service Thread" daemon [_thread_blocked, id=23548, stack(0x000000e7d2400000,0x000000e7d2500000)]
=>0x000002cab2670000 JavaThread "C2 CompilerThread0" daemon [_thread_in_native, id=20608, stack(0x000000e7d2500000,0x000000e7d2600000)]
  0x000002cab2671000 JavaThread "C1 CompilerThread0" daemon [_thread_blocked, id=5924, stack(0x000000e7d2600000,0x000000e7d2700000)]
  0x000002cab2672800 JavaThread "Sweeper thread" daemon [_thread_blocked, id=24048, stack(0x000000e7d2700000,0x000000e7d2800000)]
  0x000002cab27de800 JavaThread "Common-Cleaner" daemon [_thread_blocked, id=26072, stack(0x000000e7d2800000,0x000000e7d2900000)]
  0x000002cab4096800 JavaThread "Daemon health stats" [_thread_blocked, id=23208, stack(0x000000e7d3000000,0x000000e7d3100000)]
  0x000002cab47cc800 JavaThread "Incoming local TCP Connector on port 50928" [_thread_in_native, id=3376, stack(0x000000e7d3100000,0x000000e7d3200000)]
  0x000002cab46da000 JavaThread "Daemon periodic checks" [_thread_blocked, id=9300, stack(0x000000e7d3200000,0x000000e7d3300000)]
  0x000002cab351e000 JavaThread "Daemon" [_thread_blocked, id=18100, stack(0x000000e7d3300000,0x000000e7d3400000)]
  0x000002cab3fde800 JavaThread "Handler for socket connection from /127.0.0.1:50928 to /127.0.0.1:50929" [_thread_in_native, id=1648, stack(0x000000e7d3400000,0x000000e7d3500000)]
  0x000002cab3c35800 JavaThread "Cancel handler" [_thread_blocked, id=20688, stack(0x000000e7d3500000,0x000000e7d3600000)]
  0x000002cab3c36000 JavaThread "Daemon worker" [_thread_blocked, id=8984, stack(0x000000e7d3600000,0x000000e7d3700000)]
  0x000002cab46d8000 JavaThread "Asynchronous log dispatcher for DefaultDaemonConnection: socket connection from /127.0.0.1:50928 to /127.0.0.1:50929" [_thread_blocked, id=25932, stack(0x000000e7d3700000,0x000000e7d3800000)]
  0x000002cab46d9000 JavaThread "Stdin handler" [_thread_blocked, id=25224, stack(0x000000e7d3800000,0x000000e7d3900000)]
  0x000002cab490c000 JavaThread "Daemon client event forwarder" [_thread_blocked, id=15180, stack(0x000000e7d3900000,0x000000e7d3a00000)]
  0x000002cab493b000 JavaThread "Cache worker for journal cache (C:\Users\79818\.gradle\caches\journal-1)" [_thread_blocked, id=12076, stack(0x000000e7d3c00000,0x000000e7d3d00000)]
  0x000002cab493d800 JavaThread "File lock request listener" [_thread_in_native, id=14528, stack(0x000000e7d3d00000,0x000000e7d3e00000)]
  0x000002cab493c800 JavaThread "Cache worker for file hash cache (C:\Users\79818\.gradle\caches\7.4\fileHashes)" [_thread_blocked, id=6336, stack(0x000000e7d3e00000,0x000000e7d3f00000)]
  0x000002cab493f000 JavaThread "File watcher server" daemon [_thread_in_native, id=13616, stack(0x000000e7d4000000,0x000000e7d4100000)]
  0x000002cab493c000 JavaThread "File watcher consumer" daemon [_thread_blocked, id=17508, stack(0x000000e7d4100000,0x000000e7d4200000)]
  0x000002cab493e800 JavaThread "Cache worker for checksums cache (C:\Diploma\.gradle\7.4\checksums)" [_thread_blocked, id=23232, stack(0x000000e7d4200000,0x000000e7d4300000)]
  0x000002cab4939800 JavaThread "Cache worker for cache directory md-rule (C:\Users\79818\.gradle\caches\7.4\md-rule)" [_thread_blocked, id=24596, stack(0x000000e7d4300000,0x000000e7d4400000)]
  0x000002cab4940000 JavaThread "Cache worker for file hash cache (C:\Diploma\.gradle\7.4\fileHashes)" [_thread_blocked, id=18516, stack(0x000000e7d4400000,0x000000e7d4500000)]
  0x000002cab493a800 JavaThread "Cache worker for cache directory md-supplier (C:\Users\79818\.gradle\caches\7.4\md-supplier)" [_thread_blocked, id=12332, stack(0x000000e7d4500000,0x000000e7d4600000)]
  0x000002cab6713800 JavaThread "Cache worker for execution history cache (C:\Users\79818\.gradle\caches\7.4\executionHistory)" [_thread_blocked, id=20756, stack(0x000000e7d4600000,0x000000e7d4700000)]
  0x000002cab6714000 JavaThread "jar transforms" [_thread_blocked, id=14580, stack(0x000000e7d4700000,0x000000e7d4800000)]
  0x000002cab6715000 JavaThread "jar transforms Thread 2" [_thread_blocked, id=20916, stack(0x000000e7d4800000,0x000000e7d4900000)]
  0x000002cab6717800 JavaThread "Cache worker for file content cache (C:\Users\79818\.gradle\caches\7.4\fileContent)" [_thread_blocked, id=21648, stack(0x000000e7d4900000,0x000000e7d4a00000)]
  0x000002cab6712000 JavaThread "jar transforms Thread 3" [_thread_blocked, id=23992, stack(0x000000e7d4a00000,0x000000e7d4b00000)]
  0x000002cab6718800 JavaThread "jar transforms Thread 4" [_thread_blocked, id=25316, stack(0x000000e7d4b00000,0x000000e7d4c00000)]
  0x000002cab671a000 JavaThread "jar transforms Thread 5" [_thread_blocked, id=20328, stack(0x000000e7d4c00000,0x000000e7d4d00000)]
  0x000002cab671a800 JavaThread "jar transforms Thread 6" [_thread_blocked, id=17708, stack(0x000000e7d4d00000,0x000000e7d4e00000)]
  0x000002cab671b800 JavaThread "jar transforms Thread 7" [_thread_blocked, id=8864, stack(0x000000e7d4e00000,0x000000e7d4f00000)]
  0x000002cab671e000 JavaThread "jar transforms Thread 8" [_thread_blocked, id=9540, stack(0x000000e7d4f00000,0x000000e7d5000000)]
  0x000002cab671c800 JavaThread "Cache worker for dependencies-accessors (C:\Diploma\.gradle\7.4\dependencies-accessors)" [_thread_blocked, id=25656, stack(0x000000e7d5000000,0x000000e7d5100000)]
  0x000002cab6719000 JavaThread "Cache worker for Build Output Cleanup Cache (C:\Diploma\.gradle\buildOutputCleanup)" [_thread_blocked, id=9296, stack(0x000000e7d5100000,0x000000e7d5200000)]
  0x000002cab671d000 JavaThread "Unconstrained build operations" [_thread_blocked, id=13896, stack(0x000000e7d5200000,0x000000e7d5300000)]
  0x000002cab671f000 JavaThread "Memory manager" [_thread_blocked, id=4128, stack(0x000000e7d5300000,0x000000e7d5400000)]
  0x000002cab671f800 JavaThread "included builds" [_thread_blocked, id=14872, stack(0x000000e7d5400000,0x000000e7d5500000)]
  0x000002cab6720800 JavaThread "Execution worker for ':'" [_thread_blocked, id=4664, stack(0x000000e7d5500000,0x000000e7d5600000)]
  0x000002cab8ec9000 JavaThread "Execution worker for ':' Thread 2" [_thread_blocked, id=15968, stack(0x000000e7d5600000,0x000000e7d5700000)]
  0x000002cab8ec4800 JavaThread "Execution worker for ':' Thread 3" [_thread_blocked, id=4028, stack(0x000000e7d5700000,0x000000e7d5800000)]
  0x000002cab8ec3800 JavaThread "Execution worker for ':' Thread 4" [_thread_blocked, id=3856, stack(0x000000e7d5800000,0x000000e7d5900000)]
  0x000002cab8ec7800 JavaThread "Execution worker for ':' Thread 5" [_thread_in_vm, id=14236, stack(0x000000e7d5900000,0x000000e7d5a00000)]
  0x000002cab8ec5000 JavaThread "Execution worker for ':' Thread 6" [_thread_blocked, id=20472, stack(0x000000e7d5a00000,0x000000e7d5b00000)]
  0x000002cab8eca000 JavaThread "Execution worker for ':' Thread 7" [_thread_blocked, id=12860, stack(0x000000e7d5b00000,0x000000e7d5c00000)]
  0x000002cab8ecb800 JavaThread "Cache worker for execution history cache (C:\Diploma\.gradle\7.4\executionHistory)" [_thread_in_Java, id=23756, stack(0x000000e7d5c00000,0x000000e7d5d00000)]
  0x000002cab8ec8800 JavaThread "Unconstrained build operations Thread 2" [_thread_blocked, id=22240, stack(0x000000e7d5d00000,0x000000e7d5e00000)]
  0x000002cab8ec6000 JavaThread "Unconstrained build operations Thread 3" [_thread_blocked, id=18000, stack(0x000000e7d5e00000,0x000000e7d5f00000)]
  0x000002cab8ecc800 JavaThread "Unconstrained build operations Thread 4" [_thread_blocked, id=18260, stack(0x000000e7d5f00000,0x000000e7d6000000)]
  0x000002cab8ecb000 JavaThread "Unconstrained build operations Thread 5" [_thread_blocked, id=3572, stack(0x000000e7d6000000,0x000000e7d6100000)]
  0x000002cab8ec6800 JavaThread "Unconstrained build operations Thread 6" [_thread_blocked, id=6600, stack(0x000000e7d6100000,0x000000e7d6200000)]
  0x000002cab8ecf000 JavaThread "Unconstrained build operations Thread 7" [_thread_blocked, id=16484, stack(0x000000e7d6200000,0x000000e7d6300000)]
  0x000002cab8ece000 JavaThread "Unconstrained build operations Thread 8" [_thread_blocked, id=24532, stack(0x000000e7d6300000,0x000000e7d6400000)]
  0x000002cab8ed0800 JavaThread "Unconstrained build operations Thread 9" [_thread_blocked, id=23452, stack(0x000000e7d6400000,0x000000e7d6500000)]
  0x000002cab8ecd000 JavaThread "Unconstrained build operations Thread 10" [_thread_blocked, id=15512, stack(0x000000e7d6500000,0x000000e7d6600000)]
  0x000002cab8ecf800 JavaThread "Unconstrained build operations Thread 11" [_thread_blocked, id=17720, stack(0x000000e7d6600000,0x000000e7d6700000)]
  0x000002cab8ed2000 JavaThread "Unconstrained build operations Thread 12" [_thread_blocked, id=13068, stack(0x000000e7d6700000,0x000000e7d6800000)]
  0x000002cab8ed1800 JavaThread "Unconstrained build operations Thread 13" [_thread_blocked, id=20420, stack(0x000000e7d6800000,0x000000e7d6900000)]
  0x000002cab8e8f800 JavaThread "Unconstrained build operations Thread 14" [_thread_blocked, id=8652, stack(0x000000e7d6900000,0x000000e7d6a00000)]
  0x000002cab8e92000 JavaThread "Unconstrained build operations Thread 15" [_thread_blocked, id=13392, stack(0x000000e7d6a00000,0x000000e7d6b00000)]
  0x000002cab8e92800 JavaThread "Unconstrained build operations Thread 16" [_thread_blocked, id=19960, stack(0x000000e7d6b00000,0x000000e7d6c00000)]
  0x000002cab8e8e800 JavaThread "Unconstrained build operations Thread 17" [_thread_blocked, id=25988, stack(0x000000e7d6c00000,0x000000e7d6d00000)]
  0x000002cab8e95000 JavaThread "Unconstrained build operations Thread 18" [_thread_blocked, id=15460, stack(0x000000e7d6d00000,0x000000e7d6e00000)]
  0x000002cab8e93800 JavaThread "Unconstrained build operations Thread 19" [_thread_blocked, id=4080, stack(0x000000e7d6e00000,0x000000e7d6f00000)]
  0x000002cab8e94000 JavaThread "Unconstrained build operations Thread 20" [_thread_blocked, id=12052, stack(0x000000e7d6f00000,0x000000e7d7000000)]
  0x000002cab8e96000 JavaThread "Unconstrained build operations Thread 21" [_thread_blocked, id=12744, stack(0x000000e7d7000000,0x000000e7d7100000)]
  0x000002cab8e90000 JavaThread "Unconstrained build operations Thread 22" [_thread_blocked, id=25448, stack(0x000000e7d7100000,0x000000e7d7200000)]
  0x000002cab8e96800 JavaThread "Unconstrained build operations Thread 23" [_thread_blocked, id=24176, stack(0x000000e7d7200000,0x000000e7d7300000)]
  0x000002cab8e91000 JavaThread "Unconstrained build operations Thread 24" [_thread_blocked, id=23712, stack(0x000000e7d7300000,0x000000e7d7400000)]
  0x000002cab8e9d000 JavaThread "Unconstrained build operations Thread 25" [_thread_blocked, id=13520, stack(0x000000e7d7400000,0x000000e7d7500000)]
  0x000002cab8e9c800 JavaThread "Unconstrained build operations Thread 26" [_thread_blocked, id=1516, stack(0x000000e7d7500000,0x000000e7d7600000)]
  0x000002cab8e97800 JavaThread "Unconstrained build operations Thread 27" [_thread_blocked, id=17704, stack(0x000000e7d7600000,0x000000e7d7700000)]
  0x000002cab8e9a800 JavaThread "Unconstrained build operations Thread 28" [_thread_blocked, id=17400, stack(0x000000e7d7700000,0x000000e7d7800000)]
  0x000002cab8e9a000 JavaThread "Unconstrained build operations Thread 29" [_thread_blocked, id=22912, stack(0x000000e7d7800000,0x000000e7d7900000)]
  0x000002cab8e9b800 JavaThread "Unconstrained build operations Thread 30" [_thread_blocked, id=24820, stack(0x000000e7d7900000,0x000000e7d7a00000)]
  0x000002cab8e98800 JavaThread "Unconstrained build operations Thread 31" [_thread_blocked, id=7924, stack(0x000000e7d7a00000,0x000000e7d7b00000)]
  0x000002cab8e99000 JavaThread "Unconstrained build operations Thread 32" [_thread_blocked, id=1456, stack(0x000000e7d7b00000,0x000000e7d7c00000)]
  0x000002cab8a84800 JavaThread "Unconstrained build operations Thread 33" [_thread_blocked, id=13784, stack(0x000000e7d7c00000,0x000000e7d7d00000)]
  0x000002cab8a82800 JavaThread "Unconstrained build operations Thread 34" [_thread_blocked, id=9948, stack(0x000000e7d7d00000,0x000000e7d7e00000)]
  0x000002cab8a84000 JavaThread "Unconstrained build operations Thread 35" [_thread_blocked, id=1212, stack(0x000000e7d7e00000,0x000000e7d7f00000)]
  0x000002cab8a85800 JavaThread "Unconstrained build operations Thread 36" [_thread_blocked, id=22328, stack(0x000000e7d7f00000,0x000000e7d8000000)]
  0x000002cab8a86800 JavaThread "Unconstrained build operations Thread 37" [_thread_blocked, id=18728, stack(0x000000e7d8000000,0x000000e7d8100000)]
  0x000002cab8a83000 JavaThread "Unconstrained build operations Thread 38" [_thread_blocked, id=20900, stack(0x000000e7d8100000,0x000000e7d8200000)]
  0x000002cab8a89800 JavaThread "Unconstrained build operations Thread 39" [_thread_blocked, id=25748, stack(0x000000e7d8200000,0x000000e7d8300000)]
  0x000002cab8a8a800 JavaThread "Unconstrained build operations Thread 40" [_thread_blocked, id=4008, stack(0x000000e7d8300000,0x000000e7d8400000)]
  0x000002cab8a87000 JavaThread "Unconstrained build operations Thread 41" [_thread_blocked, id=5040, stack(0x000000e7d8400000,0x000000e7d8500000)]
  0x000002cab8a8c000 JavaThread "Unconstrained build operations Thread 42" [_thread_blocked, id=26572, stack(0x000000e7d8500000,0x000000e7d8600000)]
  0x000002cab8a8b800 JavaThread "Unconstrained build operations Thread 43" [_thread_blocked, id=7196, stack(0x000000e7d8600000,0x000000e7d8700000)]
  0x000002cab8a8d000 JavaThread "Unconstrained build operations Thread 44" [_thread_blocked, id=17224, stack(0x000000e7d8700000,0x000000e7d8800000)]
  0x000002cab8a8d800 JavaThread "Unconstrained build operations Thread 45" [_thread_blocked, id=16768, stack(0x000000e7d8800000,0x000000e7d8900000)]
  0x000002cab8a88000 JavaThread "Unconstrained build operations Thread 46" [_thread_blocked, id=16404, stack(0x000000e7d8900000,0x000000e7d8a00000)]
  0x000002cab8a89000 JavaThread "Unconstrained build operations Thread 47" [_thread_blocked, id=20640, stack(0x000000e7d8a00000,0x000000e7d8b00000)]
  0x000002cab8a8e800 JavaThread "Unconstrained build operations Thread 48" [_thread_blocked, id=14340, stack(0x000000e7d8b00000,0x000000e7d8c00000)]
  0x000002cab8a8f800 JavaThread "Unconstrained build operations Thread 49" [_thread_blocked, id=21236, stack(0x000000e7d8c00000,0x000000e7d8d00000)]
  0x000002cab8a90000 JavaThread "Unconstrained build operations Thread 50" [_thread_blocked, id=24792, stack(0x000000e7d8d00000,0x000000e7d8e00000)]
  0x000002cab8a91000 JavaThread "Unconstrained build operations Thread 51" [_thread_blocked, id=15808, stack(0x000000e7d8e00000,0x000000e7d8f00000)]
  0x000002cab8c7c000 JavaThread "Unconstrained build operations Thread 52" [_thread_blocked, id=3504, stack(0x000000e7d8f00000,0x000000e7d9000000)]
  0x000002cab8c80000 JavaThread "Unconstrained build operations Thread 53" [_thread_blocked, id=21716, stack(0x000000e7d9000000,0x000000e7d9100000)]
  0x000002cab8c7f800 JavaThread "Unconstrained build operations Thread 54" [_thread_blocked, id=20960, stack(0x000000e7d9100000,0x000000e7d9200000)]
  0x000002cab8c7d000 JavaThread "Unconstrained build operations Thread 55" [_thread_blocked, id=17748, stack(0x000000e7d9200000,0x000000e7d9300000)]
  0x000002cab8c7d800 JavaThread "Unconstrained build operations Thread 56" [_thread_blocked, id=4024, stack(0x000000e7d9300000,0x000000e7d9400000)]
  0x000002cab8c81000 JavaThread "Unconstrained build operations Thread 57" [_thread_blocked, id=2256, stack(0x000000e7d9400000,0x000000e7d9500000)]
  0x000002cab8c7e800 JavaThread "Unconstrained build operations Thread 58" [_thread_blocked, id=23468, stack(0x000000e7d9500000,0x000000e7d9600000)]
  0x000002cab8c7b000 JavaThread "Unconstrained build operations Thread 59" [_thread_blocked, id=12796, stack(0x000000e7d9600000,0x000000e7d9700000)]
  0x000002cab8c86800 JavaThread "Unconstrained build operations Thread 60" [_thread_blocked, id=12660, stack(0x000000e7d9700000,0x000000e7d9800000)]
  0x000002cab8c87800 JavaThread "Unconstrained build operations Thread 61" [_thread_blocked, id=20156, stack(0x000000e7d9800000,0x000000e7d9900000)]
  0x000002cab8c85000 JavaThread "Unconstrained build operations Thread 62" [_thread_blocked, id=18368, stack(0x000000e7d9900000,0x000000e7d9a00000)]
  0x000002cab8c84000 JavaThread "Unconstrained build operations Thread 63" [_thread_blocked, id=20864, stack(0x000000e7d9a00000,0x000000e7d9b00000)]
  0x000002cab8c86000 JavaThread "Unconstrained build operations Thread 64" [_thread_blocked, id=9408, stack(0x000000e7d9b00000,0x000000e7d9c00000)]
  0x000002cab8c81800 JavaThread "Unconstrained build operations Thread 65" [_thread_blocked, id=23156, stack(0x000000e7d9c00000,0x000000e7d9d00000)]
  0x000002cab8c82800 JavaThread "Unconstrained build operations Thread 66" [_thread_blocked, id=23616, stack(0x000000e7d9d00000,0x000000e7d9e00000)]
  0x000002cab8c88800 JavaThread "Unconstrained build operations Thread 67" [_thread_blocked, id=2508, stack(0x000000e7d9e00000,0x000000e7d9f00000)]
  0x000002cab8c83800 JavaThread "Unconstrained build operations Thread 68" [_thread_blocked, id=5628, stack(0x000000e7d9f00000,0x000000e7da000000)]
  0x000002cab8c89000 JavaThread "Unconstrained build operations Thread 69" [_thread_blocked, id=25700, stack(0x000000e7da000000,0x000000e7da100000)]
  0x000002cab8c8a000 JavaThread "Unconstrained build operations Thread 70" [_thread_blocked, id=8132, stack(0x000000e7da100000,0x000000e7da200000)]
  0x000002cab8c9d000 JavaThread "Unconstrained build operations Thread 71" [_thread_blocked, id=15328, stack(0x000000e7da200000,0x000000e7da300000)]
  0x000002cab8c9d800 JavaThread "Unconstrained build operations Thread 72" [_thread_blocked, id=15920, stack(0x000000e7da300000,0x000000e7da400000)]
  0x000002cab8c9b000 JavaThread "Unconstrained build operations Thread 73" [_thread_blocked, id=3788, stack(0x000000e7da400000,0x000000e7da500000)]
  0x000002cab8c9c000 JavaThread "Unconstrained build operations Thread 74" [_thread_blocked, id=13396, stack(0x000000e7da500000,0x000000e7da600000)]
  0x000002cab8ca2800 JavaThread "Unconstrained build operations Thread 75" [_thread_blocked, id=23344, stack(0x000000e7da600000,0x000000e7da700000)]
  0x000002cab8ca3800 JavaThread "Unconstrained build operations Thread 76" [_thread_blocked, id=26220, stack(0x000000e7da700000,0x000000e7da800000)]
  0x000002cab8ca4000 JavaThread "Unconstrained build operations Thread 77" [_thread_blocked, id=23076, stack(0x000000e7da800000,0x000000e7da900000)]
  0x000002cab8ca0000 JavaThread "Unconstrained build operations Thread 78" [_thread_blocked, id=17036, stack(0x000000e7da900000,0x000000e7daa00000)]
  0x000002cab8ca1000 JavaThread "Unconstrained build operations Thread 79" [_thread_blocked, id=12020, stack(0x000000e7daa00000,0x000000e7dab00000)]
  0x000002cab8ca2000 JavaThread "Unconstrained build operations Thread 80" [_thread_blocked, id=24708, stack(0x000000e7dab00000,0x000000e7dac00000)]
  0x000002cab8c9e800 JavaThread "Cache worker for Java compile cache (C:\Users\79818\.gradle\caches\7.4\javaCompile)" [_thread_blocked, id=20024, stack(0x000000e7dac00000,0x000000e7dad00000)]
  0x000002cab8ca5000 JavaThread "Build operations" [_thread_blocked, id=17272, stack(0x000000e7dad00000,0x000000e7dae00000)]
  0x000002cab8c9f800 JavaThread "Build operations Thread 2" [_thread_blocked, id=18880, stack(0x000000e7dae00000,0x000000e7daf00000)]
  0x000002cab8ca6000 JavaThread "Build operations Thread 3" [_thread_blocked, id=5176, stack(0x000000e7daf00000,0x000000e7db000000)]
  0x000002cab8ca8800 JavaThread "Build operations Thread 4" [_thread_blocked, id=19740, stack(0x000000e7db000000,0x000000e7db100000)]
  0x000002cab8ca9000 JavaThread "Build operations Thread 5" [_thread_blocked, id=10980, stack(0x000000e7db100000,0x000000e7db200000)]
  0x000002cab8ca6800 JavaThread "Build operations Thread 6" [_thread_blocked, id=19296, stack(0x000000e7db200000,0x000000e7db300000)]
  0x000002cab8ca7800 JavaThread "Build operations Thread 7" [_thread_blocked, id=17076, stack(0x000000e7db300000,0x000000e7db400000)]
  0x000002cab8caa000 JavaThread "Build operations Thread 8" [_thread_blocked, id=10340, stack(0x000000e7db400000,0x000000e7db500000)]

Other Threads:
  0x000002cab1cc9800 VMThread "VM Thread" [stack: 0x000000e7d1f00000,0x000000e7d2000000] [id=15656]
  0x000002cab281a000 WatcherThread [stack: 0x000000e7d2900000,0x000000e7d2a00000] [id=5640]
  0x000002ca9459a000 GCTaskThread "GC Thread#0" [stack: 0x000000e7d1a00000,0x000000e7d1b00000] [id=23704]
  0x000002cab3616000 GCTaskThread "GC Thread#1" [stack: 0x000000e7d2a00000,0x000000e7d2b00000] [id=4672]
  0x000002cab3137800 GCTaskThread "GC Thread#2" [stack: 0x000000e7d2b00000,0x000000e7d2c00000] [id=10328]
  0x000002cab3138800 GCTaskThread "GC Thread#3" [stack: 0x000000e7d2c00000,0x000000e7d2d00000] [id=19620]
  0x000002cab3304800 GCTaskThread "GC Thread#4" [stack: 0x000000e7d2d00000,0x000000e7d2e00000] [id=9936]
  0x000002cab3305000 GCTaskThread "GC Thread#5" [stack: 0x000000e7d2e00000,0x000000e7d2f00000] [id=6644]
  0x000002cab490d000 GCTaskThread "GC Thread#6" [stack: 0x000000e7d3a00000,0x000000e7d3b00000] [id=23796]
  0x000002cab49af000 GCTaskThread "GC Thread#7" [stack: 0x000000e7d3b00000,0x000000e7d3c00000] [id=15040]
  0x000002ca945ac000 ConcurrentGCThread "G1 Main Marker" [stack: 0x000000e7d1b00000,0x000000e7d1c00000] [id=9044]
  0x000002ca945ae000 ConcurrentGCThread "G1 Conc#0" [stack: 0x000000e7d1c00000,0x000000e7d1d00000] [id=15636]
  0x000002cab487f800 ConcurrentGCThread "G1 Conc#1" [stack: 0x000000e7d3f00000,0x000000e7d4000000] [id=22476]
  0x000002ca9465e000 ConcurrentGCThread "G1 Refine#0" [stack: 0x000000e7d1d00000,0x000000e7d1e00000] [id=26236]
  0x000002cab28dc000 ConcurrentGCThread "G1 Refine#1" [stack: 0x000000e7d2f00000,0x000000e7d3000000] [id=18248]
  0x000002cab902d800 ConcurrentGCThread "G1 Refine#2" [stack: 0x000000e7db500000,0x000000e7db600000] [id=22708]
  0x000002cab7555000 ConcurrentGCThread "G1 Refine#3" [stack: 0x000000e7db600000,0x000000e7db700000] [id=21848]
  0x000002cab901b800 ConcurrentGCThread "G1 Refine#4" [stack: 0x000000e7db700000,0x000000e7db800000] [id=3144]
  0x000002cab1b64800 ConcurrentGCThread "G1 Young RemSet Sampling" [stack: 0x000000e7d1e00000,0x000000e7d1f00000] [id=15828]

Threads with active compile tasks:
C2 CompilerThread0    18796 7260       4       java.lang.invoke.MethodType::makeImpl (108 bytes)
C1 CompilerThread0    18796 7345       2       org.gradle.internal.serialize.AbstractEncoder$EncoderStream::write (11 bytes)

VM state:not at safepoint (normal execution)

VM Mutex/Monitor currently owned by a thread: None

Heap address: 0x00000000e0000000, size: 512 MB, Compressed Oops mode: 32-bit
Narrow klass base: 0x0000000000000000, Narrow klass shift: 3
Compressed class space size: 260046848 Address: 0x0000000100000000

Heap:
 garbage-first heap   total 262144K, used 85801K [0x00000000e0000000, 0x0000000100000000)
  region size 1024K, 31 young (31744K), 11 survivors (11264K)
 Metaspace       used 68091K, capacity 70391K, committed 70492K, reserved 315392K
  class space    used 8835K, capacity 9711K, committed 9804K, reserved 253952K
Heap Regions: E=young(eden), S=young(survivor), O=old, HS=humongous(starts), HC=humongous(continues), CS=collection set, F=free, A=archive, TAMS=top-at-mark-start (previous, next)
|   0|0x00000000e0000000, 0x00000000e0100000, 0x00000000e0100000|100%| O|  |TAMS 0x00000000e0100000, 0x00000000e0000000| Untracked 
|   1|0x00000000e0100000, 0x00000000e0200000, 0x00000000e0200000|100%| O|  |TAMS 0x00000000e0200000, 0x00000000e0100000| Untracked 
|   2|0x00000000e0200000, 0x00000000e0300000, 0x00000000e0300000|100%| O|  |TAMS 0x00000000e0300000, 0x00000000e0200000| Untracked 
|   3|0x00000000e0300000, 0x00000000e0400000, 0x00000000e0400000|100%|HS|  |TAMS 0x00000000e0400000, 0x00000000e0300000| Complete 
|   4|0x00000000e0400000, 0x00000000e0500000, 0x00000000e0500000|100%|HC|  |TAMS 0x00000000e0500000, 0x00000000e0400000| Complete 
|   5|0x00000000e0500000, 0x00000000e0600000, 0x00000000e0600000|100%|HC|  |TAMS 0x00000000e0600000, 0x00000000e0500000| Complete 
|   6|0x00000000e0600000, 0x00000000e0700000, 0x00000000e0700000|100%| O|  |TAMS 0x00000000e0700000, 0x00000000e0600000| Untracked 
|   7|0x00000000e0700000, 0x00000000e0800000, 0x00000000e0800000|100%| O|  |TAMS 0x00000000e0800000, 0x00000000e0700000| Untracked 
|   8|0x00000000e0800000, 0x00000000e0900000, 0x00000000e0900000|100%| O|  |TAMS 0x00000000e0900000, 0x00000000e0800000| Untracked 
|   9|0x00000000e0900000, 0x00000000e0a00000, 0x00000000e0a00000|100%| O|  |TAMS 0x00000000e0a00000, 0x00000000e0900000| Untracked 
|  10|0x00000000e0a00000, 0x00000000e0b00000, 0x00000000e0b00000|100%| O|  |TAMS 0x00000000e0b00000, 0x00000000e0a00000| Untracked 
|  11|0x00000000e0b00000, 0x00000000e0c00000, 0x00000000e0c00000|100%| O|  |TAMS 0x00000000e0c00000, 0x00000000e0b00000| Untracked 
|  12|0x00000000e0c00000, 0x00000000e0d00000, 0x00000000e0d00000|100%| O|  |TAMS 0x00000000e0d00000, 0x00000000e0c00000| Untracked 
|  13|0x00000000e0d00000, 0x00000000e0e00000, 0x00000000e0e00000|100%| O|  |TAMS 0x00000000e0e00000, 0x00000000e0d00000| Untracked 
|  14|0x00000000e0e00000, 0x00000000e0f00000, 0x00000000e0f00000|100%| O|  |TAMS 0x00000000e0f00000, 0x00000000e0e00000| Untracked 
|  15|0x00000000e0f00000, 0x00000000e1000000, 0x00000000e1000000|100%| O|  |TAMS 0x00000000e1000000, 0x00000000e0f00000| Untracked 
|  16|0x00000000e1000000, 0x00000000e10ffff8, 0x00000000e1100000| 99%| O|  |TAMS 0x00000000e10ffff8, 0x00000000e1000000| Untracked 
|  17|0x00000000e1100000, 0x00000000e1200000, 0x00000000e1200000|100%| O|  |TAMS 0x00000000e1200000, 0x00000000e1100000| Untracked 
|  18|0x00000000e1200000, 0x00000000e1300000, 0x00000000e1300000|100%| O|  |TAMS 0x00000000e1300000, 0x00000000e1200000| Untracked 
|  19|0x00000000e1300000, 0x00000000e1400000, 0x00000000e1400000|100%| O|  |TAMS 0x00000000e1400000, 0x00000000e1300000| Untracked 
|  20|0x00000000e1400000, 0x00000000e1500000, 0x00000000e1500000|100%| O|  |TAMS 0x00000000e1500000, 0x00000000e1400000| Untracked 
|  21|0x00000000e1500000, 0x00000000e1600000, 0x00000000e1600000|100%| O|  |TAMS 0x00000000e1600000, 0x00000000e1500000| Untracked 
|  22|0x00000000e1600000, 0x00000000e1700000, 0x00000000e1700000|100%| O|  |TAMS 0x00000000e1700000, 0x00000000e1600000| Untracked 
|  23|0x00000000e1700000, 0x00000000e1800000, 0x00000000e1800000|100%| O|  |TAMS 0x00000000e1800000, 0x00000000e1700000| Untracked 
|  24|0x00000000e1800000, 0x00000000e1900000, 0x00000000e1900000|100%| O|  |TAMS 0x00000000e1900000, 0x00000000e1800000| Untracked 
|  25|0x00000000e1900000, 0x00000000e1a00000, 0x00000000e1a00000|100%| O|  |TAMS 0x00000000e1a00000, 0x00000000e1900000| Untracked 
|  26|0x00000000e1a00000, 0x00000000e1b00000, 0x00000000e1b00000|100%| O|  |TAMS 0x00000000e1b00000, 0x00000000e1a00000| Untracked 
|  27|0x00000000e1b00000, 0x00000000e1c00000, 0x00000000e1c00000|100%| O|  |TAMS 0x00000000e1c00000, 0x00000000e1b00000| Untracked 
|  28|0x00000000e1c00000, 0x00000000e1d00000, 0x00000000e1d00000|100%| O|  |TAMS 0x00000000e1d00000, 0x00000000e1c00000| Untracked 
|  29|0x00000000e1d00000, 0x00000000e1e00000, 0x00000000e1e00000|100%| O|  |TAMS 0x00000000e1e00000, 0x00000000e1d00000| Untracked 
|  30|0x00000000e1e00000, 0x00000000e1f00000, 0x00000000e1f00000|100%| O|  |TAMS 0x00000000e1f00000, 0x00000000e1e00000| Untracked 
|  31|0x00000000e1f00000, 0x00000000e2000000, 0x00000000e2000000|100%| O|  |TAMS 0x00000000e2000000, 0x00000000e1f00000| Untracked 
|  32|0x00000000e2000000, 0x00000000e2100000, 0x00000000e2100000|100%| O|  |TAMS 0x00000000e2100000, 0x00000000e2000000| Untracked 
|  33|0x00000000e2100000, 0x00000000e2200000, 0x00000000e2200000|100%| O|  |TAMS 0x00000000e2200000, 0x00000000e2100000| Untracked 
|  34|0x00000000e2200000, 0x00000000e2300000, 0x00000000e2300000|100%| O|  |TAMS 0x00000000e2300000, 0x00000000e2200000| Untracked 
|  35|0x00000000e2300000, 0x00000000e2400000, 0x00000000e2400000|100%| O|  |TAMS 0x00000000e2400000, 0x00000000e2300000| Untracked 
|  36|0x00000000e2400000, 0x00000000e2500000, 0x00000000e2500000|100%| O|  |TAMS 0x00000000e2500000, 0x00000000e2400000| Untracked 
|  37|0x00000000e2500000, 0x00000000e2600000, 0x00000000e2600000|100%| O|  |TAMS 0x00000000e2600000, 0x00000000e2500000| Untracked 
|  38|0x00000000e2600000, 0x00000000e2700000, 0x00000000e2700000|100%| O|  |TAMS 0x00000000e2700000, 0x00000000e2600000| Untracked 
|  39|0x00000000e2700000, 0x00000000e2800000, 0x00000000e2800000|100%| O|  |TAMS 0x00000000e2800000, 0x00000000e2700000| Untracked 
|  40|0x00000000e2800000, 0x00000000e2900000, 0x00000000e2900000|100%| O|  |TAMS 0x00000000e2900000, 0x00000000e2800000| Untracked 
|  41|0x00000000e2900000, 0x00000000e2a00000, 0x00000000e2a00000|100%| O|  |TAMS 0x00000000e2a00000, 0x00000000e2900000| Untracked 
|  42|0x00000000e2a00000, 0x00000000e2b00000, 0x00000000e2b00000|100%| O|  |TAMS 0x00000000e2b00000, 0x00000000e2a00000| Untracked 
|  43|0x00000000e2b00000, 0x00000000e2c00000, 0x00000000e2c00000|100%| O|  |TAMS 0x00000000e2c00000, 0x00000000e2b00000| Untracked 
|  44|0x00000000e2c00000, 0x00000000e2d00000, 0x00000000e2d00000|100%| O|  |TAMS 0x00000000e2d00000, 0x00000000e2c00000| Untracked 
|  45|0x00000000e2d00000, 0x00000000e2e00000, 0x00000000e2e00000|100%| O|  |TAMS 0x00000000e2e00000, 0x00000000e2d00000| Untracked 
|  46|0x00000000e2e00000, 0x00000000e2f00000, 0x00000000e2f00000|100%| O|  |TAMS 0x00000000e2f00000, 0x00000000e2e00000| Untracked 
|  47|0x00000000e2f00000, 0x00000000e3000000, 0x00000000e3000000|100%| O|  |TAMS 0x00000000e3000000, 0x00000000e2f00000| Untracked 
|  48|0x00000000e3000000, 0x00000000e3100000, 0x00000000e3100000|100%| O|  |TAMS 0x00000000e3100000, 0x00000000e3000000| Untracked 
|  49|0x00000000e3100000, 0x00000000e3200000, 0x00000000e3200000|100%| O|  |TAMS 0x00000000e3200000, 0x00000000e3100000| Untracked 
|  50|0x00000000e3200000, 0x00000000e3300000, 0x00000000e3300000|100%| O|  |TAMS 0x00000000e3300000, 0x00000000e3200000| Untracked 
|  51|0x00000000e3300000, 0x00000000e3400000, 0x00000000e3400000|100%| O|  |TAMS 0x00000000e3400000, 0x00000000e3300000| Untracked 
|  52|0x00000000e3400000, 0x00000000e3500000, 0x00000000e3500000|100%| O|  |TAMS 0x00000000e3500000, 0x00000000e3400000| Untracked 
|  53|0x00000000e3500000, 0x00000000e3600000, 0x00000000e3600000|100%| O|  |TAMS 0x00000000e3600000, 0x00000000e3500000| Untracked 
|  54|0x00000000e3600000, 0x00000000e36ca600, 0x00000000e3700000| 79%| O|  |TAMS 0x00000000e36ca600, 0x00000000e3600000| Untracked 
|  55|0x00000000e3700000, 0x00000000e3700000, 0x00000000e3800000|  0%| F|  |TAMS 0x00000000e3700000, 0x00000000e3700000| Untracked 
|  56|0x00000000e3800000, 0x00000000e3800000, 0x00000000e3900000|  0%| F|  |TAMS 0x00000000e3800000, 0x00000000e3800000| Untracked 
|  57|0x00000000e3900000, 0x00000000e3900000, 0x00000000e3a00000|  0%| F|  |TAMS 0x00000000e3900000, 0x00000000e3900000| Untracked 
|  58|0x00000000e3a00000, 0x00000000e3a00000, 0x00000000e3b00000|  0%| F|  |TAMS 0x00000000e3a00000, 0x00000000e3a00000| Untracked 
|  59|0x00000000e3b00000, 0x00000000e3b00000, 0x00000000e3c00000|  0%| F|  |TAMS 0x00000000e3b00000, 0x00000000e3b00000| Untracked 
|  60|0x00000000e3c00000, 0x00000000e3c00000, 0x00000000e3d00000|  0%| F|  |TAMS 0x00000000e3c00000, 0x00000000e3c00000| Untracked 
|  61|0x00000000e3d00000, 0x00000000e3d00000, 0x00000000e3e00000|  0%| F|  |TAMS 0x00000000e3d00000, 0x00000000e3d00000| Untracked 
|  62|0x00000000e3e00000, 0x00000000e3e00000, 0x00000000e3f00000|  0%| F|  |TAMS 0x00000000e3e00000, 0x00000000e3e00000| Untracked 
|  63|0x00000000e3f00000, 0x00000000e3f00000, 0x00000000e4000000|  0%| F|  |TAMS 0x00000000e3f00000, 0x00000000e3f00000| Untracked 
|  64|0x00000000e4000000, 0x00000000e4000000, 0x00000000e4100000|  0%| F|  |TAMS 0x00000000e4000000, 0x00000000e4000000| Untracked 
|  65|0x00000000e4100000, 0x00000000e4100000, 0x00000000e4200000|  0%| F|  |TAMS 0x00000000e4100000, 0x00000000e4100000| Untracked 
|  66|0x00000000e4200000, 0x00000000e4200000, 0x00000000e4300000|  0%| F|  |TAMS 0x00000000e4200000, 0x00000000e4200000| Untracked 
|  67|0x00000000e4300000, 0x00000000e4300000, 0x00000000e4400000|  0%| F|  |TAMS 0x00000000e4300000, 0x00000000e4300000| Untracked 
|  68|0x00000000e4400000, 0x00000000e4400000, 0x00000000e4500000|  0%| F|  |TAMS 0x00000000e4400000, 0x00000000e4400000| Untracked 
|  69|0x00000000e4500000, 0x00000000e4500000, 0x00000000e4600000|  0%| F|  |TAMS 0x00000000e4500000, 0x00000000e4500000| Untracked 
|  70|0x00000000e4600000, 0x00000000e4600000, 0x00000000e4700000|  0%| F|  |TAMS 0x00000000e4600000, 0x00000000e4600000| Untracked 
|  71|0x00000000e4700000, 0x00000000e4700000, 0x00000000e4800000|  0%| F|  |TAMS 0x00000000e4700000, 0x00000000e4700000| Untracked 
|  72|0x00000000e4800000, 0x00000000e4800000, 0x00000000e4900000|  0%| F|  |TAMS 0x00000000e4800000, 0x00000000e4800000| Untracked 
|  73|0x00000000e4900000, 0x00000000e4900000, 0x00000000e4a00000|  0%| F|  |TAMS 0x00000000e4900000, 0x00000000e4900000| Untracked 
|  74|0x00000000e4a00000, 0x00000000e4a00000, 0x00000000e4b00000|  0%| F|  |TAMS 0x00000000e4a00000, 0x00000000e4a00000| Untracked 
|  75|0x00000000e4b00000, 0x00000000e4b00000, 0x00000000e4c00000|  0%| F|  |TAMS 0x00000000e4b00000, 0x00000000e4b00000| Untracked 
|  76|0x00000000e4c00000, 0x00000000e4c00000, 0x00000000e4d00000|  0%| F|  |TAMS 0x00000000e4c00000, 0x00000000e4c00000| Untracked 
|  77|0x00000000e4d00000, 0x00000000e4d00000, 0x00000000e4e00000|  0%| F|  |TAMS 0x00000000e4d00000, 0x00000000e4d00000| Untracked 
|  78|0x00000000e4e00000, 0x00000000e4e00000, 0x00000000e4f00000|  0%| F|  |TAMS 0x00000000e4e00000, 0x00000000e4e00000| Untracked 
|  79|0x00000000e4f00000, 0x00000000e4f00000, 0x00000000e5000000|  0%| F|  |TAMS 0x00000000e4f00000, 0x00000000e4f00000| Untracked 
|  80|0x00000000e5000000, 0x00000000e5000000, 0x00000000e5100000|  0%| F|  |TAMS 0x00000000e5000000, 0x00000000e5000000| Untracked 
|  81|0x00000000e5100000, 0x00000000e5100000, 0x00000000e5200000|  0%| F|  |TAMS 0x00000000e5100000, 0x00000000e5100000| Untracked 
|  82|0x00000000e5200000, 0x00000000e5200000, 0x00000000e5300000|  0%| F|  |TAMS 0x00000000e5200000, 0x00000000e5200000| Untracked 
|  83|0x00000000e5300000, 0x00000000e5300000, 0x00000000e5400000|  0%| F|  |TAMS 0x00000000e5300000, 0x00000000e5300000| Untracked 
|  84|0x00000000e5400000, 0x00000000e5400000, 0x00000000e5500000|  0%| F|  |TAMS 0x00000000e5400000, 0x00000000e5400000| Untracked 
|  85|0x00000000e5500000, 0x00000000e5500000, 0x00000000e5600000|  0%| F|  |TAMS 0x00000000e5500000, 0x00000000e5500000| Untracked 
|  86|0x00000000e5600000, 0x00000000e5600000, 0x00000000e5700000|  0%| F|  |TAMS 0x00000000e5600000, 0x00000000e5600000| Untracked 
|  87|0x00000000e5700000, 0x00000000e5700000, 0x00000000e5800000|  0%| F|  |TAMS 0x00000000e5700000, 0x00000000e5700000| Untracked 
|  88|0x00000000e5800000, 0x00000000e5800000, 0x00000000e5900000|  0%| F|  |TAMS 0x00000000e5800000, 0x00000000e5800000| Untracked 
|  89|0x00000000e5900000, 0x00000000e5900000, 0x00000000e5a00000|  0%| F|  |TAMS 0x00000000e5900000, 0x00000000e5900000| Untracked 
|  90|0x00000000e5a00000, 0x00000000e5a00000, 0x00000000e5b00000|  0%| F|  |TAMS 0x00000000e5a00000, 0x00000000e5a00000| Untracked 
|  91|0x00000000e5b00000, 0x00000000e5b00000, 0x00000000e5c00000|  0%| F|  |TAMS 0x00000000e5b00000, 0x00000000e5b00000| Untracked 
|  92|0x00000000e5c00000, 0x00000000e5c00000, 0x00000000e5d00000|  0%| F|  |TAMS 0x00000000e5c00000, 0x00000000e5c00000| Untracked 
|  93|0x00000000e5d00000, 0x00000000e5d00000, 0x00000000e5e00000|  0%| F|  |TAMS 0x00000000e5d00000, 0x00000000e5d00000| Untracked 
|  94|0x00000000e5e00000, 0x00000000e5e00000, 0x00000000e5f00000|  0%| F|  |TAMS 0x00000000e5e00000, 0x00000000e5e00000| Untracked 
|  95|0x00000000e5f00000, 0x00000000e5f00000, 0x00000000e6000000|  0%| F|  |TAMS 0x00000000e5f00000, 0x00000000e5f00000| Untracked 
|  96|0x00000000e6000000, 0x00000000e6000000, 0x00000000e6100000|  0%| F|  |TAMS 0x00000000e6000000, 0x00000000e6000000| Untracked 
|  97|0x00000000e6100000, 0x00000000e6100000, 0x00000000e6200000|  0%| F|  |TAMS 0x00000000e6100000, 0x00000000e6100000| Untracked 
|  98|0x00000000e6200000, 0x00000000e6200000, 0x00000000e6300000|  0%| F|  |TAMS 0x00000000e6200000, 0x00000000e6200000| Untracked 
|  99|0x00000000e6300000, 0x00000000e6300000, 0x00000000e6400000|  0%| F|  |TAMS 0x00000000e6300000, 0x00000000e6300000| Untracked 
| 100|0x00000000e6400000, 0x00000000e6400000, 0x00000000e6500000|  0%| F|  |TAMS 0x00000000e6400000, 0x00000000e6400000| Untracked 
| 101|0x00000000e6500000, 0x00000000e6500000, 0x00000000e6600000|  0%| F|  |TAMS 0x00000000e6500000, 0x00000000e6500000| Untracked 
| 102|0x00000000e6600000, 0x00000000e6600000, 0x00000000e6700000|  0%| F|  |TAMS 0x00000000e6600000, 0x00000000e6600000| Untracked 
| 103|0x00000000e6700000, 0x00000000e6700000, 0x00000000e6800000|  0%| F|  |TAMS 0x00000000e6700000, 0x00000000e6700000| Untracked 
| 104|0x00000000e6800000, 0x00000000e6800000, 0x00000000e6900000|  0%| F|  |TAMS 0x00000000e6800000, 0x00000000e6800000| Untracked 
| 105|0x00000000e6900000, 0x00000000e6900000, 0x00000000e6a00000|  0%| F|  |TAMS 0x00000000e6900000, 0x00000000e6900000| Untracked 
| 106|0x00000000e6a00000, 0x00000000e6a00000, 0x00000000e6b00000|  0%| F|  |TAMS 0x00000000e6a00000, 0x00000000e6a00000| Untracked 
| 107|0x00000000e6b00000, 0x00000000e6b00000, 0x00000000e6c00000|  0%| F|  |TAMS 0x00000000e6b00000, 0x00000000e6b00000| Untracked 
| 108|0x00000000e6c00000, 0x00000000e6c00000, 0x00000000e6d00000|  0%| F|  |TAMS 0x00000000e6c00000, 0x00000000e6c00000| Untracked 
| 109|0x00000000e6d00000, 0x00000000e6d00000, 0x00000000e6e00000|  0%| F|  |TAMS 0x00000000e6d00000, 0x00000000e6d00000| Untracked 
| 110|0x00000000e6e00000, 0x00000000e6e00000, 0x00000000e6f00000|  0%| F|  |TAMS 0x00000000e6e00000, 0x00000000e6e00000| Untracked 
| 111|0x00000000e6f00000, 0x00000000e6f00000, 0x00000000e7000000|  0%| F|  |TAMS 0x00000000e6f00000, 0x00000000e6f00000| Untracked 
| 112|0x00000000e7000000, 0x00000000e7000000, 0x00000000e7100000|  0%| F|  |TAMS 0x00000000e7000000, 0x00000000e7000000| Untracked 
| 113|0x00000000e7100000, 0x00000000e7100000, 0x00000000e7200000|  0%| F|  |TAMS 0x00000000e7100000, 0x00000000e7100000| Untracked 
| 114|0x00000000e7200000, 0x00000000e7200000, 0x00000000e7300000|  0%| F|  |TAMS 0x00000000e7200000, 0x00000000e7200000| Untracked 
| 115|0x00000000e7300000, 0x00000000e7300000, 0x00000000e7400000|  0%| F|  |TAMS 0x00000000e7300000, 0x00000000e7300000| Untracked 
| 116|0x00000000e7400000, 0x00000000e7400000, 0x00000000e7500000|  0%| F|  |TAMS 0x00000000e7400000, 0x00000000e7400000| Untracked 
| 117|0x00000000e7500000, 0x00000000e7500000, 0x00000000e7600000|  0%| F|  |TAMS 0x00000000e7500000, 0x00000000e7500000| Untracked 
| 118|0x00000000e7600000, 0x00000000e7600000, 0x00000000e7700000|  0%| F|  |TAMS 0x00000000e7600000, 0x00000000e7600000| Untracked 
| 119|0x00000000e7700000, 0x00000000e7700000, 0x00000000e7800000|  0%| F|  |TAMS 0x00000000e7700000, 0x00000000e7700000| Untracked 
| 120|0x00000000e7800000, 0x00000000e7800000, 0x00000000e7900000|  0%| F|  |TAMS 0x00000000e7800000, 0x00000000e7800000| Untracked 
| 121|0x00000000e7900000, 0x00000000e7900000, 0x00000000e7a00000|  0%| F|  |TAMS 0x00000000e7900000, 0x00000000e7900000| Untracked 
| 122|0x00000000e7a00000, 0x00000000e7a00000, 0x00000000e7b00000|  0%| F|  |TAMS 0x00000000e7a00000, 0x00000000e7a00000| Untracked 
| 123|0x00000000e7b00000, 0x00000000e7b00000, 0x00000000e7c00000|  0%| F|  |TAMS 0x00000000e7b00000, 0x00000000e7b00000| Untracked 
| 124|0x00000000e7c00000, 0x00000000e7c00000, 0x00000000e7d00000|  0%| F|  |TAMS 0x00000000e7c00000, 0x00000000e7c00000| Untracked 
| 125|0x00000000e7d00000, 0x00000000e7d00000, 0x00000000e7e00000|  0%| F|  |TAMS 0x00000000e7d00000, 0x00000000e7d00000| Untracked 
| 126|0x00000000e7e00000, 0x00000000e7e00000, 0x00000000e7f00000|  0%| F|  |TAMS 0x00000000e7e00000, 0x00000000e7e00000| Untracked 
| 127|0x00000000e7f00000, 0x00000000e7f00000, 0x00000000e8000000|  0%| F|  |TAMS 0x00000000e7f00000, 0x00000000e7f00000| Untracked 
| 128|0x00000000e8000000, 0x00000000e8000000, 0x00000000e8100000|  0%| F|  |TAMS 0x00000000e8000000, 0x00000000e8000000| Untracked 
| 129|0x00000000e8100000, 0x00000000e8100000, 0x00000000e8200000|  0%| F|  |TAMS 0x00000000e8100000, 0x00000000e8100000| Untracked 
| 130|0x00000000e8200000, 0x00000000e8200000, 0x00000000e8300000|  0%| F|  |TAMS 0x00000000e8200000, 0x00000000e8200000| Untracked 
| 131|0x00000000e8300000, 0x00000000e8300000, 0x00000000e8400000|  0%| F|  |TAMS 0x00000000e8300000, 0x00000000e8300000| Untracked 
| 132|0x00000000e8400000, 0x00000000e8400000, 0x00000000e8500000|  0%| F|  |TAMS 0x00000000e8400000, 0x00000000e8400000| Untracked 
| 133|0x00000000e8500000, 0x00000000e8500000, 0x00000000e8600000|  0%| F|  |TAMS 0x00000000e8500000, 0x00000000e8500000| Untracked 
| 134|0x00000000e8600000, 0x00000000e8600000, 0x00000000e8700000|  0%| F|  |TAMS 0x00000000e8600000, 0x00000000e8600000| Untracked 
| 135|0x00000000e8700000, 0x00000000e8700000, 0x00000000e8800000|  0%| F|  |TAMS 0x00000000e8700000, 0x00000000e8700000| Untracked 
| 136|0x00000000e8800000, 0x00000000e8800000, 0x00000000e8900000|  0%| F|  |TAMS 0x00000000e8800000, 0x00000000e8800000| Untracked 
| 137|0x00000000e8900000, 0x00000000e8900000, 0x00000000e8a00000|  0%| F|  |TAMS 0x00000000e8900000, 0x00000000e8900000| Untracked 
| 138|0x00000000e8a00000, 0x00000000e8a00000, 0x00000000e8b00000|  0%| F|  |TAMS 0x00000000e8a00000, 0x00000000e8a00000| Untracked 
| 139|0x00000000e8b00000, 0x00000000e8b00000, 0x00000000e8c00000|  0%| F|  |TAMS 0x00000000e8b00000, 0x00000000e8b00000| Untracked 
| 140|0x00000000e8c00000, 0x00000000e8c00000, 0x00000000e8d00000|  0%| F|  |TAMS 0x00000000e8c00000, 0x00000000e8c00000| Untracked 
| 141|0x00000000e8d00000, 0x00000000e8d00000, 0x00000000e8e00000|  0%| F|  |TAMS 0x00000000e8d00000, 0x00000000e8d00000| Untracked 
| 142|0x00000000e8e00000, 0x00000000e8e00000, 0x00000000e8f00000|  0%| F|  |TAMS 0x00000000e8e00000, 0x00000000e8e00000| Untracked 
| 143|0x00000000e8f00000, 0x00000000e8f00000, 0x00000000e9000000|  0%| F|  |TAMS 0x00000000e8f00000, 0x00000000e8f00000| Untracked 
| 144|0x00000000e9000000, 0x00000000e9000000, 0x00000000e9100000|  0%| F|  |TAMS 0x00000000e9000000, 0x00000000e9000000| Untracked 
| 145|0x00000000e9100000, 0x00000000e9100000, 0x00000000e9200000|  0%| F|  |TAMS 0x00000000e9100000, 0x00000000e9100000| Untracked 
| 146|0x00000000e9200000, 0x00000000e9200000, 0x00000000e9300000|  0%| F|  |TAMS 0x00000000e9200000, 0x00000000e9200000| Untracked 
| 147|0x00000000e9300000, 0x00000000e9300000, 0x00000000e9400000|  0%| F|  |TAMS 0x00000000e9300000, 0x00000000e9300000| Untracked 
| 148|0x00000000e9400000, 0x00000000e9400000, 0x00000000e9500000|  0%| F|  |TAMS 0x00000000e9400000, 0x00000000e9400000| Untracked 
| 149|0x00000000e9500000, 0x00000000e9500000, 0x00000000e9600000|  0%| F|  |TAMS 0x00000000e9500000, 0x00000000e9500000| Untracked 
| 150|0x00000000e9600000, 0x00000000e9600000, 0x00000000e9700000|  0%| F|  |TAMS 0x00000000e9600000, 0x00000000e9600000| Untracked 
| 151|0x00000000e9700000, 0x00000000e9700000, 0x00000000e9800000|  0%| F|  |TAMS 0x00000000e9700000, 0x00000000e9700000| Untracked 
| 152|0x00000000e9800000, 0x00000000e9800000, 0x00000000e9900000|  0%| F|  |TAMS 0x00000000e9800000, 0x00000000e9800000| Untracked 
| 153|0x00000000e9900000, 0x00000000e9900000, 0x00000000e9a00000|  0%| F|  |TAMS 0x00000000e9900000, 0x00000000e9900000| Untracked 
| 154|0x00000000e9a00000, 0x00000000e9a00000, 0x00000000e9b00000|  0%| F|  |TAMS 0x00000000e9a00000, 0x00000000e9a00000| Untracked 
| 155|0x00000000e9b00000, 0x00000000e9b00000, 0x00000000e9c00000|  0%| F|  |TAMS 0x00000000e9b00000, 0x00000000e9b00000| Untracked 
| 156|0x00000000e9c00000, 0x00000000e9c00000, 0x00000000e9d00000|  0%| F|  |TAMS 0x00000000e9c00000, 0x00000000e9c00000| Untracked 
| 157|0x00000000e9d00000, 0x00000000e9d00000, 0x00000000e9e00000|  0%| F|  |TAMS 0x00000000e9d00000, 0x00000000e9d00000| Untracked 
| 158|0x00000000e9e00000, 0x00000000e9e00000, 0x00000000e9f00000|  0%| F|  |TAMS 0x00000000e9e00000, 0x00000000e9e00000| Untracked 
| 159|0x00000000e9f00000, 0x00000000e9f00000, 0x00000000ea000000|  0%| F|  |TAMS 0x00000000e9f00000, 0x00000000e9f00000| Untracked 
| 160|0x00000000ea000000, 0x00000000ea000000, 0x00000000ea100000|  0%| F|  |TAMS 0x00000000ea000000, 0x00000000ea000000| Untracked 
| 161|0x00000000ea100000, 0x00000000ea100000, 0x00000000ea200000|  0%| F|  |TAMS 0x00000000ea100000, 0x00000000ea100000| Untracked 
| 162|0x00000000ea200000, 0x00000000ea200000, 0x00000000ea300000|  0%| F|  |TAMS 0x00000000ea200000, 0x00000000ea200000| Untracked 
| 163|0x00000000ea300000, 0x00000000ea300000, 0x00000000ea400000|  0%| F|  |TAMS 0x00000000ea300000, 0x00000000ea300000| Untracked 
| 164|0x00000000ea400000, 0x00000000ea500000, 0x00000000ea500000|100%| S|CS|TAMS 0x00000000ea400000, 0x00000000ea400000| Complete 
| 165|0x00000000ea500000, 0x00000000ea600000, 0x00000000ea600000|100%| S|CS|TAMS 0x00000000ea500000, 0x00000000ea500000| Complete 
| 166|0x00000000ea600000, 0x00000000ea700000, 0x00000000ea700000|100%| S|CS|TAMS 0x00000000ea600000, 0x00000000ea600000| Complete 
| 167|0x00000000ea700000, 0x00000000ea800000, 0x00000000ea800000|100%| S|CS|TAMS 0x00000000ea700000, 0x00000000ea700000| Complete 
| 168|0x00000000ea800000, 0x00000000ea900000, 0x00000000ea900000|100%| S|CS|TAMS 0x00000000ea800000, 0x00000000ea800000| Complete 
| 169|0x00000000ea900000, 0x00000000eaa00000, 0x00000000eaa00000|100%| S|CS|TAMS 0x00000000ea900000, 0x00000000ea900000| Complete 
| 170|0x00000000eaa00000, 0x00000000eab00000, 0x00000000eab00000|100%| S|CS|TAMS 0x00000000eaa00000, 0x00000000eaa00000| Complete 
| 171|0x00000000eab00000, 0x00000000eac00000, 0x00000000eac00000|100%| S|CS|TAMS 0x00000000eab00000, 0x00000000eab00000| Complete 
| 172|0x00000000eac00000, 0x00000000ead00000, 0x00000000ead00000|100%| S|CS|TAMS 0x00000000eac00000, 0x00000000eac00000| Complete 
| 173|0x00000000ead00000, 0x00000000eae00000, 0x00000000eae00000|100%| S|CS|TAMS 0x00000000ead00000, 0x00000000ead00000| Complete 
| 174|0x00000000eae00000, 0x00000000eaf00000, 0x00000000eaf00000|100%| S|CS|TAMS 0x00000000eae00000, 0x00000000eae00000| Complete 
| 175|0x00000000eaf00000, 0x00000000eaf00000, 0x00000000eb000000|  0%| F|  |TAMS 0x00000000eaf00000, 0x00000000eaf00000| Untracked 
| 176|0x00000000eb000000, 0x00000000eb000000, 0x00000000eb100000|  0%| F|  |TAMS 0x00000000eb000000, 0x00000000eb000000| Untracked 
| 177|0x00000000eb100000, 0x00000000eb100000, 0x00000000eb200000|  0%| F|  |TAMS 0x00000000eb100000, 0x00000000eb100000| Untracked 
| 178|0x00000000eb200000, 0x00000000eb200000, 0x00000000eb300000|  0%| F|  |TAMS 0x00000000eb200000, 0x00000000eb200000| Untracked 
| 179|0x00000000eb300000, 0x00000000eb300000, 0x00000000eb400000|  0%| F|  |TAMS 0x00000000eb300000, 0x00000000eb300000| Untracked 
| 180|0x00000000eb400000, 0x00000000eb400000, 0x00000000eb500000|  0%| F|  |TAMS 0x00000000eb400000, 0x00000000eb400000| Untracked 
| 181|0x00000000eb500000, 0x00000000eb500000, 0x00000000eb600000|  0%| F|  |TAMS 0x00000000eb500000, 0x00000000eb500000| Untracked 
| 182|0x00000000eb600000, 0x00000000eb600000, 0x00000000eb700000|  0%| F|  |TAMS 0x00000000eb600000, 0x00000000eb600000| Untracked 
| 183|0x00000000eb700000, 0x00000000eb700000, 0x00000000eb800000|  0%| F|  |TAMS 0x00000000eb700000, 0x00000000eb700000| Untracked 
| 184|0x00000000eb800000, 0x00000000eb800000, 0x00000000eb900000|  0%| F|  |TAMS 0x00000000eb800000, 0x00000000eb800000| Untracked 
| 185|0x00000000eb900000, 0x00000000eb900000, 0x00000000eba00000|  0%| F|  |TAMS 0x00000000eb900000, 0x00000000eb900000| Untracked 
| 186|0x00000000eba00000, 0x00000000eba00000, 0x00000000ebb00000|  0%| F|  |TAMS 0x00000000eba00000, 0x00000000eba00000| Untracked 
| 187|0x00000000ebb00000, 0x00000000ebb00000, 0x00000000ebc00000|  0%| F|  |TAMS 0x00000000ebb00000, 0x00000000ebb00000| Untracked 
| 188|0x00000000ebc00000, 0x00000000ebc00000, 0x00000000ebd00000|  0%| F|  |TAMS 0x00000000ebc00000, 0x00000000ebc00000| Untracked 
| 189|0x00000000ebd00000, 0x00000000ebd00000, 0x00000000ebe00000|  0%| F|  |TAMS 0x00000000ebd00000, 0x00000000ebd00000| Untracked 
| 190|0x00000000ebe00000, 0x00000000ebe00000, 0x00000000ebf00000|  0%| F|  |TAMS 0x00000000ebe00000, 0x00000000ebe00000| Untracked 
| 191|0x00000000ebf00000, 0x00000000ebf00000, 0x00000000ec000000|  0%| F|  |TAMS 0x00000000ebf00000, 0x00000000ebf00000| Untracked 
| 192|0x00000000ec000000, 0x00000000ec000000, 0x00000000ec100000|  0%| F|  |TAMS 0x00000000ec000000, 0x00000000ec000000| Untracked 
| 193|0x00000000ec100000, 0x00000000ec100000, 0x00000000ec200000|  0%| F|  |TAMS 0x00000000ec100000, 0x00000000ec100000| Untracked 
| 194|0x00000000ec200000, 0x00000000ec200000, 0x00000000ec300000|  0%| F|  |TAMS 0x00000000ec200000, 0x00000000ec200000| Untracked 
| 195|0x00000000ec300000, 0x00000000ec300000, 0x00000000ec400000|  0%| F|  |TAMS 0x00000000ec300000, 0x00000000ec300000| Untracked 
| 196|0x00000000ec400000, 0x00000000ec400000, 0x00000000ec500000|  0%| F|  |TAMS 0x00000000ec400000, 0x00000000ec400000| Untracked 
| 197|0x00000000ec500000, 0x00000000ec500000, 0x00000000ec600000|  0%| F|  |TAMS 0x00000000ec500000, 0x00000000ec500000| Untracked 
| 198|0x00000000ec600000, 0x00000000ec600000, 0x00000000ec700000|  0%| F|  |TAMS 0x00000000ec600000, 0x00000000ec600000| Untracked 
| 199|0x00000000ec700000, 0x00000000ec700000, 0x00000000ec800000|  0%| F|  |TAMS 0x00000000ec700000, 0x00000000ec700000| Untracked 
| 200|0x00000000ec800000, 0x00000000ec800000, 0x00000000ec900000|  0%| F|  |TAMS 0x00000000ec800000, 0x00000000ec800000| Untracked 
| 201|0x00000000ec900000, 0x00000000ec900000, 0x00000000eca00000|  0%| F|  |TAMS 0x00000000ec900000, 0x00000000ec900000| Untracked 
| 202|0x00000000eca00000, 0x00000000eca00000, 0x00000000ecb00000|  0%| F|  |TAMS 0x00000000eca00000, 0x00000000eca00000| Untracked 
| 203|0x00000000ecb00000, 0x00000000ecb00000, 0x00000000ecc00000|  0%| F|  |TAMS 0x00000000ecb00000, 0x00000000ecb00000| Untracked 
| 204|0x00000000ecc00000, 0x00000000ecc00000, 0x00000000ecd00000|  0%| F|  |TAMS 0x00000000ecc00000, 0x00000000ecc00000| Untracked 
| 205|0x00000000ecd00000, 0x00000000ecd00000, 0x00000000ece00000|  0%| F|  |TAMS 0x00000000ecd00000, 0x00000000ecd00000| Untracked 
| 206|0x00000000ece00000, 0x00000000ece00000, 0x00000000ecf00000|  0%| F|  |TAMS 0x00000000ece00000, 0x00000000ece00000| Untracked 
| 207|0x00000000ecf00000, 0x00000000ecf00000, 0x00000000ed000000|  0%| F|  |TAMS 0x00000000ecf00000, 0x00000000ecf00000| Untracked 
| 208|0x00000000ed000000, 0x00000000ed000000, 0x00000000ed100000|  0%| F|  |TAMS 0x00000000ed000000, 0x00000000ed000000| Untracked 
| 209|0x00000000ed100000, 0x00000000ed100000, 0x00000000ed200000|  0%| F|  |TAMS 0x00000000ed100000, 0x00000000ed100000| Untracked 
| 210|0x00000000ed200000, 0x00000000ed200000, 0x00000000ed300000|  0%| F|  |TAMS 0x00000000ed200000, 0x00000000ed200000| Untracked 
| 211|0x00000000ed300000, 0x00000000ed300000, 0x00000000ed400000|  0%| F|  |TAMS 0x00000000ed300000, 0x00000000ed300000| Untracked 
| 212|0x00000000ed400000, 0x00000000ed400000, 0x00000000ed500000|  0%| F|  |TAMS 0x00000000ed400000, 0x00000000ed400000| Untracked 
| 213|0x00000000ed500000, 0x00000000ed500000, 0x00000000ed600000|  0%| F|  |TAMS 0x00000000ed500000, 0x00000000ed500000| Untracked 
| 214|0x00000000ed600000, 0x00000000ed600000, 0x00000000ed700000|  0%| F|  |TAMS 0x00000000ed600000, 0x00000000ed600000| Untracked 
| 215|0x00000000ed700000, 0x00000000ed700000, 0x00000000ed800000|  0%| F|  |TAMS 0x00000000ed700000, 0x00000000ed700000| Untracked 
| 216|0x00000000ed800000, 0x00000000ed800000, 0x00000000ed900000|  0%| F|  |TAMS 0x00000000ed800000, 0x00000000ed800000| Untracked 
| 217|0x00000000ed900000, 0x00000000ed900000, 0x00000000eda00000|  0%| F|  |TAMS 0x00000000ed900000, 0x00000000ed900000| Untracked 
| 218|0x00000000eda00000, 0x00000000eda00000, 0x00000000edb00000|  0%| F|  |TAMS 0x00000000eda00000, 0x00000000eda00000| Untracked 
| 219|0x00000000edb00000, 0x00000000edb00000, 0x00000000edc00000|  0%| F|  |TAMS 0x00000000edb00000, 0x00000000edb00000| Untracked 
| 220|0x00000000edc00000, 0x00000000edc00000, 0x00000000edd00000|  0%| F|  |TAMS 0x00000000edc00000, 0x00000000edc00000| Untracked 
| 221|0x00000000edd00000, 0x00000000edd00000, 0x00000000ede00000|  0%| F|  |TAMS 0x00000000edd00000, 0x00000000edd00000| Untracked 
| 222|0x00000000ede00000, 0x00000000ede00000, 0x00000000edf00000|  0%| F|  |TAMS 0x00000000ede00000, 0x00000000ede00000| Untracked 
| 223|0x00000000edf00000, 0x00000000edf00000, 0x00000000ee000000|  0%| F|  |TAMS 0x00000000edf00000, 0x00000000edf00000| Untracked 
| 224|0x00000000ee000000, 0x00000000ee000000, 0x00000000ee100000|  0%| F|  |TAMS 0x00000000ee000000, 0x00000000ee000000| Untracked 
| 225|0x00000000ee100000, 0x00000000ee100000, 0x00000000ee200000|  0%| F|  |TAMS 0x00000000ee100000, 0x00000000ee100000| Untracked 
| 226|0x00000000ee200000, 0x00000000ee200000, 0x00000000ee300000|  0%| F|  |TAMS 0x00000000ee200000, 0x00000000ee200000| Untracked 
| 227|0x00000000ee300000, 0x00000000ee300000, 0x00000000ee400000|  0%| F|  |TAMS 0x00000000ee300000, 0x00000000ee300000| Untracked 
| 228|0x00000000ee400000, 0x00000000ee400000, 0x00000000ee500000|  0%| F|  |TAMS 0x00000000ee400000, 0x00000000ee400000| Untracked 
| 229|0x00000000ee500000, 0x00000000ee500000, 0x00000000ee600000|  0%| F|  |TAMS 0x00000000ee500000, 0x00000000ee500000| Untracked 
| 230|0x00000000ee600000, 0x00000000ee600000, 0x00000000ee700000|  0%| F|  |TAMS 0x00000000ee600000, 0x00000000ee600000| Untracked 
| 231|0x00000000ee700000, 0x00000000ee700000, 0x00000000ee800000|  0%| F|  |TAMS 0x00000000ee700000, 0x00000000ee700000| Untracked 
| 232|0x00000000ee800000, 0x00000000ee800000, 0x00000000ee900000|  0%| F|  |TAMS 0x00000000ee800000, 0x00000000ee800000| Untracked 
| 233|0x00000000ee900000, 0x00000000ee900000, 0x00000000eea00000|  0%| F|  |TAMS 0x00000000ee900000, 0x00000000ee900000| Untracked 
| 234|0x00000000eea00000, 0x00000000eea00000, 0x00000000eeb00000|  0%| F|  |TAMS 0x00000000eea00000, 0x00000000eea00000| Untracked 
| 235|0x00000000eeb00000, 0x00000000eeb20df8, 0x00000000eec00000| 12%| E|  |TAMS 0x00000000eeb00000, 0x00000000eeb00000| Complete 
| 236|0x00000000eec00000, 0x00000000eed00000, 0x00000000eed00000|100%| E|CS|TAMS 0x00000000eec00000, 0x00000000eec00000| Complete 
| 237|0x00000000eed00000, 0x00000000eee00000, 0x00000000eee00000|100%| E|CS|TAMS 0x00000000eed00000, 0x00000000eed00000| Complete 
| 238|0x00000000eee00000, 0x00000000eef00000, 0x00000000eef00000|100%| E|CS|TAMS 0x00000000eee00000, 0x00000000eee00000| Complete 
| 239|0x00000000eef00000, 0x00000000ef000000, 0x00000000ef000000|100%| E|CS|TAMS 0x00000000eef00000, 0x00000000eef00000| Complete 
| 240|0x00000000ef000000, 0x00000000ef100000, 0x00000000ef100000|100%| E|CS|TAMS 0x00000000ef000000, 0x00000000ef000000| Complete 
| 241|0x00000000ef100000, 0x00000000ef200000, 0x00000000ef200000|100%| E|CS|TAMS 0x00000000ef100000, 0x00000000ef100000| Complete 
| 242|0x00000000ef200000, 0x00000000ef300000, 0x00000000ef300000|100%| E|CS|TAMS 0x00000000ef200000, 0x00000000ef200000| Complete 
| 243|0x00000000ef300000, 0x00000000ef400000, 0x00000000ef400000|100%| E|CS|TAMS 0x00000000ef300000, 0x00000000ef300000| Complete 
| 244|0x00000000ef400000, 0x00000000ef500000, 0x00000000ef500000|100%| E|CS|TAMS 0x00000000ef400000, 0x00000000ef400000| Complete 
| 245|0x00000000ef500000, 0x00000000ef600000, 0x00000000ef600000|100%| E|CS|TAMS 0x00000000ef500000, 0x00000000ef500000| Complete 
| 246|0x00000000ef600000, 0x00000000ef700000, 0x00000000ef700000|100%| E|CS|TAMS 0x00000000ef600000, 0x00000000ef600000| Complete 
| 247|0x00000000ef700000, 0x00000000ef800000, 0x00000000ef800000|100%| E|CS|TAMS 0x00000000ef700000, 0x00000000ef700000| Complete 
| 248|0x00000000ef800000, 0x00000000ef900000, 0x00000000ef900000|100%| E|CS|TAMS 0x00000000ef800000, 0x00000000ef800000| Complete 
| 249|0x00000000ef900000, 0x00000000efa00000, 0x00000000efa00000|100%| E|CS|TAMS 0x00000000ef900000, 0x00000000ef900000| Complete 
| 250|0x00000000efa00000, 0x00000000efb00000, 0x00000000efb00000|100%| E|  |TAMS 0x00000000efa00000, 0x00000000efa00000| Complete 
| 251|0x00000000efb00000, 0x00000000efc00000, 0x00000000efc00000|100%| E|CS|TAMS 0x00000000efb00000, 0x00000000efb00000| Complete 
| 252|0x00000000efc00000, 0x00000000efd00000, 0x00000000efd00000|100%| E|CS|TAMS 0x00000000efc00000, 0x00000000efc00000| Complete 
| 253|0x00000000efd00000, 0x00000000efe00000, 0x00000000efe00000|100%| E|CS|TAMS 0x00000000efd00000, 0x00000000efd00000| Complete 
| 254|0x00000000efe00000, 0x00000000eff00000, 0x00000000eff00000|100%| E|CS|TAMS 0x00000000efe00000, 0x00000000efe00000| Complete 
| 255|0x00000000eff00000, 0x00000000f0000000, 0x00000000f0000000|100%| E|CS|TAMS 0x00000000eff00000, 0x00000000eff00000| Complete 

Card table byte_map: [0x000002caae050000,0x000002caae150000] _byte_map_base: 0x000002caad950000

Marking Bits (Prev, Next): (CMBitMap*) 0x000002ca945a9018, (CMBitMap*) 0x000002ca945a9050
 Prev Bits: [0x000002caae250000, 0x000002caaea50000)
 Next Bits: [0x000002caaea50000, 0x000002caaf250000)

Polling page: 0x000002ca94660000

Metaspace:

Usage:
  Non-class:     59.28 MB capacity,    57.91 MB ( 98%) used,     1.14 MB (  2%) free+waste,   231.81 KB ( <1%) overhead. 
      Class:      9.49 MB capacity,     8.63 MB ( 91%) used,   764.44 KB (  8%) free+waste,   111.94 KB (  1%) overhead. 
       Both:     68.76 MB capacity,    66.54 MB ( 97%) used,     1.89 MB (  3%) free+waste,   343.75 KB ( <1%) overhead. 

Virtual space:
  Non-class space:       60.00 MB reserved,      59.52 MB (>99%) committed 
      Class space:      248.00 MB reserved,       9.57 MB (  4%) committed 
             Both:      308.00 MB reserved,      69.09 MB ( 22%) committed 

Chunk freelists:
   Non-Class:  3.00 KB
       Class:  12.00 KB
        Both:  15.00 KB

MaxMetaspaceSize: 256.00 MB
CompressedClassSpaceSize: 248.00 MB
Initial GC threshold: 20.80 MB
Current GC threshold: 112.86 MB
CDS: off

CodeHeap 'non-profiled nmethods': size=120000Kb used=3252Kb max_used=3252Kb free=116748Kb
 bounds [0x000002caa5fb0000, 0x000002caa62e0000, 0x000002caad4e0000]
CodeHeap 'profiled nmethods': size=120000Kb used=14536Kb max_used=14536Kb free=105463Kb
 bounds [0x000002ca9ea80000, 0x000002ca9f8c0000, 0x000002caa5fb0000]
CodeHeap 'non-nmethods': size=5760Kb used=2340Kb max_used=2364Kb free=3419Kb
 bounds [0x000002ca9e4e0000, 0x000002ca9e750000, 0x000002ca9ea80000]
 total_blobs=8054 nmethods=7200 adapters=766
 compilation: enabled
              stopped_count=0, restarted_count=0
 full_count=0

Compilation events (20 events):
Event: 18.631 Thread 0x000002cab2671000 7262       3       org.gradle.api.internal.file.pattern.GreedyPathMatcher::matches (61 bytes)
Event: 18.632 Thread 0x000002cab2671000 nmethod 7262 0x000002ca9f893710 code [0x000002ca9f893900, 0x000002ca9f893e48]
Event: 18.639 Thread 0x000002cab2671000 7267       3       org.gradle.internal.serialize.kryo.KryoBackedEncoder::writeBytes (11 bytes)
Event: 18.639 Thread 0x000002cab2671000 nmethod 7267 0x000002ca9f894090 code [0x000002ca9f894240, 0x000002ca9f894388]
Event: 18.639 Thread 0x000002cab2671000 7268       3       com.esotericsoftware.kryo.io.Output::writeBytes (90 bytes)
Event: 18.640 Thread 0x000002cab2671000 nmethod 7268 0x000002ca9f894490 code [0x000002ca9f8946a0, 0x000002ca9f894c48]
Event: 18.640 Thread 0x000002cab2671000 7269       3       com.google.common.cache.CacheBuilder$1::recordMisses (1 bytes)
Event: 18.640 Thread 0x000002cab2671000 nmethod 7269 0x000002ca9f894e10 code [0x000002ca9f894fc0, 0x000002ca9f8950b8]
Event: 18.648 Thread 0x000002cab2671000 7276       3       java.util.concurrent.locks.AbstractQueuedSynchronizer$ConditionObject::doSignal (43 bytes)
Event: 18.649 Thread 0x000002cab2671000 nmethod 7276 0x000002ca9f895190 code [0x000002ca9f895360, 0x000002ca9f8956a8]
Event: 18.663 Thread 0x000002cab2671000 7278       3       org.objectweb.asm.ClassReader::createLabel (21 bytes)
Event: 18.663 Thread 0x000002cab2671000 nmethod 7278 0x000002ca9f895810 code [0x000002ca9f895a00, 0x000002ca9f895e78]
Event: 18.669 Thread 0x000002cab2671000 7279       3       com.google.common.io.CountingOutputStream::write (22 bytes)
Event: 18.670 Thread 0x000002cab2671000 nmethod 7279 0x000002ca9f896090 code [0x000002ca9f896240, 0x000002ca9f896428]
Event: 18.673 Thread 0x000002cab2671000 7280       1       org.gradle.api.internal.tasks.compile.incremental.compilerapi.deps.DependentsSet$DependencyToAll::isDependencyToAll (2 bytes)
Event: 18.674 Thread 0x000002cab2671000 nmethod 7280 0x000002caa62db810 code [0x000002caa62db9c0, 0x000002caa62dba78]
Event: 18.725 Thread 0x000002cab2671000 7283 %     3       org.gradle.api.internal.tasks.compile.incremental.deps.ClassSetAnalysisData::getForwardDependencyView @ 86 (134 bytes)
Event: 18.727 Thread 0x000002cab2671000 nmethod 7283% 0x000002ca9f896510 code [0x000002ca9f8968e0, 0x000002ca9f8984b8]
Event: 18.727 Thread 0x000002cab2671000 7284       3       org.gradle.api.internal.tasks.compile.incremental.deps.ClassSetAnalysisData::getForwardDependencyView (134 bytes)
Event: 18.729 Thread 0x000002cab2671000 nmethod 7284 0x000002ca9f898c90 code [0x000002ca9f899060, 0x000002ca9f89ab78]

GC Heap History (20 events):
Event: 2.651 GC heap before
{Heap before GC invocations=1 (full 0):
 garbage-first heap   total 262144K, used 31793K [0x00000000e0000000, 0x0000000100000000)
  region size 1024K, 25 young (25600K), 3 survivors (3072K)
 Metaspace       used 11194K, capacity 11453K, committed 11520K, reserved 264192K
  class space    used 1144K, capacity 1243K, committed 1280K, reserved 253952K
}
Event: 2.654 GC heap after
{Heap after GC invocations=2 (full 0):
 garbage-first heap   total 262144K, used 9913K [0x00000000e0000000, 0x0000000100000000)
  region size 1024K, 1 young (1024K), 1 survivors (1024K)
 Metaspace       used 11194K, capacity 11453K, committed 11520K, reserved 264192K
  class space    used 1144K, capacity 1243K, committed 1280K, reserved 253952K
}
Event: 5.310 GC heap before
{Heap before GC invocations=2 (full 0):
 garbage-first heap   total 262144K, used 68281K [0x00000000e0000000, 0x0000000100000000)
  region size 1024K, 57 young (58368K), 1 survivors (1024K)
 Metaspace       used 18979K, capacity 19375K, committed 19584K, reserved 272384K
  class space    used 2264K, capacity 2376K, committed 2432K, reserved 253952K
}
Event: 5.316 GC heap after
{Heap after GC invocations=3 (full 0):
 garbage-first heap   total 262144K, used 16443K [0x00000000e0000000, 0x0000000100000000)
  region size 1024K, 8 young (8192K), 8 survivors (8192K)
 Metaspace       used 18979K, capacity 19375K, committed 19584K, reserved 272384K
  class space    used 2264K, capacity 2376K, committed 2432K, reserved 253952K
}
Event: 5.688 GC heap before
{Heap before GC invocations=3 (full 0):
 garbage-first heap   total 262144K, used 33851K [0x00000000e0000000, 0x0000000100000000)
  region size 1024K, 26 young (26624K), 8 survivors (8192K)
 Metaspace       used 20743K, capacity 21196K, committed 21296K, reserved 274432K
  class space    used 2521K, capacity 2685K, committed 2688K, reserved 253952K
}
Event: 5.695 GC heap after
{Heap after GC invocations=4 (full 0):
 garbage-first heap   total 262144K, used 17184K [0x00000000e0000000, 0x0000000100000000)
  region size 1024K, 1 young (1024K), 1 survivors (1024K)
 Metaspace       used 20743K, capacity 21196K, committed 21296K, reserved 274432K
  class space    used 2521K, capacity 2685K, committed 2688K, reserved 253952K
}
Event: 7.991 GC heap before
{Heap before GC invocations=5 (full 0):
 garbage-first heap   total 262144K, used 124704K [0x00000000e0000000, 0x0000000100000000)
  region size 1024K, 106 young (108544K), 1 survivors (1024K)
 Metaspace       used 31100K, capacity 31870K, committed 31996K, reserved 282624K
  class space    used 4130K, capacity 4404K, committed 4428K, reserved 253952K
}
Event: 7.997 GC heap after
{Heap after GC invocations=6 (full 0):
 garbage-first heap   total 262144K, used 20231K [0x00000000e0000000, 0x0000000100000000)
  region size 1024K, 4 young (4096K), 4 survivors (4096K)
 Metaspace       used 31100K, capacity 31870K, committed 31996K, reserved 282624K
  class space    used 4130K, capacity 4404K, committed 4428K, reserved 253952K
}
Event: 8.527 GC heap before
{Heap before GC invocations=6 (full 0):
 garbage-first heap   total 262144K, used 34567K [0x00000000e0000000, 0x0000000100000000)
  region size 1024K, 20 young (20480K), 4 survivors (4096K)
 Metaspace       used 35093K, capacity 35942K, committed 36048K, reserved 286720K
  class space    used 4521K, capacity 4868K, committed 4940K, reserved 253952K
}
Event: 8.539 GC heap after
{Heap after GC invocations=7 (full 0):
 garbage-first heap   total 262144K, used 22271K [0x00000000e0000000, 0x0000000100000000)
  region size 1024K, 6 young (6144K), 6 survivors (6144K)
 Metaspace       used 35093K, capacity 35942K, committed 36048K, reserved 286720K
  class space    used 4521K, capacity 4868K, committed 4940K, reserved 253952K
}
Event: 10.681 GC heap before
{Heap before GC invocations=8 (full 0):
 garbage-first heap   total 262144K, used 135935K [0x00000000e0000000, 0x0000000100000000)
  region size 1024K, 114 young (116736K), 6 survivors (6144K)
 Metaspace       used 44966K, capacity 46029K, committed 46160K, reserved 294912K
  class space    used 5683K, capacity 6067K, committed 6092K, reserved 253952K
}
Event: 10.693 GC heap after
{Heap after GC invocations=9 (full 0):
 garbage-first heap   total 262144K, used 29047K [0x00000000e0000000, 0x0000000100000000)
  region size 1024K, 13 young (13312K), 13 survivors (13312K)
 Metaspace       used 44966K, capacity 46029K, committed 46160K, reserved 294912K
  class space    used 5683K, capacity 6067K, committed 6092K, reserved 253952K
}
Event: 12.961 GC heap before
{Heap before GC invocations=9 (full 0):
 garbage-first heap   total 262144K, used 145783K [0x00000000e0000000, 0x0000000100000000)
  region size 1024K, 127 young (130048K), 13 survivors (13312K)
 Metaspace       used 53692K, capacity 55297K, committed 55376K, reserved 303104K
  class space    used 6989K, capacity 7574K, committed 7628K, reserved 253952K
}
Event: 12.979 GC heap after
{Heap after GC invocations=10 (full 0):
 garbage-first heap   total 262144K, used 35339K [0x00000000e0000000, 0x0000000100000000)
  region size 1024K, 14 young (14336K), 14 survivors (14336K)
 Metaspace       used 53692K, capacity 55297K, committed 55376K, reserved 303104K
  class space    used 6989K, capacity 7574K, committed 7628K, reserved 253952K
}
Event: 15.031 GC heap before
{Heap before GC invocations=10 (full 0):
 garbage-first heap   total 262144K, used 171531K [0x00000000e0000000, 0x0000000100000000)
  region size 1024K, 148 young (151552K), 14 survivors (14336K)
 Metaspace       used 57797K, capacity 59710K, committed 59984K, reserved 307200K
  class space    used 7585K, capacity 8324K, committed 8396K, reserved 253952K
}
Event: 15.063 GC heap after
{Heap after GC invocations=11 (full 0):
 garbage-first heap   total 262144K, used 51296K [0x00000000e0000000, 0x0000000100000000)
  region size 1024K, 19 young (19456K), 19 survivors (19456K)
 Metaspace       used 57797K, capacity 59710K, committed 59984K, reserved 307200K
  class space    used 7585K, capacity 8324K, committed 8396K, reserved 253952K
}
Event: 15.164 GC heap before
{Heap before GC invocations=11 (full 0):
 garbage-first heap   total 262144K, used 54368K [0x00000000e0000000, 0x0000000100000000)
  region size 1024K, 23 young (23552K), 19 survivors (19456K)
 Metaspace       used 58392K, capacity 60373K, committed 60508K, reserved 307200K
  class space    used 7671K, capacity 8440K, committed 8524K, reserved 253952K
}
Event: 15.202 GC heap after
{Heap after GC invocations=12 (full 0):
 garbage-first heap   total 262144K, used 54698K [0x00000000e0000000, 0x0000000100000000)
  region size 1024K, 3 young (3072K), 3 survivors (3072K)
 Metaspace       used 58392K, capacity 60373K, committed 60508K, reserved 307200K
  class space    used 7671K, capacity 8440K, committed 8524K, reserved 253952K
}
Event: 18.147 GC heap before
{Heap before GC invocations=13 (full 0):
 garbage-first heap   total 262144K, used 133546K [0x00000000e0000000, 0x0000000100000000)
  region size 1024K, 81 young (82944K), 3 survivors (3072K)
 Metaspace       used 66512K, capacity 68774K, committed 68956K, reserved 315392K
  class space    used 8649K, capacity 9512K, committed 9548K, reserved 253952K
}
Event: 18.183 GC heap after
{Heap after GC invocations=14 (full 0):
 garbage-first heap   total 262144K, used 67369K [0x00000000e0000000, 0x0000000100000000)
  region size 1024K, 11 young (11264K), 11 survivors (11264K)
 Metaspace       used 66512K, capacity 68774K, committed 68956K, reserved 315392K
  class space    used 8649K, capacity 9512K, committed 9548K, reserved 253952K
}

Deoptimization events (20 events):
Event: 18.282 Thread 0x000002cab8ec7800 Uncommon trap: trap_request=0xffffff4d fr.pc=0x000002caa5ff0fc0 relative=0x00000000000001e0
Event: 18.282 Thread 0x000002cab8ec7800 Uncommon trap: reason=unstable_if action=reinterpret pc=0x000002caa5ff0fc0 method=java.util.HashMap.hash(Ljava/lang/Object;)I @ 1 c2
Event: 18.282 Thread 0x000002cab8ec7800 DEOPT PACKING pc=0x000002caa5ff0fc0 sp=0x000000e7d59f8e80
Event: 18.282 Thread 0x000002cab8ec7800 DEOPT UNPACKING pc=0x000002ca9e52a1af sp=0x000000e7d59f8d50 mode 2
Event: 18.628 Thread 0x000002cab8ec7800 Uncommon trap: trap_request=0xffffffde fr.pc=0x000002caa6292160 relative=0x0000000000000540
Event: 18.628 Thread 0x000002cab8ec7800 Uncommon trap: reason=class_check action=maybe_recompile pc=0x000002caa6292160 method=java.nio.file.FileTreeWalker.next()Ljava/nio/file/FileTreeWalker$Event; @ 37 c2
Event: 18.628 Thread 0x000002cab8ec7800 DEOPT PACKING pc=0x000002caa6292160 sp=0x000000e7d59f9b40
Event: 18.628 Thread 0x000002cab8ec7800 DEOPT UNPACKING pc=0x000002ca9e52a1af sp=0x000000e7d59f9ae8 mode 2
Event: 18.629 Thread 0x000002cab8ec7800 Uncommon trap: trap_request=0xffffffde fr.pc=0x000002caa6292160 relative=0x0000000000000540
Event: 18.629 Thread 0x000002cab8ec7800 Uncommon trap: reason=class_check action=maybe_recompile pc=0x000002caa6292160 method=java.nio.file.FileTreeWalker.next()Ljava/nio/file/FileTreeWalker$Event; @ 37 c2
Event: 18.629 Thread 0x000002cab8ec7800 DEOPT PACKING pc=0x000002caa6292160 sp=0x000000e7d59f9b40
Event: 18.629 Thread 0x000002cab8ec7800 DEOPT UNPACKING pc=0x000002ca9e52a1af sp=0x000000e7d59f9ae8 mode 2
Event: 18.630 Thread 0x000002cab8ec7800 Uncommon trap: trap_request=0xffffffde fr.pc=0x000002caa6292160 relative=0x0000000000000540
Event: 18.630 Thread 0x000002cab8ec7800 Uncommon trap: reason=class_check action=maybe_recompile pc=0x000002caa6292160 method=java.nio.file.FileTreeWalker.next()Ljava/nio/file/FileTreeWalker$Event; @ 37 c2
Event: 18.630 Thread 0x000002cab8ec7800 DEOPT PACKING pc=0x000002caa6292160 sp=0x000000e7d59f9b40
Event: 18.630 Thread 0x000002cab8ec7800 DEOPT UNPACKING pc=0x000002ca9e52a1af sp=0x000000e7d59f9ae8 mode 2
Event: 18.631 Thread 0x000002cab8ec7800 Uncommon trap: trap_request=0xffffffde fr.pc=0x000002caa6292160 relative=0x0000000000000540
Event: 18.631 Thread 0x000002cab8ec7800 Uncommon trap: reason=class_check action=maybe_recompile pc=0x000002caa6292160 method=java.nio.file.FileTreeWalker.next()Ljava/nio/file/FileTreeWalker$Event; @ 37 c2
Event: 18.631 Thread 0x000002cab8ec7800 DEOPT PACKING pc=0x000002caa6292160 sp=0x000000e7d59f9b40
Event: 18.631 Thread 0x000002cab8ec7800 DEOPT UNPACKING pc=0x000002ca9e52a1af sp=0x000000e7d59f9ae8 mode 2

Classes redefined (0 events):
No events

Internal exceptions (20 events):
Event: 17.471 Thread 0x000002cab8ec7800 Exception <a 'sun/nio/fs/WindowsException'{0x00000000eccef7c0}> (0x00000000eccef7c0) thrown at [./src/hotspot/share/prims/jni.cpp, line 617]
Event: 17.471 Thread 0x000002cab8ec7800 Exception <a 'sun/nio/fs/WindowsException'{0x00000000eccefa48}> (0x00000000eccefa48) thrown at [./src/hotspot/share/prims/jni.cpp, line 617]
Event: 17.476 Thread 0x000002cab8ec7800 Exception <a 'sun/nio/fs/WindowsException'{0x00000000ecb31348}> (0x00000000ecb31348) thrown at [./src/hotspot/share/prims/jni.cpp, line 617]
Event: 17.476 Thread 0x000002cab8ec7800 Exception <a 'sun/nio/fs/WindowsException'{0x00000000ecb315b8}> (0x00000000ecb315b8) thrown at [./src/hotspot/share/prims/jni.cpp, line 617]
Event: 17.480 Thread 0x000002cab8ec7800 Exception <a 'sun/nio/fs/WindowsException'{0x00000000ecb3eb40}> (0x00000000ecb3eb40) thrown at [./src/hotspot/share/prims/jni.cpp, line 617]
Event: 17.491 Thread 0x000002cab8ec7800 Exception <a 'sun/nio/fs/WindowsException'{0x00000000ecb53ee0}> (0x00000000ecb53ee0) thrown at [./src/hotspot/share/prims/jni.cpp, line 617]
Event: 17.499 Thread 0x000002cab8ec7800 Exception <a 'sun/nio/fs/WindowsException'{0x00000000ecb610e0}> (0x00000000ecb610e0) thrown at [./src/hotspot/share/prims/jni.cpp, line 617]
Event: 17.499 Thread 0x000002cab8ec7800 Exception <a 'sun/nio/fs/WindowsException'{0x00000000ecb61300}> (0x00000000ecb61300) thrown at [./src/hotspot/share/prims/jni.cpp, line 617]
Event: 17.506 Thread 0x000002cab8ec7800 Exception <a 'sun/nio/fs/WindowsException'{0x00000000ecbd62f0}> (0x00000000ecbd62f0) thrown at [./src/hotspot/share/prims/jni.cpp, line 617]
Event: 17.506 Thread 0x000002cab8ec7800 Exception <a 'sun/nio/fs/WindowsException'{0x00000000ecbd6500}> (0x00000000ecbd6500) thrown at [./src/hotspot/share/prims/jni.cpp, line 617]
Event: 17.507 Thread 0x000002cab8ec7800 Exception <a 'sun/nio/fs/WindowsException'{0x00000000ecbda478}> (0x00000000ecbda478) thrown at [./src/hotspot/share/prims/jni.cpp, line 617]
Event: 17.507 Thread 0x000002cab8ec7800 Exception <a 'sun/nio/fs/WindowsException'{0x00000000ecbda6d0}> (0x00000000ecbda6d0) thrown at [./src/hotspot/share/prims/jni.cpp, line 617]
Event: 17.509 Thread 0x000002cab8ec7800 Exception <a 'sun/nio/fs/WindowsException'{0x00000000ecbeee38}> (0x00000000ecbeee38) thrown at [./src/hotspot/share/prims/jni.cpp, line 617]
Event: 17.509 Thread 0x000002cab8ec7800 Exception <a 'sun/nio/fs/WindowsException'{0x00000000ecbef0c8}> (0x00000000ecbef0c8) thrown at [./src/hotspot/share/prims/jni.cpp, line 617]
Event: 18.222 Thread 0x000002cab8ec7800 Implicit null exception at 0x000002caa62c609d to 0x000002caa62c6c38
Event: 18.282 Thread 0x000002cab8ec7800 Implicit null exception at 0x000002caa5ff0e3d to 0x000002caa5ff0fa8
Event: 18.382 Thread 0x000002cab8ec7800 Exception <a 'sun/nio/fs/WindowsException'{0x00000000efbd9d80}> (0x00000000efbd9d80) thrown at [./src/hotspot/share/prims/jni.cpp, line 617]
Event: 18.384 Thread 0x000002cab8ec7800 Exception <a 'sun/nio/fs/WindowsException'{0x00000000efbefd90}> (0x00000000efbefd90) thrown at [./src/hotspot/share/prims/jni.cpp, line 617]
Event: 18.385 Thread 0x000002cab8ec7800 Exception <a 'sun/nio/fs/WindowsException'{0x00000000efbf4d30}> (0x00000000efbf4d30) thrown at [./src/hotspot/share/prims/jni.cpp, line 617]
Event: 18.385 Thread 0x000002cab8ec7800 Exception <a 'sun/nio/fs/WindowsException'{0x00000000efbf5eb8}> (0x00000000efbf5eb8) thrown at [./src/hotspot/share/prims/jni.cpp, line 617]

Events (20 events):
Event: 18.664 loading class it/unimi/dsi/fastutil/ints/IntListIterator
Event: 18.664 loading class it/unimi/dsi/fastutil/ints/IntListIterator done
Event: 18.665 loading class org/gradle/api/GradleException
Event: 18.665 loading class org/gradle/api/GradleException done
Event: 18.665 loading class org/gradle/api/GradleException
Event: 18.665 loading class org/gradle/api/GradleException done
Event: 18.665 loading class it/unimi/dsi/fastutil/ints/IntList
Event: 18.665 loading class it/unimi/dsi/fastutil/ints/IntList done
Event: 18.666 loading class org/gradle/api/internal/tasks/compile/incremental/compilerapi/constants/ConstantToDependentsMappingMerger
Event: 18.666 loading class org/gradle/api/internal/tasks/compile/incremental/compilerapi/constants/ConstantToDependentsMappingMerger done
Event: 18.667 loading class it/unimi/dsi/fastutil/ints/IntIterators$EmptyIterator
Event: 18.667 loading class it/unimi/dsi/fastutil/ints/IntIterators$EmptyIterator done
Event: 18.668 loading class org/gradle/api/internal/tasks/compile/incremental/compilerapi/constants/ConstantToDependentsMapping
Event: 18.668 loading class org/gradle/api/internal/tasks/compile/incremental/compilerapi/constants/ConstantToDependentsMapping done
Event: 18.668 loading class org/gradle/api/internal/tasks/compile/incremental/compilerapi/constants/ConstantToDependentsMapping
Event: 18.668 loading class org/gradle/api/internal/tasks/compile/incremental/compilerapi/constants/ConstantToDependentsMapping done
Event: 18.668 loading class org/gradle/api/internal/tasks/compile/incremental/compilerapi/constants/ConstantToDependentsMapping
Event: 18.668 loading class org/gradle/api/internal/tasks/compile/incremental/compilerapi/constants/ConstantToDependentsMapping done
Event: 18.668 loading class org/gradle/api/internal/tasks/compile/incremental/compilerapi/constants/ConstantToDependentsMapping
Event: 18.668 loading class org/gradle/api/internal/tasks/compile/incremental/compilerapi/constants/ConstantToDependentsMapping done


Dynamic libraries:
0x00007ff61ecd0000 - 0x00007ff61ecdd000 	C:\Program Files\Eclipse Adoptium\jdk-11.0.15.10-hotspot\bin\java.exe
0x00007ffd0d2c0000 - 0x00007ffd0d4c9000 	C:\WINDOWS\SYSTEM32\ntdll.dll
0x00007ffd0c4f0000 - 0x00007ffd0c5ae000 	C:\WINDOWS\System32\KERNEL32.DLL
0x00007ffd0a810000 - 0x00007ffd0ab8b000 	C:\WINDOWS\System32\KERNELBASE.dll
0x00007ffd0ad00000 - 0x00007ffd0ae11000 	C:\WINDOWS\System32\ucrtbase.dll
0x00007ffcf4130000 - 0x00007ffcf4145000 	C:\Program Files\Eclipse Adoptium\jdk-11.0.15.10-hotspot\bin\VCRUNTIME140.dll
0x00007ffcf3f50000 - 0x00007ffcf3f67000 	C:\Program Files\Eclipse Adoptium\jdk-11.0.15.10-hotspot\bin\jli.dll
0x00007ffd0ce80000 - 0x00007ffd0d02d000 	C:\WINDOWS\System32\USER32.dll
0x00007ffd0b110000 - 0x00007ffd0b136000 	C:\WINDOWS\System32\win32u.dll
0x00007ffd0d250000 - 0x00007ffd0d279000 	C:\WINDOWS\System32\GDI32.dll
0x00007ffd0af30000 - 0x00007ffd0b048000 	C:\WINDOWS\System32\gdi32full.dll
0x00007ffd0ae90000 - 0x00007ffd0af2d000 	C:\WINDOWS\System32\msvcp_win.dll
0x00007ffceab00000 - 0x00007ffceada5000 	C:\WINDOWS\WinSxS\amd64_microsoft.windows.common-controls_6595b64144ccf1df_6.0.22000.120_none_9d947278b86cc467\COMCTL32.dll
0x00007ffd0c5c0000 - 0x00007ffd0c663000 	C:\WINDOWS\System32\msvcrt.dll
0x00007ffd0bbd0000 - 0x00007ffd0bc02000 	C:\WINDOWS\System32\IMM32.DLL
0x00007ffceba30000 - 0x00007ffcebacb000 	C:\Program Files\Eclipse Adoptium\jdk-11.0.15.10-hotspot\bin\msvcp140.dll
0x00007ffc997b0000 - 0x00007ffc9a331000 	C:\Program Files\Eclipse Adoptium\jdk-11.0.15.10-hotspot\bin\server\jvm.dll
0x00007ffd0d030000 - 0x00007ffd0d0de000 	C:\WINDOWS\System32\ADVAPI32.dll
0x00007ffd0bc10000 - 0x00007ffd0bcae000 	C:\WINDOWS\System32\sechost.dll
0x00007ffd0b300000 - 0x00007ffd0b420000 	C:\WINDOWS\System32\RPCRT4.dll
0x00007ffd0ce70000 - 0x00007ffd0ce78000 	C:\WINDOWS\System32\PSAPI.DLL
0x00007ffd04e10000 - 0x00007ffd04e19000 	C:\WINDOWS\SYSTEM32\WSOCK32.dll
0x00007ffd07540000 - 0x00007ffd07573000 	C:\WINDOWS\SYSTEM32\WINMM.dll
0x00007ffd0ccd0000 - 0x00007ffd0cd3f000 	C:\WINDOWS\System32\WS2_32.dll
0x00007ffd01ff0000 - 0x00007ffd01ffa000 	C:\WINDOWS\SYSTEM32\VERSION.dll
0x00007ffd097e0000 - 0x00007ffd097f8000 	C:\WINDOWS\SYSTEM32\kernel.appcore.dll
0x00007ffd00ec0000 - 0x00007ffd00ed0000 	C:\Program Files\Eclipse Adoptium\jdk-11.0.15.10-hotspot\bin\verify.dll
0x00007ffd07ef0000 - 0x00007ffd08111000 	C:\WINDOWS\SYSTEM32\DBGHELP.DLL
0x00007ffd012a0000 - 0x00007ffd012d1000 	C:\WINDOWS\SYSTEM32\dbgcore.DLL
0x00007ffd0a790000 - 0x00007ffd0a80f000 	C:\WINDOWS\System32\bcryptPrimitives.dll
0x00007ffcec1a0000 - 0x00007ffcec1c8000 	C:\Program Files\Eclipse Adoptium\jdk-11.0.15.10-hotspot\bin\java.dll
0x00007ffcf87b0000 - 0x00007ffcf87ba000 	C:\Program Files\Eclipse Adoptium\jdk-11.0.15.10-hotspot\bin\jimage.dll
0x00007ffceba10000 - 0x00007ffceba28000 	C:\Program Files\Eclipse Adoptium\jdk-11.0.15.10-hotspot\bin\zip.dll
0x00007ffd0bd30000 - 0x00007ffd0c4e7000 	C:\WINDOWS\System32\SHELL32.dll
0x00007ffd08840000 - 0x00007ffd090a5000 	C:\WINDOWS\SYSTEM32\windows.storage.dll
0x00007ffd0c760000 - 0x00007ffd0cad8000 	C:\WINDOWS\System32\combase.dll
0x00007ffd086d0000 - 0x00007ffd08836000 	C:\WINDOWS\SYSTEM32\wintypes.dll
0x00007ffd0b490000 - 0x00007ffd0b57a000 	C:\WINDOWS\System32\SHCORE.dll
0x00007ffd0caf0000 - 0x00007ffd0cb4d000 	C:\WINDOWS\System32\shlwapi.dll
0x00007ffd0a6c0000 - 0x00007ffd0a6e1000 	C:\WINDOWS\SYSTEM32\profapi.dll
0x00007ffceb9f0000 - 0x00007ffceba09000 	C:\Program Files\Eclipse Adoptium\jdk-11.0.15.10-hotspot\bin\net.dll
0x00007ffd03f10000 - 0x00007ffd04024000 	C:\WINDOWS\SYSTEM32\WINHTTP.dll
0x00007ffd09cb0000 - 0x00007ffd09d17000 	C:\WINDOWS\system32\mswsock.dll
0x00007ffce9e00000 - 0x00007ffce9e13000 	C:\Program Files\Eclipse Adoptium\jdk-11.0.15.10-hotspot\bin\nio.dll
0x00007ffcec080000 - 0x00007ffcec0a7000 	C:\Users\79818\.gradle\native\e1d6ef7f7dcc3fd88c89a11ec53ec762bb8ba0a96d01ffa2cd45eb1d1d8dd5c5\windows-amd64\native-platform.dll
0x00007ffcd0340000 - 0x00007ffcd0484000 	C:\Users\79818\.gradle\native\0d407fdbe67a94daf76414ababcb853783967236a71b16ec16e742cd7a986fd3\windows-amd64\native-platform-file-events.dll
0x00007ffcf6570000 - 0x00007ffcf6579000 	C:\Program Files\Eclipse Adoptium\jdk-11.0.15.10-hotspot\bin\management.dll
0x00007ffcf4300000 - 0x00007ffcf430b000 	C:\Program Files\Eclipse Adoptium\jdk-11.0.15.10-hotspot\bin\management_ext.dll
0x00007ffd09f00000 - 0x00007ffd09f18000 	C:\WINDOWS\SYSTEM32\CRYPTSP.dll
0x00007ffd09740000 - 0x00007ffd09775000 	C:\WINDOWS\system32\rsaenh.dll
0x00007ffd09da0000 - 0x00007ffd09dc9000 	C:\WINDOWS\SYSTEM32\USERENV.dll
0x00007ffd0a080000 - 0x00007ffd0a0a7000 	C:\WINDOWS\SYSTEM32\bcrypt.dll
0x00007ffd09ef0000 - 0x00007ffd09efc000 	C:\WINDOWS\SYSTEM32\CRYPTBASE.dll
0x00007ffd09300000 - 0x00007ffd0932d000 	C:\WINDOWS\SYSTEM32\IPHLPAPI.DLL
0x00007ffd0cae0000 - 0x00007ffd0cae9000 	C:\WINDOWS\System32\NSI.dll
0x00007ffd04200000 - 0x00007ffd04219000 	C:\WINDOWS\SYSTEM32\dhcpcsvc6.DLL
0x00007ffd04410000 - 0x00007ffd0442e000 	C:\WINDOWS\SYSTEM32\dhcpcsvc.DLL
0x00007ffd09330000 - 0x00007ffd09418000 	C:\WINDOWS\SYSTEM32\DNSAPI.dll

dbghelp: loaded successfully - version: 4.0.5 - missing functions: none
symbol engine: initialized successfully - sym options: 0x614 - pdb path: .;C:\Program Files\Eclipse Adoptium\jdk-11.0.15.10-hotspot\bin;C:\WINDOWS\SYSTEM32;C:\WINDOWS\WinSxS\amd64_microsoft.windows.common-controls_6595b64144ccf1df_6.0.22000.120_none_9d947278b86cc467;C:\Program Files\Eclipse Adoptium\jdk-11.0.15.10-hotspot\bin\server;C:\Users\79818\.gradle\native\e1d6ef7f7dcc3fd88c89a11ec53ec762bb8ba0a96d01ffa2cd45eb1d1d8dd5c5\windows-amd64;C:\Users\79818\.gradle\native\0d407fdbe67a94daf76414ababcb853783967236a71b16ec16e742cd7a986fd3\windows-amd64

VM Arguments:
jvm_args: --add-opens=java.base/java.util=ALL-UNNAMED --add-opens=java.base/java.lang=ALL-UNNAMED --add-opens=java.base/java.lang.invoke=ALL-UNNAMED --add-opens=java.base/java.util=ALL-UNNAMED --add-opens=java.prefs/java.util.prefs=ALL-UNNAMED --add-opens=java.prefs/java.util.prefs=ALL-UNNAMED --add-opens=java.base/java.nio.charset=ALL-UNNAMED --add-opens=java.base/java.net=ALL-UNNAMED --add-opens=java.base/java.util.concurrent.atomic=ALL-UNNAMED -XX:MaxMetaspaceSize=256m -XX:+HeapDumpOnOutOfMemoryError -Xms256m -Xmx512m -Dfile.encoding=windows-1251 -Duser.country=RU -Duser.language=ru -Duser.variant 
java_command: org.gradle.launcher.daemon.bootstrap.GradleDaemon 7.4
java_class_path (initial): C:\Users\79818\.gradle\wrapper\dists\gradle-7.4-bin\c0gwcg53nkjbqw7r0h0umtfvt\gradle-7.4\lib\gradle-launcher-7.4.jar
Launcher Type: SUN_STANDARD

[Global flags]
     intx CICompilerCount                          = 4                                         {product} {ergonomic}
   size_t CompressedClassSpaceSize                 = 260046848                                 {product} {ergonomic}
     uint ConcGCThreads                            = 2                                         {product} {ergonomic}
     uint G1ConcRefinementThreads                  = 8                                         {product} {ergonomic}
   size_t G1HeapRegionSize                         = 1048576                                   {product} {ergonomic}
    uintx GCDrainStackTargetSize                   = 64                                        {product} {ergonomic}
     bool HeapDumpOnOutOfMemoryError               = true                                   {manageable} {command line}
   size_t InitialHeapSize                          = 268435456                                 {product} {command line}
   size_t MarkStackSize                            = 4194304                                   {product} {ergonomic}
   size_t MaxHeapSize                              = 536870912                                 {product} {command line}
   size_t MaxMetaspaceSize                         = 268435456                                 {product} {command line}
   size_t MaxNewSize                               = 321912832                                 {product} {ergonomic}
   size_t MinHeapDeltaBytes                        = 1048576                                   {product} {ergonomic}
    uintx NonNMethodCodeHeapSize                   = 5836300                                {pd product} {ergonomic}
    uintx NonProfiledCodeHeapSize                  = 122910970                              {pd product} {ergonomic}
    uintx ProfiledCodeHeapSize                     = 122910970                              {pd product} {ergonomic}
    uintx ReservedCodeCacheSize                    = 251658240                              {pd product} {ergonomic}
     bool SegmentedCodeCache                       = true                                      {product} {ergonomic}
     bool UseCompressedClassPointers               = true                                 {lp64_product} {ergonomic}
     bool UseCompressedOops                        = true                                 {lp64_product} {ergonomic}
     bool UseG1GC                                  = true                                      {product} {ergonomic}
     bool UseLargePagesIndividualAllocation        = false                                  {pd product} {ergonomic}

Logging:
Log output configuration:
 #0: stdout all=warning uptime,level,tags
 #1: stderr all=off uptime,level,tags

Environment Variables:
PATH=C:\Program Files (x86)\Eclipse Adoptium\jdk-11.0.15.10-hotspot\bin;C:\Program Files\Common Files\Oracle\Java\javapath;C:\Program Files (x86)\Common Files\Oracle\Java\javapath;C:\Program Files\Eclipse Adoptium\jdk-11.0.15.10-hotspot\bin;C:\WINDOWS\system32;C:\WINDOWS;C:\WINDOWS\System32\Wbem;C:\WINDOWS\System32\WindowsPowerShell\v1.0\;C:\WINDOWS\System32\OpenSSH\;C:\Program Files\Git\cmd;C:\Program Files\Docker\Docker\resources\bin;C:\Program Files\nodejs\;C:\Users\79818\AppData\Local\Microsoft\WindowsApps;;C:\Users\79818\AppData\Local\Programs\Microsoft VS Code\bin;C:\Users\79818\AppData\Roaming\npm
USERNAME=79818
OS=Windows_NT
PROCESSOR_IDENTIFIER=AMD64 Family 23 Model 24 Stepping 1, AuthenticAMD



---------------  S Y S T E M  ---------------

OS: Windows 11 , 64 bit Build 22000 (10.0.22000.1335)
OS uptime: 9 days 21:08 hours
Hyper-V role detected

CPU:total 8 (initial active 8) (8 cores per cpu, 2 threads per core) family 23 model 24 stepping 1 microcode 0x0, cmov, cx8, fxsr, mmx, sse, sse2, sse3, ssse3, sse4.1, sse4.2, popcnt, avx, avx2, aes, clmul, mmxext, 3dnowpref, lzcnt, sse4a, ht, tsc, tscinvbit, tscinv, bmi1, bmi2, adx, sha, fma

Memory: 4k page, system-wide physical 7103M (310M free)
TotalPageFile size 25389M (AvailPageFile size 5M)
current process WorkingSet (physical memory assigned to process): 419M, peak: 421M
current process commit charge ("private bytes"): 495M, peak: 497M

vm_info: OpenJDK 64-Bit Server VM (11.0.15+10) for windows-amd64 JRE (11.0.15+10), built on Apr 19 2022 22:29:44 by "" with unknown MS VC++:1916

END.
